2024-12-01 22:15:22,054 [INFO] Activator:176 - 


2024-12-01 22:15:22,058 [INFO] Activator:177 - !SESSION log4j initialized
2024-12-01 22:15:29,677 [INFO] LogOutputStream:77 - [STDOUT_REDIRECT] 
2024-12-01 22:15:48,744 [ERROR] ConfigurationRetriever:142 - IOException on connection: Read timed out
2024-12-01 22:15:54,275 [INFO] ApplicationProperties:184 - Using Application install path: C:\ST\STM32CubeIDE_1.17.0\STM32CubeIDE\plugins\com.st.stm32cube.common.mx_6.13.0.202411220809
2024-12-01 22:15:54,343 [INFO] DbMcusXml:78 - Set database path to: C:\ST\STM32CubeIDE_1.17.0\STM32CubeIDE\plugins\com.st.stm32cube.common.mx_6.13.0.202411220809\\db\/mcu/
2024-12-01 22:15:54,344 [INFO] ApiDb:274 - Set plugin database path to: C:\ST\STM32CubeIDE_1.17.0\STM32CubeIDE\plugins\com.st.stm32cube.common.mx_6.13.0.202411220809\\db\/plugins/boardmanager/
2024-12-01 22:15:54,352 [WARN] ApiDb:259 - Overriding images path with different value:  => C:\ST\STM32CubeIDE_1.17.0\STM32CubeIDE\plugins\com.st.stm32cube.common.mx_6.13.0.202411220809\\db\/plugins/mcufinder/images/
2024-12-01 22:15:54,437 [INFO] ApiDb:250 - Set database path to: C:\Users\Ziad_Fathy\.stmcufinder\plugins\mcufinder//mcu/
2024-12-01 22:15:54,442 [INFO] DbMcusAds:125 - Set database path to: C:\Users\Ziad_Fathy\.stmcufinder\plugins\mcufinder//mcu/
2024-12-01 22:15:54,459 [INFO] CrossReferenceDbSqlite:203 - Set database path to: C:\Users\Ziad_Fathy\.stmcufinder\plugins\mcufinder//mcu/cs/
2024-12-01 22:15:55,124 [INFO] RulesReader:64 - Compatibility file has been processed (297 Rules)
2024-12-01 22:15:55,712 [INFO] DbMcusXml:78 - Set database path to: C:\ST\STM32CubeIDE_1.17.0\STM32CubeIDE\plugins\com.st.stm32cube.common.mx_6.13.0.202411220809\\db\/mcu/
2024-12-01 22:15:55,712 [INFO] ApiDb:274 - Set plugin database path to: C:\ST\STM32CubeIDE_1.17.0\STM32CubeIDE\plugins\com.st.stm32cube.common.mx_6.13.0.202411220809\\db\/plugins/boardmanager/
2024-12-01 22:15:55,712 [INFO] ApiDb:261 - Set plugin images path to: C:\ST\STM32CubeIDE_1.17.0\STM32CubeIDE\plugins\com.st.stm32cube.common.mx_6.13.0.202411220809\\db\/plugins/mcufinder/images/
2024-12-01 22:15:55,713 [WARN] DbFile:41 - Overriding database path with different value: C:\Users\Ziad_Fathy\.stmcufinder\plugins\mcufinder/ => C:\Users\Ziad_Fathy\.stmcufinder\plugins\mcufinder
2024-12-01 22:15:55,713 [INFO] ApiDb:250 - Set database path to: C:\Users\Ziad_Fathy\.stmcufinder\plugins\mcufinder//mcu/
2024-12-01 22:15:55,713 [WARN] DbFile:41 - Overriding database path with different value: C:\Users\Ziad_Fathy\.stmcufinder\plugins\mcufinder/ => C:\Users\Ziad_Fathy\.stmcufinder\plugins\mcufinder
2024-12-01 22:15:55,714 [INFO] DbMcusAds:125 - Set database path to: C:\Users\Ziad_Fathy\.stmcufinder\plugins\mcufinder//mcu/
2024-12-01 22:15:55,715 [WARN] DbFile:41 - Overriding database path with different value: C:\Users\Ziad_Fathy\.stmcufinder\plugins\mcufinder/ => C:\Users\Ziad_Fathy\.stmcufinder\plugins\mcufinder
2024-12-01 22:15:55,716 [WARN] DbFile:41 - Overriding database path with different value: C:\Users\Ziad_Fathy\.stmcufinder\plugins\mcufinder/ => C:\Users\Ziad_Fathy\.stmcufinder\plugins\mcufinder
2024-12-01 22:15:55,716 [INFO] CrossReferenceDbSqlite:203 - Set database path to: C:\Users\Ziad_Fathy\.stmcufinder\plugins\mcufinder//mcu/cs/
2024-12-01 22:15:55,893 [INFO] MainPanel:272 - HeapMemory: 268435456
2024-12-01 22:15:56,173 [INFO] DbMcusXml:78 - Set database path to: C:\ST\STM32CubeIDE_1.17.0\STM32CubeIDE\plugins\com.st.stm32cube.common.mx_6.13.0.202411220809\\db\/mcu/
2024-12-01 22:15:56,174 [INFO] ApiDb:274 - Set plugin database path to: C:\ST\STM32CubeIDE_1.17.0\STM32CubeIDE\plugins\com.st.stm32cube.common.mx_6.13.0.202411220809\\db\/plugins/boardmanager/
2024-12-01 22:15:56,174 [INFO] ApiDb:261 - Set plugin images path to: C:\ST\STM32CubeIDE_1.17.0\STM32CubeIDE\plugins\com.st.stm32cube.common.mx_6.13.0.202411220809\\db\/plugins/mcufinder/images/
2024-12-01 22:15:56,174 [WARN] DbFile:41 - Overriding database path with different value: C:\Users\Ziad_Fathy\.stmcufinder\plugins\mcufinder/ => C:\Users\Ziad_Fathy\.stmcufinder\plugins\mcufinder
2024-12-01 22:15:56,175 [INFO] ApiDb:250 - Set database path to: C:\Users\Ziad_Fathy\.stmcufinder\plugins\mcufinder//mcu/
2024-12-01 22:15:56,175 [WARN] DbFile:41 - Overriding database path with different value: C:\Users\Ziad_Fathy\.stmcufinder\plugins\mcufinder/ => C:\Users\Ziad_Fathy\.stmcufinder\plugins\mcufinder
2024-12-01 22:15:56,175 [INFO] DbMcusAds:125 - Set database path to: C:\Users\Ziad_Fathy\.stmcufinder\plugins\mcufinder//mcu/
2024-12-01 22:15:56,175 [WARN] DbFile:41 - Overriding database path with different value: C:\Users\Ziad_Fathy\.stmcufinder\plugins\mcufinder/ => C:\Users\Ziad_Fathy\.stmcufinder\plugins\mcufinder
2024-12-01 22:15:56,175 [WARN] DbFile:41 - Overriding database path with different value: C:\Users\Ziad_Fathy\.stmcufinder\plugins\mcufinder/ => C:\Users\Ziad_Fathy\.stmcufinder\plugins\mcufinder
2024-12-01 22:15:56,176 [INFO] CrossReferenceDbSqlite:203 - Set database path to: C:\Users\Ziad_Fathy\.stmcufinder\plugins\mcufinder//mcu/cs/
2024-12-01 22:15:56,210 [INFO] ApplicationProperties:184 - Using Application install path: C:\ST\STM32CubeIDE_1.17.0\STM32CubeIDE\plugins\com.st.stm32cube.common.mx_6.13.0.202411220809
2024-12-01 22:15:56,212 [INFO] PluginManage:196 - Search for loadable plugins [exclusion list=, ]
2024-12-01 22:15:56,216 [INFO] PluginManage:310 - Check plugin analytics
2024-12-01 22:16:12,131 [INFO] AnalyticsPlugin:253 - Accepted Software Licenses: STM32CubeMX.6.12.1
2024-12-01 22:16:12,132 [INFO] AnalyticsPlugin:255 - Accepted CMSIS Pack Licenses: 
2024-12-01 22:16:12,134 [INFO] AnalyticsPlugin:257 - Accepted Firmware Licenses: FW.F4.1.28.0
2024-12-01 22:16:12,139 [INFO] PluginManage:359 - Loaded plugin analytics (category:tool,tabindex:-1)
2024-12-01 22:16:12,141 [INFO] PluginManage:310 - Check plugin cadmodel
2024-12-01 22:16:12,153 [INFO] CADModel:105 - Init CAD model plugin
2024-12-01 22:16:12,154 [INFO] PluginManage:359 - Loaded plugin cadmodel (category:power,tabindex:5)
2024-12-01 22:16:12,154 [INFO] PluginManage:310 - Check plugin clock
2024-12-01 22:16:12,173 [INFO] PluginManage:359 - Loaded plugin clock (category:base,tabindex:2)
2024-12-01 22:16:12,173 [INFO] PluginManage:310 - Check plugin ddr
2024-12-01 22:16:12,178 [INFO] PluginManage:359 - Loaded plugin ddr (category:tool,tabindex:6)
2024-12-01 22:16:12,178 [INFO] PluginManage:310 - Check plugin filemanager
2024-12-01 22:16:12,602 [INFO] PluginManage:359 - Loaded plugin filemanager (category:base,tabindex:10)
2024-12-01 22:16:12,602 [INFO] PluginManage:310 - Check plugin ipmanager
2024-12-01 22:16:12,616 [INFO] PluginManage:359 - Loaded plugin ipmanager (category:base,tabindex:5)
2024-12-01 22:16:12,616 [INFO] PluginManage:310 - Check plugin lpbam
2024-12-01 22:16:12,633 [INFO] PluginManage:359 - Loaded plugin lpbam (category:base,tabindex:0)
2024-12-01 22:16:12,634 [INFO] PluginManage:310 - Check plugin memorymap
2024-12-01 22:16:12,659 [INFO] PluginManage:359 - Loaded plugin memorymap (category:base,tabindex:4)
2024-12-01 22:16:12,659 [INFO] PluginManage:310 - Check plugin pinoutandconfiguration
2024-12-01 22:16:12,675 [INFO] PluginManage:359 - Loaded plugin pinoutandconfiguration (category:base,tabindex:1)
2024-12-01 22:16:12,675 [INFO] PluginManage:310 - Check plugin pinoutconfig
2024-12-01 22:16:12,863 [WARN] SupportedApi:132 - Cannot load RTOS API schema: s4s-elt-must-match.1: The content of 'definitions' must match (annotation?, (simpleType | complexType)?, (unique | key | keyref)*)). A problem was found starting at: attribute.
2024-12-01 22:16:13,048 [INFO] PluginManage:359 - Loaded plugin pinoutconfig (category:base,tabindex:0)
2024-12-01 22:16:13,048 [INFO] PluginManage:310 - Check plugin power
2024-12-01 22:16:13,067 [INFO] PluginManage:359 - Loaded plugin power (category:power,tabindex:4)
2024-12-01 22:16:13,068 [INFO] PluginManage:310 - Check plugin projectmanager
2024-12-01 22:16:13,094 [INFO] PluginManage:359 - Loaded plugin projectmanager (category:projectmanager,tabindex:4)
2024-12-01 22:16:13,094 [INFO] PluginManage:310 - Check plugin rif
2024-12-01 22:16:13,105 [INFO] PluginManage:359 - Loaded plugin rif (category:base,tabindex:3)
2024-12-01 22:16:13,105 [INFO] PluginManage:310 - Check plugin thirdparty
2024-12-01 22:16:13,348 [INFO] PluginManage:359 - Loaded plugin thirdparty (category:base,tabindex:-1)
2024-12-01 22:16:13,348 [WARN] IntegrityCheckThread:84 - waiting for thirdparty lock release [integrity check]
2024-12-01 22:16:13,351 [INFO] PluginManage:310 - Check plugin tools
2024-12-01 22:16:13,351 [INFO] IntegrityCheckThread:86 - entering critical section [integrity check]
2024-12-01 22:16:13,351 [INFO] ThirdPartyUpdaterWithRetryManager:70 - Updater plugin not ready yet. [1/15]
2024-12-01 22:16:13,355 [INFO] PluginManage:359 - Loaded plugin tools (category:base,tabindex:7)
2024-12-01 22:16:13,355 [INFO] PluginManage:310 - Check plugin tutovideos
2024-12-01 22:16:13,594 [INFO] PluginManage:359 - Loaded plugin tutovideos (category:base,tabindex:-1)
2024-12-01 22:16:13,594 [INFO] PluginManage:310 - Check plugin updater
2024-12-01 22:16:13,641 [INFO] PluginManage:359 - Loaded plugin updater (category:base,tabindex:12)
2024-12-01 22:16:13,641 [INFO] PluginManage:310 - Check plugin userauth
2024-12-01 22:16:13,648 [INFO] UserAuth:118 - Init User Auth plugin
2024-12-01 22:16:13,651 [INFO] PluginManage:359 - Loaded plugin userauth (category:base,tabindex:14)
2024-12-01 22:16:13,652 [INFO] PluginManage:283 - PluginManage : Loaded plugins [18]
2024-12-01 22:16:14,174 [INFO] PinOutPanel:1589 - setPackage(No Configuration,No Configuration)
2024-12-01 22:16:14,326 [INFO] CADModel:165 - CPN selected for project level
2024-12-01 22:16:14,326 [INFO] CADModel:114 - Register for checkConnection events
2024-12-01 22:16:14,358 [INFO] IPUIPlugin:80 - create IPUIPlugin
2024-12-01 22:16:14,358 [INFO] PluginManager:220 - loadIPPluginJar : add adc
2024-12-01 22:16:14,363 [INFO] IPUIPlugin:80 - create IPUIPlugin
2024-12-01 22:16:14,363 [INFO] PluginManager:220 - loadIPPluginJar : add aes
2024-12-01 22:16:14,369 [INFO] IPUIPlugin:80 - create IPUIPlugin
2024-12-01 22:16:14,370 [INFO] PluginManager:220 - loadIPPluginJar : add can
2024-12-01 22:16:14,373 [INFO] IPUIPlugin:80 - create IPUIPlugin
2024-12-01 22:16:14,373 [INFO] PluginManager:220 - loadIPPluginJar : add comp
2024-12-01 22:16:14,376 [INFO] IPUIPlugin:80 - create IPUIPlugin
2024-12-01 22:16:14,377 [INFO] PluginManager:220 - loadIPPluginJar : add cryp
2024-12-01 22:16:14,380 [INFO] IPUIPlugin:80 - create IPUIPlugin
2024-12-01 22:16:14,381 [INFO] PluginManager:220 - loadIPPluginJar : add ddr_ctrl_phy
2024-12-01 22:16:14,390 [INFO] IPUIPlugin:80 - create IPUIPlugin
2024-12-01 22:16:14,390 [INFO] PluginManager:220 - loadIPPluginJar : add dfsdm
2024-12-01 22:16:14,396 [INFO] IPUIPlugin:80 - create IPUIPlugin
2024-12-01 22:16:14,396 [INFO] PluginManager:220 - loadIPPluginJar : add dma
2024-12-01 22:16:14,401 [INFO] IPUIPlugin:80 - create IPUIPlugin
2024-12-01 22:16:14,401 [INFO] PluginManager:220 - loadIPPluginJar : add dma3
2024-12-01 22:16:14,405 [INFO] IPUIPlugin:80 - create IPUIPlugin
2024-12-01 22:16:14,405 [INFO] PluginManager:220 - loadIPPluginJar : add extmemmanager
2024-12-01 22:16:14,407 [INFO] IPUIPlugin:80 - create IPUIPlugin
2024-12-01 22:16:14,407 [INFO] PluginManager:220 - loadIPPluginJar : add fatfs
2024-12-01 22:16:14,412 [INFO] IPUIPlugin:80 - create IPUIPlugin
2024-12-01 22:16:14,412 [INFO] PluginManager:220 - loadIPPluginJar : add fmc
2024-12-01 22:16:14,422 [INFO] IPUIPlugin:80 - create IPUIPlugin
2024-12-01 22:16:14,422 [INFO] PluginManager:220 - loadIPPluginJar : add freertos
2024-12-01 22:16:14,424 [INFO] IPUIPlugin:80 - create IPUIPlugin
2024-12-01 22:16:14,424 [INFO] PluginManager:220 - loadIPPluginJar : add genericplugin
2024-12-01 22:16:14,428 [INFO] IPUIPlugin:80 - create IPUIPlugin
2024-12-01 22:16:14,428 [INFO] PluginManager:220 - loadIPPluginJar : add gfxmmu
2024-12-01 22:16:14,436 [INFO] IPUIPlugin:80 - create IPUIPlugin
2024-12-01 22:16:14,436 [INFO] PluginManager:220 - loadIPPluginJar : add gic
2024-12-01 22:16:14,443 [INFO] IPUIPlugin:80 - create IPUIPlugin
2024-12-01 22:16:14,443 [INFO] PluginManager:220 - loadIPPluginJar : add gpio
2024-12-01 22:16:14,448 [INFO] IPUIPlugin:80 - create IPUIPlugin
2024-12-01 22:16:14,448 [INFO] PluginManager:220 - loadIPPluginJar : add gtzc
2024-12-01 22:16:14,452 [INFO] IPUIPlugin:80 - create IPUIPlugin
2024-12-01 22:16:14,452 [INFO] PluginManager:220 - loadIPPluginJar : add hash
2024-12-01 22:16:14,456 [INFO] IPUIPlugin:80 - create IPUIPlugin
2024-12-01 22:16:14,456 [INFO] PluginManager:220 - loadIPPluginJar : add i2c
2024-12-01 22:16:14,459 [INFO] IPUIPlugin:80 - create IPUIPlugin
2024-12-01 22:16:14,459 [INFO] PluginManager:220 - loadIPPluginJar : add i2s
2024-12-01 22:16:14,463 [INFO] IPUIPlugin:80 - create IPUIPlugin
2024-12-01 22:16:14,463 [INFO] PluginManager:220 - loadIPPluginJar : add i3c
2024-12-01 22:16:14,468 [INFO] IPUIPlugin:80 - create IPUIPlugin
2024-12-01 22:16:14,469 [INFO] PluginManager:220 - loadIPPluginJar : add ipddr
2024-12-01 22:16:14,476 [INFO] IPUIPlugin:80 - create IPUIPlugin
2024-12-01 22:16:14,476 [INFO] PluginManager:220 - loadIPPluginJar : add linkedlist
2024-12-01 22:16:14,480 [INFO] IPUIPlugin:80 - create IPUIPlugin
2024-12-01 22:16:14,481 [INFO] PluginManager:220 - loadIPPluginJar : add lorawan
2024-12-01 22:16:14,484 [INFO] IPUIPlugin:80 - create IPUIPlugin
2024-12-01 22:16:14,484 [INFO] PluginManager:220 - loadIPPluginJar : add ltdc
2024-12-01 22:16:14,492 [INFO] IPUIPlugin:80 - create IPUIPlugin
2024-12-01 22:16:14,493 [INFO] PluginManager:220 - loadIPPluginJar : add mdma
2024-12-01 22:16:14,498 [INFO] IPUIPlugin:80 - create IPUIPlugin
2024-12-01 22:16:14,498 [INFO] PluginManager:220 - loadIPPluginJar : add nvic
2024-12-01 22:16:14,503 [INFO] IPUIPlugin:80 - create IPUIPlugin
2024-12-01 22:16:14,504 [INFO] PluginManager:220 - loadIPPluginJar : add opamp
2024-12-01 22:16:14,509 [INFO] IPUIPlugin:80 - create IPUIPlugin
2024-12-01 22:16:14,509 [INFO] PluginManager:220 - loadIPPluginJar : add openamp
2024-12-01 22:16:14,515 [INFO] IPUIPlugin:80 - create IPUIPlugin
2024-12-01 22:16:14,515 [INFO] PluginManager:220 - loadIPPluginJar : add pdm2pcm
2024-12-01 22:16:14,525 [INFO] IPUIPlugin:80 - create IPUIPlugin
2024-12-01 22:16:14,527 [INFO] PluginManager:220 - loadIPPluginJar : add plateformsettings
2024-12-01 22:16:14,530 [INFO] IPUIPlugin:80 - create IPUIPlugin
2024-12-01 22:16:14,531 [INFO] PluginManager:220 - loadIPPluginJar : add quadspi
2024-12-01 22:16:14,535 [INFO] IPUIPlugin:80 - create IPUIPlugin
2024-12-01 22:16:14,536 [INFO] PluginManager:220 - loadIPPluginJar : add radio
2024-12-01 22:16:14,542 [INFO] IPUIPlugin:80 - create IPUIPlugin
2024-12-01 22:16:14,542 [INFO] PluginManager:220 - loadIPPluginJar : add resmgrutility
2024-12-01 22:16:14,547 [INFO] IPUIPlugin:80 - create IPUIPlugin
2024-12-01 22:16:14,547 [INFO] PluginManager:220 - loadIPPluginJar : add sai
2024-12-01 22:16:14,552 [INFO] IPUIPlugin:80 - create IPUIPlugin
2024-12-01 22:16:14,552 [INFO] PluginManager:220 - loadIPPluginJar : add spi
2024-12-01 22:16:14,560 [INFO] IPUIPlugin:80 - create IPUIPlugin
2024-12-01 22:16:14,560 [INFO] PluginManager:220 - loadIPPluginJar : add stm32_wpan
2024-12-01 22:16:14,564 [INFO] IPUIPlugin:80 - create IPUIPlugin
2024-12-01 22:16:14,564 [INFO] PluginManager:220 - loadIPPluginJar : add tim
2024-12-01 22:16:14,569 [INFO] IPUIPlugin:80 - create IPUIPlugin
2024-12-01 22:16:14,569 [INFO] PluginManager:220 - loadIPPluginJar : add touchsensing
2024-12-01 22:16:14,572 [INFO] IPUIPlugin:80 - create IPUIPlugin
2024-12-01 22:16:14,573 [INFO] PluginManager:220 - loadIPPluginJar : add tracer_emb
2024-12-01 22:16:14,576 [INFO] IPUIPlugin:80 - create IPUIPlugin
2024-12-01 22:16:14,576 [INFO] PluginManager:220 - loadIPPluginJar : add ts
2024-12-01 22:16:14,584 [INFO] IPUIPlugin:80 - create IPUIPlugin
2024-12-01 22:16:14,584 [INFO] PluginManager:220 - loadIPPluginJar : add tsc
2024-12-01 22:16:14,588 [INFO] IPUIPlugin:80 - create IPUIPlugin
2024-12-01 22:16:14,588 [INFO] PluginManager:220 - loadIPPluginJar : add ucpd
2024-12-01 22:16:14,592 [INFO] IPUIPlugin:80 - create IPUIPlugin
2024-12-01 22:16:14,593 [INFO] PluginManager:220 - loadIPPluginJar : add usart
2024-12-01 22:16:14,597 [INFO] IPUIPlugin:80 - create IPUIPlugin
2024-12-01 22:16:14,597 [INFO] PluginManager:220 - loadIPPluginJar : add usbx
2024-12-01 22:16:14,763 [FATAL] Updater:351 - Updater called before beeing initialized
2024-12-01 22:16:14,808 [INFO] RulesReader:64 - Compatibility file has been processed (297 Rules)
2024-12-01 22:16:14,825 [INFO] RulesReader:64 - Compatibility file has been processed (297 Rules)
2024-12-01 22:16:14,836 [INFO] CADModel:165 - CPN selected for project level
2024-12-01 22:16:14,836 [INFO] CADModel:114 - Register for checkConnection events
2024-12-01 22:16:14,836 [FATAL] Updater:351 - Updater called before beeing initialized
2024-12-01 22:16:14,837 [ERROR] CADModel:125 - Updater not yet initialized, retry later 
2024-12-01 22:16:15,046 [FATAL] Updater:351 - Updater called before beeing initialized
2024-12-01 22:16:15,049 [INFO] CADModel:165 - CPN selected for project level
2024-12-01 22:16:15,049 [INFO] CADModel:114 - Register for checkConnection events
2024-12-01 22:16:15,050 [FATAL] Updater:351 - Updater called before beeing initialized
2024-12-01 22:16:15,050 [ERROR] CADModel:125 - Updater not yet initialized, retry later 
2024-12-01 22:16:15,053 [FATAL] Updater:351 - Updater called before beeing initialized
2024-12-01 22:16:15,309 [FATAL] Updater:351 - Updater called before beeing initialized
2024-12-01 22:16:15,318 [INFO] DbMcusAds:53 - JSON generation date=Fri Sep 20 16:04:23 EEST 2024 (1726837463113)
2024-12-01 22:16:15,319 [FATAL] Updater:351 - Updater called before beeing initialized
2024-12-01 22:16:15,409 [WARN] DetailPanel:346 - Failed to get advertising image, set to default
2024-12-01 22:16:15,828 [FATAL] Updater:351 - Updater called before beeing initialized
2024-12-01 22:16:15,831 [FATAL] Updater:351 - Updater called before beeing initialized
2024-12-01 22:16:15,832 [FATAL] Updater:351 - Updater called before beeing initialized
2024-12-01 22:16:15,832 [WARN] DetailPanel:346 - Failed to get advertising image, set to default
2024-12-01 22:16:15,833 [FATAL] Updater:351 - Updater called before beeing initialized
2024-12-01 22:16:15,962 [ERROR] Updater:1198 - MainUpdater not yet initialized. External WinMGr cannot be set.
2024-12-01 22:16:15,965 [INFO] Updater:1134 - Updater Version found : 6.13.0
2024-12-01 22:16:15,994 [INFO] ApplicationProperties:184 - Using Application install path: C:\ST\STM32CubeIDE_1.17.0\STM32CubeIDE\plugins\com.st.stm32cube.common.mx_6.13.0.202411220809
2024-12-01 22:16:16,354 [INFO] ThirdPartyUpdaterWithRetryManager:70 - Updater plugin not ready yet. [2/15]
2024-12-01 22:16:17,644 [INFO] MainUpdater:2872 - connection check result : 10
2024-12-01 22:16:17,645 [INFO] MainUpdater:289 - Updater Check For Update Now.
2024-12-01 22:16:17,645 [INFO] MicroXplorer:498 - Change Database Version : DB.6.0.130
2024-12-01 22:16:17,654 [INFO] McuFinderGlobals:63 - Set McuFinder mode to 2 (CubeIDE integrated)
2024-12-01 22:16:17,656 [INFO] UserAuth:486 - Internet connection configuration mode: 1
2024-12-01 22:16:17,692 [INFO] JxBrowserEngine:152 - Initiate JxBrowser Engine with user profile folder
2024-12-01 22:16:18,222 [INFO] CheckServerUpdateThread:120 - End of CheckServer Thread
2024-12-01 22:16:21,213 [WARN] PackLoader:240 - Cannot read IP mode file for STMicroelectronics.FP-SNS-MOTENVWB1.1.4.0
2024-12-01 22:16:21,325 [WARN] PackLoader:240 - Cannot read IP mode file for STMicroelectronics.FP-ATR-ASTRA1.2.0.1
2024-12-01 22:16:21,580 [WARN] PackLoader:240 - Cannot read IP mode file for STMicroelectronics.X-CUBE-SMBUS.2.1.0
2024-12-01 22:16:21,598 [WARN] PackLoader:240 - Cannot read IP mode file for STMicroelectronics.X-CUBE-WB05N.1.1.0
2024-12-01 22:16:21,792 [WARN] PackLoader:240 - Cannot read IP mode file for STMicroelectronics.X-CUBE-AZRTOS-F7.1.1.0
2024-12-01 22:16:22,123 [INFO] WebApp:168 - Instantiating new browser for Auth
2024-12-01 22:16:22,196 [WARN] PackLoader:240 - Cannot read IP mode file for STMicroelectronics.X-CUBE-MEMS1.11.0.0
2024-12-01 22:16:23,488 [WARN] PackLoader:240 - Cannot read IP mode file for STMicroelectronics.FP-SNS-FLIGHT1.5.0.2
2024-12-01 22:16:23,514 [WARN] PackLoader:240 - Cannot read IP mode file for STMicroelectronics.X-CUBE-DISPLAY.3.0.0
2024-12-01 22:16:23,610 [WARN] PackLoader:240 - Cannot read IP mode file for STMicroelectronics.X-CUBE-BLE1.7.0.0
2024-12-01 22:16:23,626 [WARN] PackLoader:240 - Cannot read IP mode file for STMicroelectronics.X-CUBE-NFC10.1.0.0
2024-12-01 22:16:23,664 [WARN] PackLoader:240 - Cannot read IP mode file for emotas.I-CUBE-CANOPEN.1.3.0
2024-12-01 22:16:23,681 [WARN] PackLoader:240 - Cannot read IP mode file for STMicroelectronics.X-CUBE-BLEMGR.3.1.0
2024-12-01 22:16:23,694 [WARN] PackLoader:240 - Cannot read IP mode file for STMicroelectronics.FP-SNS-SMARTAG2.1.2.0
2024-12-01 22:16:23,730 [INFO] LogOutputStream:77 - [STDOUT_REDIRECT] 1 : Invalid condition id : UX_CORESTACK_Condition cause : null
2024-12-01 22:16:23,731 [INFO] LogOutputStream:77 - [STDOUT_REDIRECT] 1 : Invalid condition id : UX_CORESTACK_Condition cause : null
2024-12-01 22:16:23,734 [INFO] LogOutputStream:77 - [STDOUT_REDIRECT] 1 : Invalid condition id : UX_CORESTACK_Condition cause : null
2024-12-01 22:16:23,736 [INFO] LogOutputStream:77 - [STDOUT_REDIRECT] 1 : Invalid condition id : UX_CORESTACK_Condition cause : null
2024-12-01 22:16:23,739 [INFO] LogOutputStream:77 - [STDOUT_REDIRECT] 1 : Invalid condition id : UX_CORESTACK_Condition cause : null
2024-12-01 22:16:23,744 [WARN] PackLoader:240 - Cannot read IP mode file for STMicroelectronics.X-CUBE-AZRTOS-WL.2.0.0
2024-12-01 22:16:23,791 [WARN] PackLoader:240 - Cannot read IP mode file for STMicroelectronics.FP-SNS-MOTENV1.5.0.0
2024-12-01 22:16:23,828 [WARN] PackLoader:240 - Cannot read IP mode file for wolfSSL.I-CUBE-wolfMQTT.1.19.0
2024-12-01 22:16:23,855 [WARN] PackLoader:240 - Cannot read IP mode file for WES.I-CUBE-Cesium.1.3.0
2024-12-01 22:16:24,001 [WARN] PackLoader:240 - Cannot read IP mode file for STMicroelectronics.X-CUBE-BLE2.3.3.0
2024-12-01 22:16:24,286 [WARN] PackLoader:240 - Cannot read IP mode file for STMicroelectronics.X-CUBE-NFC9.1.0.0
2024-12-01 22:16:24,303 [WARN] PackLoader:240 - Cannot read IP mode file for STMicroelectronics.X-CUBE-TCPP.4.1.0
2024-12-01 22:16:24,410 [WARN] PackLoader:240 - Cannot read IP mode file for STMicroelectronics.X-CUBE-AZRTOS-G0.1.1.0
2024-12-01 22:16:24,441 [WARN] PackLoader:240 - Cannot read IP mode file for STMicroelectronics.X-CUBE-SAFEA1.1.2.2
2024-12-01 22:16:24,469 [WARN] PackLoader:240 - Cannot read IP mode file for STMicroelectronics.X-CUBE-NFC4.3.0.0
2024-12-01 22:16:24,496 [WARN] PackLoader:240 - Cannot read IP mode file for EmbeddedOffice.I-CUBE-FS-RTOS.1.0.1
2024-12-01 22:16:24,506 [WARN] PackLoader:240 - Cannot read IP mode file for RealThread.X-CUBE-RT-Thread_Nano.4.1.1
2024-12-01 22:16:24,520 [WARN] PackLoader:240 - Cannot read IP mode file for STMicroelectronics.FP-ATR-SIGFOX1.3.2.0
2024-12-01 22:16:24,590 [WARN] ConditionMgr:438 - getConditionDescription Invalid condition id : Cortex-A Device cause : null
2024-12-01 22:16:24,628 [WARN] ConditionMgr:1044 - genDependencies : Invalid condition id : Cortex-A Device cause : null
2024-12-01 22:16:24,628 [WARN] ConditionMgr:1044 - genDependencies : Invalid condition id : Cortex-A Device cause : null
2024-12-01 22:16:24,629 [WARN] ConditionMgr:1044 - genDependencies : Invalid condition id : Cortex-A Device cause : null
2024-12-01 22:16:24,644 [WARN] PackLoader:240 - Cannot read IP mode file for STMicroelectronics.X-CUBE-EEPRMA1.5.1.0
2024-12-01 22:16:24,710 [WARN] PackLoader:240 - Cannot read IP mode file for wolfSSL.I-CUBE-wolfSSL.5.7.4
2024-12-01 22:16:24,721 [WARN] PackLoader:240 - Cannot read IP mode file for ITTIA_DB.I-CUBE-ITTIADB.8.9.0
2024-12-01 22:16:24,861 [WARN] PackLoader:240 - Cannot read IP mode file for SEGGER.I-CUBE-embOS.1.3.1
2024-12-01 22:16:24,921 [WARN] PackLoader:240 - Cannot read IP mode file for STMicroelectronics.X-CUBE-ALGOBUILD.1.4.0
2024-12-01 22:16:24,947 [WARN] PackLoader:240 - Cannot read IP mode file for STMicroelectronics.X-CUBE-AZRTOS-F4.1.1.0
2024-12-01 22:16:24,959 [WARN] PackLoader:240 - Cannot read IP mode file for STMicroelectronics.X-CUBE-ISPU.2.1.0
2024-12-01 22:16:24,969 [WARN] PackLoader:240 - Cannot read IP mode file for STMicroelectronics.X-CUBE-FREERTOS.1.2.0
2024-12-01 22:16:24,996 [WARN] PackLoader:240 - Cannot read IP mode file for STMicroelectronics.X-CUBE-AZRTOS-L5.2.0.0
2024-12-01 22:16:25,010 [WARN] PackLoader:240 - Cannot read IP mode file for STMicroelectronics.X-CUBE-NFC6.3.1.0
2024-12-01 22:16:25,030 [WARN] PackLoader:240 - Cannot read IP mode file for STMicroelectronics.X-CUBE-NFC7.1.0.1
2024-12-01 22:16:25,062 [WARN] ConditionMgr:438 - getConditionDescription Invalid condition id : LAN8742 Phy interface Condition cause : null
2024-12-01 22:16:25,064 [WARN] PackLoader:240 - Cannot read IP mode file for STMicroelectronics.X-CUBE-AZRTOS-L4.2.0.0
2024-12-01 22:16:25,068 [WARN] ConditionMgr:1044 - genDependencies : Invalid condition id : LAN8742 Phy interface Condition cause : null
2024-12-01 22:16:25,068 [WARN] ConditionMgr:1044 - genDependencies : Invalid condition id : LAN8742 Phy interface Condition cause : null
2024-12-01 22:16:25,070 [WARN] ConditionMgr:1044 - genDependencies : Invalid condition id : LAN8742 Phy interface Condition cause : null
2024-12-01 22:16:25,081 [WARN] PackLoader:240 - Cannot read IP mode file for STMicroelectronics.X-CUBE-SFXS2LP1.4.0.0
2024-12-01 22:16:25,115 [WARN] PackLoader:240 - Cannot read IP mode file for STMicroelectronics.X-CUBE-AZRTOS-H7.3.3.0
2024-12-01 22:16:25,139 [WARN] PackLoader:240 - Cannot read IP mode file for STMicroelectronics.X-CUBE-IPS.3.0.0
2024-12-01 22:16:25,205 [WARN] ConditionMgr:438 - getConditionDescription Invalid condition id : UX DEVICE CLASS RTOS Condition cause : null
2024-12-01 22:16:25,212 [WARN] ConditionMgr:438 - getConditionDescription Invalid condition id : UX DEVICE CLASS RTOS Condition cause : null
2024-12-01 22:16:25,217 [WARN] PackLoader:240 - Cannot read IP mode file for STMicroelectronics.X-CUBE-AZRTOS-WB.2.0.0
2024-12-01 22:16:25,222 [WARN] ConditionMgr:1044 - genDependencies : Invalid condition id : UX DEVICE CLASS RTOS Condition cause : null
2024-12-01 22:16:25,222 [WARN] ConditionMgr:1044 - genDependencies : Invalid condition id : UX DEVICE CLASS RTOS Condition cause : null
2024-12-01 22:16:25,223 [WARN] ConditionMgr:1044 - genDependencies : Invalid condition id : UX DEVICE CLASS RTOS Condition cause : null
2024-12-01 22:16:25,224 [WARN] ConditionMgr:1044 - genDependencies : Invalid condition id : UX DEVICE CLASS RTOS Condition cause : null
2024-12-01 22:16:25,224 [WARN] ConditionMgr:1044 - genDependencies : Invalid condition id : UX DEVICE CLASS RTOS Condition cause : null
2024-12-01 22:16:25,351 [WARN] PackLoader:240 - Cannot read IP mode file for STMicroelectronics.X-CUBE-GNSS1.7.0.0
2024-12-01 22:16:25,396 [WARN] PackLoader:240 - Cannot read IP mode file for STMicroelectronics.X-CUBE-SUBG2.5.0.0
2024-12-01 22:16:25,525 [WARN] PackLoader:240 - Cannot read IP mode file for Cesanta.I-CUBE-Mongoose.7.13.0
2024-12-01 22:16:25,580 [WARN] PackLoader:240 - Cannot read IP mode file for STMicroelectronics.X-CUBE-AZRTOS-G4.2.0.0
2024-12-01 22:16:25,661 [WARN] PackLoader:240 - Cannot read IP mode file for STMicroelectronics.X-CUBE-ALS.1.0.2
2024-12-01 22:16:25,691 [INFO] WebApp:449 - Apply proxy settings
2024-12-01 22:16:25,691 [INFO] WebApp:534 - Chromium requires no authentication
2024-12-01 22:16:25,749 [WARN] PackLoader:240 - Cannot read IP mode file for STMicroelectronics.X-CUBE-TOUCHGFX.4.24.1
2024-12-01 22:16:25,775 [WARN] PackLoader:240 - Cannot read IP mode file for wolfSSL.I-CUBE-wolfTPM.3.4.0
2024-12-01 22:16:25,788 [INFO] WebApp:477 - Direct internet connection detected
2024-12-01 22:16:25,806 [WARN] PackLoader:240 - Cannot read IP mode file for portGmbH.I-Cube-SoM-uGOAL.1.1.0
2024-12-01 22:16:25,911 [WARN] PackLoader:240 - Cannot read IP mode file for STMicroelectronics.X-CUBE-AZRTOS-H7RS.1.0.0
2024-12-01 22:16:25,946 [WARN] PackLoader:240 - Cannot read IP mode file for STMicroelectronics.FP-ATR-ASTRA1.2.0.0
2024-12-01 22:16:25,974 [WARN] PackLoader:240 - Cannot read IP mode file for STMicroelectronics.X-CUBE-TOF1.3.4.2
2024-12-01 22:16:26,012 [INFO] WebApp:880 - Register for checkConnection events
2024-12-01 22:16:26,012 [INFO] WebApp:449 - Apply proxy settings
2024-12-01 22:16:26,012 [INFO] WebApp:534 - Chromium requires no authentication
2024-12-01 22:16:26,013 [INFO] WebApp:477 - Direct internet connection detected
2024-12-01 22:16:26,075 [WARN] PackLoader:240 - Cannot read IP mode file for Infineon.AIROC-Wi-Fi-Bluetooth-STM32.1.6.1
2024-12-01 22:16:26,135 [WARN] PackLoader:240 - Cannot read IP mode file for wolfSSL.I-CUBE-wolfSSH.1.4.17
2024-12-01 22:16:26,136 [INFO] ThirdParty:978 - Integrity check success = true
2024-12-01 22:16:26,136 [INFO] IntegrityCheckThread:100 - exiting critical section [integrity check]
2024-12-01 22:16:26,136 [INFO] IntegrityCheckThread:103 - End integrity checks thread
2024-12-01 22:16:26,717 [INFO] WebApp:187 - Connection restablished
2024-12-01 22:16:27,052 [INFO] WebApp:221 - Starting web application
2024-12-01 22:16:27,052 [INFO] WebApp:579 - Web application path used C:\ST\STM32CubeIDE_1.17.0\STM32CubeIDE\plugins\com.st.stm32cube.common.mx_6.13.0.202411220809\db\plugins\mcufinder\reactClient1\index.html
2024-12-01 22:16:27,244 [INFO] UserAuth:486 - Internet connection configuration mode: 1
2024-12-01 23:02:09,236 [INFO] WebApp:190 - Connection lost
2024-12-01 23:02:15,183 [INFO] WebApp:187 - Connection restablished
2024-12-01 23:02:16,205 [INFO] WebApp:190 - Connection lost
2024-12-01 23:02:16,416 [INFO] WebApp:187 - Connection restablished
2024-12-01 23:42:06,489 [INFO] Activator:176 - 


2024-12-01 23:42:06,552 [INFO] Activator:177 - !SESSION log4j initialized
2024-12-01 23:42:18,201 [INFO] LogOutputStream:77 - [STDOUT_REDIRECT] 
2024-12-01 23:42:18,788 [ERROR] ConfigurationRetriever:142 - IOException on connection: sw-center.st.com
2024-12-01 23:42:18,790 [ERROR] ConfigurationRetriever:142 - IOException on connection: sw-center.st.com
2024-12-01 23:42:18,791 [ERROR] ConfigurationRetriever:142 - IOException on connection: sw-center.st.com
2024-12-01 23:42:22,545 [INFO] ApplicationProperties:184 - Using Application install path: C:\ST\STM32CubeIDE_1.17.0\STM32CubeIDE\plugins\com.st.stm32cube.common.mx_6.13.0.202411220809
2024-12-01 23:42:22,570 [INFO] DbMcusXml:78 - Set database path to: C:\ST\STM32CubeIDE_1.17.0\STM32CubeIDE\plugins\com.st.stm32cube.common.mx_6.13.0.202411220809\\db\/mcu/
2024-12-01 23:42:22,571 [INFO] ApiDb:274 - Set plugin database path to: C:\ST\STM32CubeIDE_1.17.0\STM32CubeIDE\plugins\com.st.stm32cube.common.mx_6.13.0.202411220809\\db\/plugins/boardmanager/
2024-12-01 23:42:22,571 [WARN] ApiDb:259 - Overriding images path with different value:  => C:\ST\STM32CubeIDE_1.17.0\STM32CubeIDE\plugins\com.st.stm32cube.common.mx_6.13.0.202411220809\\db\/plugins/mcufinder/images/
2024-12-01 23:42:22,592 [INFO] ApiDb:250 - Set database path to: C:\Users\Ziad_Fathy\.stmcufinder\plugins\mcufinder//mcu/
2024-12-01 23:42:22,595 [INFO] DbMcusAds:125 - Set database path to: C:\Users\Ziad_Fathy\.stmcufinder\plugins\mcufinder//mcu/
2024-12-01 23:42:22,600 [INFO] CrossReferenceDbSqlite:203 - Set database path to: C:\Users\Ziad_Fathy\.stmcufinder\plugins\mcufinder//mcu/cs/
2024-12-01 23:42:22,797 [INFO] RulesReader:64 - Compatibility file has been processed (297 Rules)
2024-12-01 23:42:22,950 [INFO] DbMcusXml:78 - Set database path to: C:\ST\STM32CubeIDE_1.17.0\STM32CubeIDE\plugins\com.st.stm32cube.common.mx_6.13.0.202411220809\\db\/mcu/
2024-12-01 23:42:22,950 [INFO] ApiDb:274 - Set plugin database path to: C:\ST\STM32CubeIDE_1.17.0\STM32CubeIDE\plugins\com.st.stm32cube.common.mx_6.13.0.202411220809\\db\/plugins/boardmanager/
2024-12-01 23:42:22,951 [INFO] ApiDb:261 - Set plugin images path to: C:\ST\STM32CubeIDE_1.17.0\STM32CubeIDE\plugins\com.st.stm32cube.common.mx_6.13.0.202411220809\\db\/plugins/mcufinder/images/
2024-12-01 23:42:22,951 [WARN] DbFile:41 - Overriding database path with different value: C:\Users\Ziad_Fathy\.stmcufinder\plugins\mcufinder/ => C:\Users\Ziad_Fathy\.stmcufinder\plugins\mcufinder
2024-12-01 23:42:22,952 [INFO] ApiDb:250 - Set database path to: C:\Users\Ziad_Fathy\.stmcufinder\plugins\mcufinder//mcu/
2024-12-01 23:42:22,952 [WARN] DbFile:41 - Overriding database path with different value: C:\Users\Ziad_Fathy\.stmcufinder\plugins\mcufinder/ => C:\Users\Ziad_Fathy\.stmcufinder\plugins\mcufinder
2024-12-01 23:42:22,952 [INFO] DbMcusAds:125 - Set database path to: C:\Users\Ziad_Fathy\.stmcufinder\plugins\mcufinder//mcu/
2024-12-01 23:42:22,952 [WARN] DbFile:41 - Overriding database path with different value: C:\Users\Ziad_Fathy\.stmcufinder\plugins\mcufinder/ => C:\Users\Ziad_Fathy\.stmcufinder\plugins\mcufinder
2024-12-01 23:42:22,953 [WARN] DbFile:41 - Overriding database path with different value: C:\Users\Ziad_Fathy\.stmcufinder\plugins\mcufinder/ => C:\Users\Ziad_Fathy\.stmcufinder\plugins\mcufinder
2024-12-01 23:42:22,953 [INFO] CrossReferenceDbSqlite:203 - Set database path to: C:\Users\Ziad_Fathy\.stmcufinder\plugins\mcufinder//mcu/cs/
2024-12-01 23:42:23,126 [INFO] MainPanel:272 - HeapMemory: 268435456
2024-12-01 23:42:23,328 [INFO] DbMcusXml:78 - Set database path to: C:\ST\STM32CubeIDE_1.17.0\STM32CubeIDE\plugins\com.st.stm32cube.common.mx_6.13.0.202411220809\\db\/mcu/
2024-12-01 23:42:23,329 [INFO] ApiDb:274 - Set plugin database path to: C:\ST\STM32CubeIDE_1.17.0\STM32CubeIDE\plugins\com.st.stm32cube.common.mx_6.13.0.202411220809\\db\/plugins/boardmanager/
2024-12-01 23:42:23,329 [INFO] ApiDb:261 - Set plugin images path to: C:\ST\STM32CubeIDE_1.17.0\STM32CubeIDE\plugins\com.st.stm32cube.common.mx_6.13.0.202411220809\\db\/plugins/mcufinder/images/
2024-12-01 23:42:23,331 [WARN] DbFile:41 - Overriding database path with different value: C:\Users\Ziad_Fathy\.stmcufinder\plugins\mcufinder/ => C:\Users\Ziad_Fathy\.stmcufinder\plugins\mcufinder
2024-12-01 23:42:23,331 [INFO] ApiDb:250 - Set database path to: C:\Users\Ziad_Fathy\.stmcufinder\plugins\mcufinder//mcu/
2024-12-01 23:42:23,332 [WARN] DbFile:41 - Overriding database path with different value: C:\Users\Ziad_Fathy\.stmcufinder\plugins\mcufinder/ => C:\Users\Ziad_Fathy\.stmcufinder\plugins\mcufinder
2024-12-01 23:42:23,332 [INFO] DbMcusAds:125 - Set database path to: C:\Users\Ziad_Fathy\.stmcufinder\plugins\mcufinder//mcu/
2024-12-01 23:42:23,332 [WARN] DbFile:41 - Overriding database path with different value: C:\Users\Ziad_Fathy\.stmcufinder\plugins\mcufinder/ => C:\Users\Ziad_Fathy\.stmcufinder\plugins\mcufinder
2024-12-01 23:42:23,333 [WARN] DbFile:41 - Overriding database path with different value: C:\Users\Ziad_Fathy\.stmcufinder\plugins\mcufinder/ => C:\Users\Ziad_Fathy\.stmcufinder\plugins\mcufinder
2024-12-01 23:42:23,333 [INFO] CrossReferenceDbSqlite:203 - Set database path to: C:\Users\Ziad_Fathy\.stmcufinder\plugins\mcufinder//mcu/cs/
2024-12-01 23:42:23,368 [INFO] ApplicationProperties:184 - Using Application install path: C:\ST\STM32CubeIDE_1.17.0\STM32CubeIDE\plugins\com.st.stm32cube.common.mx_6.13.0.202411220809
2024-12-01 23:42:23,370 [INFO] PluginManage:196 - Search for loadable plugins [exclusion list=, ]
2024-12-01 23:42:23,372 [INFO] PluginManage:310 - Check plugin analytics
2024-12-01 23:42:23,689 [INFO] AnalyticsPlugin:253 - Accepted Software Licenses: STM32CubeMX.6.12.1
2024-12-01 23:42:23,690 [INFO] AnalyticsPlugin:255 - Accepted CMSIS Pack Licenses: 
2024-12-01 23:42:23,690 [INFO] AnalyticsPlugin:257 - Accepted Firmware Licenses: FW.F4.1.28.0
2024-12-01 23:42:23,697 [INFO] PluginManage:359 - Loaded plugin analytics (category:tool,tabindex:-1)
2024-12-01 23:42:23,699 [INFO] PluginManage:310 - Check plugin cadmodel
2024-12-01 23:42:23,699 [ERROR] ConfigurationRetriever:142 - IOException on connection: sw-center.st.com
2024-12-01 23:42:23,700 [ERROR] ConfigurationRetriever:142 - IOException on connection: sw-center.st.com
2024-12-01 23:42:23,702 [ERROR] ConfigurationRetriever:142 - IOException on connection: sw-center.st.com
2024-12-01 23:42:23,741 [INFO] CADModel:105 - Init CAD model plugin
2024-12-01 23:42:23,742 [INFO] PluginManage:359 - Loaded plugin cadmodel (category:power,tabindex:5)
2024-12-01 23:42:23,743 [INFO] PluginManage:310 - Check plugin clock
2024-12-01 23:42:23,794 [INFO] PluginManage:359 - Loaded plugin clock (category:base,tabindex:2)
2024-12-01 23:42:23,796 [INFO] PluginManage:310 - Check plugin ddr
2024-12-01 23:42:23,805 [INFO] PluginManage:359 - Loaded plugin ddr (category:tool,tabindex:6)
2024-12-01 23:42:23,806 [INFO] PluginManage:310 - Check plugin filemanager
2024-12-01 23:42:24,309 [INFO] PluginManage:359 - Loaded plugin filemanager (category:base,tabindex:10)
2024-12-01 23:42:24,309 [INFO] PluginManage:310 - Check plugin ipmanager
2024-12-01 23:42:24,323 [INFO] PluginManage:359 - Loaded plugin ipmanager (category:base,tabindex:5)
2024-12-01 23:42:24,323 [INFO] PluginManage:310 - Check plugin lpbam
2024-12-01 23:42:24,360 [INFO] PluginManage:359 - Loaded plugin lpbam (category:base,tabindex:0)
2024-12-01 23:42:24,360 [INFO] PluginManage:310 - Check plugin memorymap
2024-12-01 23:42:24,413 [INFO] PluginManage:359 - Loaded plugin memorymap (category:base,tabindex:4)
2024-12-01 23:42:24,415 [INFO] PluginManage:310 - Check plugin pinoutandconfiguration
2024-12-01 23:42:24,448 [INFO] PluginManage:359 - Loaded plugin pinoutandconfiguration (category:base,tabindex:1)
2024-12-01 23:42:24,449 [INFO] PluginManage:310 - Check plugin pinoutconfig
2024-12-01 23:42:24,610 [WARN] SupportedApi:132 - Cannot load RTOS API schema: s4s-elt-must-match.1: The content of 'definitions' must match (annotation?, (simpleType | complexType)?, (unique | key | keyref)*)). A problem was found starting at: attribute.
2024-12-01 23:42:24,862 [INFO] PluginManage:359 - Loaded plugin pinoutconfig (category:base,tabindex:0)
2024-12-01 23:42:24,863 [INFO] PluginManage:310 - Check plugin power
2024-12-01 23:42:24,912 [INFO] PluginManage:359 - Loaded plugin power (category:power,tabindex:4)
2024-12-01 23:42:24,913 [INFO] PluginManage:310 - Check plugin projectmanager
2024-12-01 23:42:24,952 [INFO] PluginManage:359 - Loaded plugin projectmanager (category:projectmanager,tabindex:4)
2024-12-01 23:42:24,952 [INFO] PluginManage:310 - Check plugin rif
2024-12-01 23:42:24,994 [INFO] PluginManage:359 - Loaded plugin rif (category:base,tabindex:3)
2024-12-01 23:42:24,995 [INFO] PluginManage:310 - Check plugin thirdparty
2024-12-01 23:42:25,621 [INFO] PluginManage:359 - Loaded plugin thirdparty (category:base,tabindex:-1)
2024-12-01 23:42:25,621 [WARN] IntegrityCheckThread:84 - waiting for thirdparty lock release [integrity check]
2024-12-01 23:42:25,622 [INFO] IntegrityCheckThread:86 - entering critical section [integrity check]
2024-12-01 23:42:25,622 [INFO] PluginManage:310 - Check plugin tools
2024-12-01 23:42:25,622 [INFO] ThirdPartyUpdaterWithRetryManager:70 - Updater plugin not ready yet. [1/15]
2024-12-01 23:42:25,688 [INFO] PluginManage:359 - Loaded plugin tools (category:base,tabindex:7)
2024-12-01 23:42:25,688 [INFO] PluginManage:310 - Check plugin tutovideos
2024-12-01 23:42:26,025 [INFO] PluginManage:359 - Loaded plugin tutovideos (category:base,tabindex:-1)
2024-12-01 23:42:26,026 [INFO] PluginManage:310 - Check plugin updater
2024-12-01 23:42:26,066 [INFO] PluginManage:359 - Loaded plugin updater (category:base,tabindex:12)
2024-12-01 23:42:26,067 [INFO] PluginManage:310 - Check plugin userauth
2024-12-01 23:42:26,074 [INFO] UserAuth:118 - Init User Auth plugin
2024-12-01 23:42:26,075 [INFO] PluginManage:359 - Loaded plugin userauth (category:base,tabindex:14)
2024-12-01 23:42:26,076 [INFO] PluginManage:283 - PluginManage : Loaded plugins [18]
2024-12-01 23:42:26,442 [INFO] PinOutPanel:1589 - setPackage(No Configuration,No Configuration)
2024-12-01 23:42:26,628 [INFO] CADModel:165 - CPN selected for project level
2024-12-01 23:42:26,629 [INFO] CADModel:114 - Register for checkConnection events
2024-12-01 23:42:26,683 [INFO] IPUIPlugin:80 - create IPUIPlugin
2024-12-01 23:42:26,683 [INFO] PluginManager:220 - loadIPPluginJar : add adc
2024-12-01 23:42:26,748 [INFO] IPUIPlugin:80 - create IPUIPlugin
2024-12-01 23:42:26,748 [INFO] PluginManager:220 - loadIPPluginJar : add aes
2024-12-01 23:42:26,867 [INFO] IPUIPlugin:80 - create IPUIPlugin
2024-12-01 23:42:26,868 [INFO] PluginManager:220 - loadIPPluginJar : add can
2024-12-01 23:42:26,935 [INFO] IPUIPlugin:80 - create IPUIPlugin
2024-12-01 23:42:26,935 [INFO] PluginManager:220 - loadIPPluginJar : add comp
2024-12-01 23:42:26,993 [INFO] IPUIPlugin:80 - create IPUIPlugin
2024-12-01 23:42:26,994 [INFO] PluginManager:220 - loadIPPluginJar : add cryp
2024-12-01 23:42:27,016 [INFO] IPUIPlugin:80 - create IPUIPlugin
2024-12-01 23:42:27,016 [INFO] PluginManager:220 - loadIPPluginJar : add ddr_ctrl_phy
2024-12-01 23:42:27,069 [INFO] IPUIPlugin:80 - create IPUIPlugin
2024-12-01 23:42:27,070 [INFO] PluginManager:220 - loadIPPluginJar : add dfsdm
2024-12-01 23:42:27,093 [INFO] IPUIPlugin:80 - create IPUIPlugin
2024-12-01 23:42:27,095 [INFO] PluginManager:220 - loadIPPluginJar : add dma
2024-12-01 23:42:27,205 [INFO] IPUIPlugin:80 - create IPUIPlugin
2024-12-01 23:42:27,205 [INFO] PluginManager:220 - loadIPPluginJar : add dma3
2024-12-01 23:42:27,301 [INFO] IPUIPlugin:80 - create IPUIPlugin
2024-12-01 23:42:27,301 [INFO] PluginManager:220 - loadIPPluginJar : add extmemmanager
2024-12-01 23:42:27,340 [INFO] IPUIPlugin:80 - create IPUIPlugin
2024-12-01 23:42:27,340 [INFO] PluginManager:220 - loadIPPluginJar : add fatfs
2024-12-01 23:42:27,420 [INFO] IPUIPlugin:80 - create IPUIPlugin
2024-12-01 23:42:27,420 [INFO] PluginManager:220 - loadIPPluginJar : add fmc
2024-12-01 23:42:27,445 [INFO] IPUIPlugin:80 - create IPUIPlugin
2024-12-01 23:42:27,446 [INFO] PluginManager:220 - loadIPPluginJar : add freertos
2024-12-01 23:42:27,502 [INFO] IPUIPlugin:80 - create IPUIPlugin
2024-12-01 23:42:27,502 [INFO] PluginManager:220 - loadIPPluginJar : add genericplugin
2024-12-01 23:42:27,690 [INFO] IPUIPlugin:80 - create IPUIPlugin
2024-12-01 23:42:27,691 [INFO] PluginManager:220 - loadIPPluginJar : add gfxmmu
2024-12-01 23:42:27,975 [INFO] IPUIPlugin:80 - create IPUIPlugin
2024-12-01 23:42:27,976 [INFO] PluginManager:220 - loadIPPluginJar : add gic
2024-12-01 23:42:28,008 [INFO] IPUIPlugin:80 - create IPUIPlugin
2024-12-01 23:42:28,009 [INFO] PluginManager:220 - loadIPPluginJar : add gpio
2024-12-01 23:42:28,170 [INFO] IPUIPlugin:80 - create IPUIPlugin
2024-12-01 23:42:28,170 [INFO] PluginManager:220 - loadIPPluginJar : add gtzc
2024-12-01 23:42:28,231 [INFO] IPUIPlugin:80 - create IPUIPlugin
2024-12-01 23:42:28,232 [INFO] PluginManager:220 - loadIPPluginJar : add hash
2024-12-01 23:42:28,330 [INFO] IPUIPlugin:80 - create IPUIPlugin
2024-12-01 23:42:28,331 [INFO] PluginManager:220 - loadIPPluginJar : add i2c
2024-12-01 23:42:28,436 [INFO] IPUIPlugin:80 - create IPUIPlugin
2024-12-01 23:42:28,436 [INFO] PluginManager:220 - loadIPPluginJar : add i2s
2024-12-01 23:42:28,526 [INFO] IPUIPlugin:80 - create IPUIPlugin
2024-12-01 23:42:28,526 [INFO] PluginManager:220 - loadIPPluginJar : add i3c
2024-12-01 23:42:28,623 [INFO] ThirdPartyUpdaterWithRetryManager:70 - Updater plugin not ready yet. [2/15]
2024-12-01 23:42:28,709 [INFO] IPUIPlugin:80 - create IPUIPlugin
2024-12-01 23:42:28,709 [INFO] PluginManager:220 - loadIPPluginJar : add ipddr
2024-12-01 23:42:28,896 [INFO] IPUIPlugin:80 - create IPUIPlugin
2024-12-01 23:42:28,897 [INFO] PluginManager:220 - loadIPPluginJar : add linkedlist
2024-12-01 23:42:28,972 [INFO] IPUIPlugin:80 - create IPUIPlugin
2024-12-01 23:42:28,972 [INFO] PluginManager:220 - loadIPPluginJar : add lorawan
2024-12-01 23:42:29,056 [INFO] IPUIPlugin:80 - create IPUIPlugin
2024-12-01 23:42:29,057 [INFO] PluginManager:220 - loadIPPluginJar : add ltdc
2024-12-01 23:42:29,085 [INFO] IPUIPlugin:80 - create IPUIPlugin
2024-12-01 23:42:29,085 [INFO] PluginManager:220 - loadIPPluginJar : add mdma
2024-12-01 23:42:29,106 [INFO] IPUIPlugin:80 - create IPUIPlugin
2024-12-01 23:42:29,106 [INFO] PluginManager:220 - loadIPPluginJar : add nvic
2024-12-01 23:42:29,173 [INFO] IPUIPlugin:80 - create IPUIPlugin
2024-12-01 23:42:29,173 [INFO] PluginManager:220 - loadIPPluginJar : add opamp
2024-12-01 23:42:29,342 [INFO] IPUIPlugin:80 - create IPUIPlugin
2024-12-01 23:42:29,342 [INFO] PluginManager:220 - loadIPPluginJar : add openamp
2024-12-01 23:42:29,419 [INFO] IPUIPlugin:80 - create IPUIPlugin
2024-12-01 23:42:29,419 [INFO] PluginManager:220 - loadIPPluginJar : add pdm2pcm
2024-12-01 23:42:29,449 [INFO] IPUIPlugin:80 - create IPUIPlugin
2024-12-01 23:42:29,453 [INFO] PluginManager:220 - loadIPPluginJar : add plateformsettings
2024-12-01 23:42:29,515 [INFO] IPUIPlugin:80 - create IPUIPlugin
2024-12-01 23:42:29,515 [INFO] PluginManager:220 - loadIPPluginJar : add quadspi
2024-12-01 23:42:29,586 [INFO] IPUIPlugin:80 - create IPUIPlugin
2024-12-01 23:42:29,587 [INFO] PluginManager:220 - loadIPPluginJar : add radio
2024-12-01 23:42:29,613 [INFO] IPUIPlugin:80 - create IPUIPlugin
2024-12-01 23:42:29,614 [INFO] PluginManager:220 - loadIPPluginJar : add resmgrutility
2024-12-01 23:42:29,709 [INFO] IPUIPlugin:80 - create IPUIPlugin
2024-12-01 23:42:29,709 [INFO] PluginManager:220 - loadIPPluginJar : add sai
2024-12-01 23:42:29,811 [INFO] IPUIPlugin:80 - create IPUIPlugin
2024-12-01 23:42:29,812 [INFO] PluginManager:220 - loadIPPluginJar : add spi
2024-12-01 23:42:29,941 [INFO] IPUIPlugin:80 - create IPUIPlugin
2024-12-01 23:42:29,941 [INFO] PluginManager:220 - loadIPPluginJar : add stm32_wpan
2024-12-01 23:42:30,007 [INFO] IPUIPlugin:80 - create IPUIPlugin
2024-12-01 23:42:30,007 [INFO] PluginManager:220 - loadIPPluginJar : add tim
2024-12-01 23:42:30,139 [INFO] IPUIPlugin:80 - create IPUIPlugin
2024-12-01 23:42:30,139 [INFO] PluginManager:220 - loadIPPluginJar : add touchsensing
2024-12-01 23:42:30,185 [INFO] IPUIPlugin:80 - create IPUIPlugin
2024-12-01 23:42:30,185 [INFO] PluginManager:220 - loadIPPluginJar : add tracer_emb
2024-12-01 23:42:30,239 [INFO] IPUIPlugin:80 - create IPUIPlugin
2024-12-01 23:42:30,239 [INFO] PluginManager:220 - loadIPPluginJar : add ts
2024-12-01 23:42:30,297 [INFO] IPUIPlugin:80 - create IPUIPlugin
2024-12-01 23:42:30,298 [INFO] PluginManager:220 - loadIPPluginJar : add tsc
2024-12-01 23:42:30,303 [INFO] IPUIPlugin:80 - create IPUIPlugin
2024-12-01 23:42:30,303 [INFO] PluginManager:220 - loadIPPluginJar : add ucpd
2024-12-01 23:42:30,392 [INFO] IPUIPlugin:80 - create IPUIPlugin
2024-12-01 23:42:30,392 [INFO] PluginManager:220 - loadIPPluginJar : add usart
2024-12-01 23:42:30,468 [INFO] IPUIPlugin:80 - create IPUIPlugin
2024-12-01 23:42:30,468 [INFO] PluginManager:220 - loadIPPluginJar : add usbx
2024-12-01 23:42:30,649 [FATAL] Updater:351 - Updater called before beeing initialized
2024-12-01 23:42:30,708 [INFO] RulesReader:64 - Compatibility file has been processed (297 Rules)
2024-12-01 23:42:30,734 [INFO] RulesReader:64 - Compatibility file has been processed (297 Rules)
2024-12-01 23:42:30,752 [INFO] CADModel:165 - CPN selected for project level
2024-12-01 23:42:30,753 [INFO] CADModel:114 - Register for checkConnection events
2024-12-01 23:42:30,753 [FATAL] Updater:351 - Updater called before beeing initialized
2024-12-01 23:42:30,753 [ERROR] CADModel:125 - Updater not yet initialized, retry later 
2024-12-01 23:42:31,004 [FATAL] Updater:351 - Updater called before beeing initialized
2024-12-01 23:42:31,007 [INFO] CADModel:165 - CPN selected for project level
2024-12-01 23:42:31,007 [INFO] CADModel:114 - Register for checkConnection events
2024-12-01 23:42:31,007 [FATAL] Updater:351 - Updater called before beeing initialized
2024-12-01 23:42:31,007 [ERROR] CADModel:125 - Updater not yet initialized, retry later 
2024-12-01 23:42:31,014 [FATAL] Updater:351 - Updater called before beeing initialized
2024-12-01 23:42:31,287 [FATAL] Updater:351 - Updater called before beeing initialized
2024-12-01 23:42:31,295 [INFO] DbMcusAds:53 - JSON generation date=Fri Sep 20 16:04:23 EEST 2024 (1726837463113)
2024-12-01 23:42:31,296 [FATAL] Updater:351 - Updater called before beeing initialized
2024-12-01 23:42:31,354 [WARN] DetailPanel:346 - Failed to get advertising image, set to default
2024-12-01 23:42:31,625 [INFO] ThirdPartyUpdaterWithRetryManager:70 - Updater plugin not ready yet. [3/15]
2024-12-01 23:42:31,768 [FATAL] Updater:351 - Updater called before beeing initialized
2024-12-01 23:42:31,771 [FATAL] Updater:351 - Updater called before beeing initialized
2024-12-01 23:42:31,771 [FATAL] Updater:351 - Updater called before beeing initialized
2024-12-01 23:42:31,771 [WARN] DetailPanel:346 - Failed to get advertising image, set to default
2024-12-01 23:42:31,773 [FATAL] Updater:351 - Updater called before beeing initialized
2024-12-01 23:42:31,890 [ERROR] Updater:1198 - MainUpdater not yet initialized. External WinMGr cannot be set.
2024-12-01 23:42:31,907 [INFO] Updater:1134 - Updater Version found : 6.13.0
2024-12-01 23:42:31,942 [INFO] ApplicationProperties:184 - Using Application install path: C:\ST\STM32CubeIDE_1.17.0\STM32CubeIDE\plugins\com.st.stm32cube.common.mx_6.13.0.202411220809
2024-12-01 23:42:32,073 [INFO] MainUpdater:525 - Copy updater definitions from MX database
2024-12-01 23:42:32,424 [INFO] MainUpdater:2872 - connection check result : 22
2024-12-01 23:42:32,425 [INFO] MainUpdater:289 - Updater Check For Update Now.
2024-12-01 23:42:32,426 [INFO] MicroXplorer:498 - Change Database Version : DB.6.0.130
2024-12-01 23:42:32,459 [INFO] McuFinderGlobals:63 - Set McuFinder mode to 2 (CubeIDE integrated)
2024-12-01 23:42:32,477 [INFO] UserAuth:486 - Internet connection configuration mode: 2
2024-12-01 23:42:32,496 [INFO] UserAuth:486 - Internet connection configuration mode: 2
2024-12-01 23:42:32,910 [INFO] CheckServerUpdateThread:120 - End of CheckServer Thread
2024-12-01 23:42:35,085 [WARN] PackLoader:240 - Cannot read IP mode file for STMicroelectronics.FP-SNS-MOTENVWB1.1.4.0
2024-12-01 23:42:35,117 [WARN] PackLoader:240 - Cannot read IP mode file for STMicroelectronics.FP-ATR-ASTRA1.2.0.1
2024-12-01 23:42:35,143 [WARN] PackLoader:240 - Cannot read IP mode file for STMicroelectronics.X-CUBE-SMBUS.2.1.0
2024-12-01 23:42:35,183 [WARN] PackLoader:240 - Cannot read IP mode file for STMicroelectronics.X-CUBE-WB05N.1.1.0
2024-12-01 23:42:35,297 [WARN] PackLoader:240 - Cannot read IP mode file for STMicroelectronics.X-CUBE-AZRTOS-F7.1.1.0
2024-12-01 23:42:35,466 [WARN] PackLoader:240 - Cannot read IP mode file for STMicroelectronics.X-CUBE-MEMS1.11.0.0
2024-12-01 23:42:35,905 [WARN] PackLoader:240 - Cannot read IP mode file for STMicroelectronics.FP-SNS-FLIGHT1.5.0.2
2024-12-01 23:42:35,944 [WARN] PackLoader:240 - Cannot read IP mode file for STMicroelectronics.X-CUBE-DISPLAY.3.0.0
2024-12-01 23:42:35,993 [WARN] PackLoader:240 - Cannot read IP mode file for STMicroelectronics.X-CUBE-BLE1.7.0.0
2024-12-01 23:42:36,048 [WARN] PackLoader:240 - Cannot read IP mode file for STMicroelectronics.X-CUBE-NFC10.1.0.0
2024-12-01 23:42:36,088 [WARN] PackLoader:240 - Cannot read IP mode file for emotas.I-CUBE-CANOPEN.1.3.0
2024-12-01 23:42:36,125 [WARN] PackLoader:240 - Cannot read IP mode file for STMicroelectronics.X-CUBE-BLEMGR.3.1.0
2024-12-01 23:42:36,177 [WARN] PackLoader:240 - Cannot read IP mode file for STMicroelectronics.FP-SNS-SMARTAG2.1.2.0
2024-12-01 23:42:36,227 [INFO] LogOutputStream:77 - [STDOUT_REDIRECT] 1 : Invalid condition id : UX_CORESTACK_Condition cause : null
2024-12-01 23:42:36,229 [INFO] LogOutputStream:77 - [STDOUT_REDIRECT] 1 : Invalid condition id : UX_CORESTACK_Condition cause : null
2024-12-01 23:42:36,232 [INFO] LogOutputStream:77 - [STDOUT_REDIRECT] 1 : Invalid condition id : UX_CORESTACK_Condition cause : null
2024-12-01 23:42:36,235 [INFO] LogOutputStream:77 - [STDOUT_REDIRECT] 1 : Invalid condition id : UX_CORESTACK_Condition cause : null
2024-12-01 23:42:36,237 [INFO] LogOutputStream:77 - [STDOUT_REDIRECT] 1 : Invalid condition id : UX_CORESTACK_Condition cause : null
2024-12-01 23:42:36,242 [WARN] PackLoader:240 - Cannot read IP mode file for STMicroelectronics.X-CUBE-AZRTOS-WL.2.0.0
2024-12-01 23:42:36,278 [WARN] PackLoader:240 - Cannot read IP mode file for STMicroelectronics.FP-SNS-MOTENV1.5.0.0
2024-12-01 23:42:36,308 [WARN] PackLoader:240 - Cannot read IP mode file for wolfSSL.I-CUBE-wolfMQTT.1.19.0
2024-12-01 23:42:36,340 [WARN] PackLoader:240 - Cannot read IP mode file for WES.I-CUBE-Cesium.1.3.0
2024-12-01 23:42:36,371 [WARN] PackLoader:240 - Cannot read IP mode file for STMicroelectronics.X-CUBE-BLE2.3.3.0
2024-12-01 23:42:36,403 [WARN] PackLoader:240 - Cannot read IP mode file for STMicroelectronics.X-CUBE-NFC9.1.0.0
2024-12-01 23:42:36,451 [WARN] PackLoader:240 - Cannot read IP mode file for STMicroelectronics.X-CUBE-TCPP.4.1.0
2024-12-01 23:42:36,510 [WARN] PackLoader:240 - Cannot read IP mode file for STMicroelectronics.X-CUBE-AZRTOS-G0.1.1.0
2024-12-01 23:42:36,551 [WARN] PackLoader:240 - Cannot read IP mode file for STMicroelectronics.X-CUBE-SAFEA1.1.2.2
2024-12-01 23:42:36,584 [WARN] PackLoader:240 - Cannot read IP mode file for STMicroelectronics.X-CUBE-NFC4.3.0.0
2024-12-01 23:42:36,624 [WARN] PackLoader:240 - Cannot read IP mode file for EmbeddedOffice.I-CUBE-FS-RTOS.1.0.1
2024-12-01 23:42:36,657 [WARN] PackLoader:240 - Cannot read IP mode file for RealThread.X-CUBE-RT-Thread_Nano.4.1.1
2024-12-01 23:42:36,688 [WARN] PackLoader:240 - Cannot read IP mode file for STMicroelectronics.FP-ATR-SIGFOX1.3.2.0
2024-12-01 23:42:36,728 [WARN] ConditionMgr:438 - getConditionDescription Invalid condition id : Cortex-A Device cause : null
2024-12-01 23:42:36,776 [WARN] ConditionMgr:1044 - genDependencies : Invalid condition id : Cortex-A Device cause : null
2024-12-01 23:42:36,776 [WARN] ConditionMgr:1044 - genDependencies : Invalid condition id : Cortex-A Device cause : null
2024-12-01 23:42:36,776 [WARN] ConditionMgr:1044 - genDependencies : Invalid condition id : Cortex-A Device cause : null
2024-12-01 23:42:36,810 [WARN] PackLoader:240 - Cannot read IP mode file for STMicroelectronics.X-CUBE-EEPRMA1.5.1.0
2024-12-01 23:42:36,841 [WARN] PackLoader:240 - Cannot read IP mode file for wolfSSL.I-CUBE-wolfSSL.5.7.4
2024-12-01 23:42:36,877 [WARN] PackLoader:240 - Cannot read IP mode file for ITTIA_DB.I-CUBE-ITTIADB.8.9.0
2024-12-01 23:42:37,030 [WARN] PackLoader:240 - Cannot read IP mode file for SEGGER.I-CUBE-embOS.1.3.1
2024-12-01 23:42:37,125 [WARN] PackLoader:240 - Cannot read IP mode file for STMicroelectronics.X-CUBE-ALGOBUILD.1.4.0
2024-12-01 23:42:37,207 [WARN] PackLoader:240 - Cannot read IP mode file for STMicroelectronics.X-CUBE-AZRTOS-F4.1.1.0
2024-12-01 23:42:37,241 [WARN] PackLoader:240 - Cannot read IP mode file for STMicroelectronics.X-CUBE-ISPU.2.1.0
2024-12-01 23:42:37,287 [WARN] PackLoader:240 - Cannot read IP mode file for STMicroelectronics.X-CUBE-FREERTOS.1.2.0
2024-12-01 23:42:37,358 [WARN] PackLoader:240 - Cannot read IP mode file for STMicroelectronics.X-CUBE-AZRTOS-L5.2.0.0
2024-12-01 23:42:37,397 [WARN] PackLoader:240 - Cannot read IP mode file for STMicroelectronics.X-CUBE-NFC6.3.1.0
2024-12-01 23:42:37,434 [WARN] PackLoader:240 - Cannot read IP mode file for STMicroelectronics.X-CUBE-NFC7.1.0.1
2024-12-01 23:42:37,500 [WARN] ConditionMgr:438 - getConditionDescription Invalid condition id : LAN8742 Phy interface Condition cause : null
2024-12-01 23:42:37,501 [WARN] PackLoader:240 - Cannot read IP mode file for STMicroelectronics.X-CUBE-AZRTOS-L4.2.0.0
2024-12-01 23:42:37,503 [WARN] ConditionMgr:1044 - genDependencies : Invalid condition id : LAN8742 Phy interface Condition cause : null
2024-12-01 23:42:37,504 [WARN] ConditionMgr:1044 - genDependencies : Invalid condition id : LAN8742 Phy interface Condition cause : null
2024-12-01 23:42:37,505 [WARN] ConditionMgr:1044 - genDependencies : Invalid condition id : LAN8742 Phy interface Condition cause : null
2024-12-01 23:42:37,544 [WARN] PackLoader:240 - Cannot read IP mode file for STMicroelectronics.X-CUBE-SFXS2LP1.4.0.0
2024-12-01 23:42:37,611 [WARN] PackLoader:240 - Cannot read IP mode file for STMicroelectronics.X-CUBE-AZRTOS-H7.3.3.0
2024-12-01 23:42:37,664 [WARN] PackLoader:240 - Cannot read IP mode file for STMicroelectronics.X-CUBE-IPS.3.0.0
2024-12-01 23:42:37,722 [WARN] ConditionMgr:438 - getConditionDescription Invalid condition id : UX DEVICE CLASS RTOS Condition cause : null
2024-12-01 23:42:37,722 [WARN] ConditionMgr:438 - getConditionDescription Invalid condition id : UX DEVICE CLASS RTOS Condition cause : null
2024-12-01 23:42:37,726 [WARN] PackLoader:240 - Cannot read IP mode file for STMicroelectronics.X-CUBE-AZRTOS-WB.2.0.0
2024-12-01 23:42:37,727 [WARN] ConditionMgr:1044 - genDependencies : Invalid condition id : UX DEVICE CLASS RTOS Condition cause : null
2024-12-01 23:42:37,727 [WARN] ConditionMgr:1044 - genDependencies : Invalid condition id : UX DEVICE CLASS RTOS Condition cause : null
2024-12-01 23:42:37,727 [WARN] ConditionMgr:1044 - genDependencies : Invalid condition id : UX DEVICE CLASS RTOS Condition cause : null
2024-12-01 23:42:37,728 [WARN] ConditionMgr:1044 - genDependencies : Invalid condition id : UX DEVICE CLASS RTOS Condition cause : null
2024-12-01 23:42:37,729 [WARN] ConditionMgr:1044 - genDependencies : Invalid condition id : UX DEVICE CLASS RTOS Condition cause : null
2024-12-01 23:42:37,766 [WARN] PackLoader:240 - Cannot read IP mode file for STMicroelectronics.X-CUBE-GNSS1.7.0.0
2024-12-01 23:42:37,806 [WARN] PackLoader:240 - Cannot read IP mode file for STMicroelectronics.X-CUBE-SUBG2.5.0.0
2024-12-01 23:42:37,842 [WARN] PackLoader:240 - Cannot read IP mode file for Cesanta.I-CUBE-Mongoose.7.13.0
2024-12-01 23:42:37,895 [WARN] PackLoader:240 - Cannot read IP mode file for STMicroelectronics.X-CUBE-AZRTOS-G4.2.0.0
2024-12-01 23:42:37,933 [WARN] PackLoader:240 - Cannot read IP mode file for STMicroelectronics.X-CUBE-ALS.1.0.2
2024-12-01 23:42:37,961 [WARN] PackLoader:240 - Cannot read IP mode file for STMicroelectronics.X-CUBE-TOUCHGFX.4.24.1
2024-12-01 23:42:37,990 [WARN] PackLoader:240 - Cannot read IP mode file for wolfSSL.I-CUBE-wolfTPM.3.4.0
2024-12-01 23:42:38,018 [WARN] PackLoader:240 - Cannot read IP mode file for portGmbH.I-Cube-SoM-uGOAL.1.1.0
2024-12-01 23:42:38,072 [WARN] PackLoader:240 - Cannot read IP mode file for STMicroelectronics.X-CUBE-AZRTOS-H7RS.1.0.0
2024-12-01 23:42:38,101 [WARN] PackLoader:240 - Cannot read IP mode file for STMicroelectronics.FP-ATR-ASTRA1.2.0.0
2024-12-01 23:42:38,142 [WARN] PackLoader:240 - Cannot read IP mode file for STMicroelectronics.X-CUBE-TOF1.3.4.2
2024-12-01 23:42:38,236 [WARN] PackLoader:240 - Cannot read IP mode file for Infineon.AIROC-Wi-Fi-Bluetooth-STM32.1.6.1
2024-12-01 23:42:38,272 [WARN] PackLoader:240 - Cannot read IP mode file for wolfSSL.I-CUBE-wolfSSH.1.4.17
2024-12-01 23:42:38,273 [INFO] ThirdParty:978 - Integrity check success = true
2024-12-01 23:42:38,274 [INFO] IntegrityCheckThread:100 - exiting critical section [integrity check]
2024-12-01 23:42:38,274 [INFO] IntegrityCheckThread:103 - End integrity checks thread
2024-12-01 23:48:51,748 [INFO] McuFinderGlobals:63 - Set McuFinder mode to 2 (CubeIDE integrated)
2024-12-01 23:48:53,278 [INFO] MainUpdater:2872 - connection check result : 22
2024-12-01 23:48:53,302 [INFO] MainUpdater:2872 - connection check result : 22
2024-12-01 23:49:07,026 [INFO] MainUpdater:2872 - connection check result : 22
2024-12-01 23:49:09,017 [INFO] MicroXplorer:468 - Change Database Path : 
2024-12-01 23:49:09,018 [INFO] MicroXplorer:498 - Change Database Version : DB.6.0.130
2024-12-01 23:49:09,036 [WARN] ThirdParty:871 - waiting for thirdparty lock release [close project]
2024-12-01 23:49:09,036 [INFO] ThirdParty:873 - entering critical section [close project]
2024-12-01 23:49:09,037 [INFO] ThirdParty:883 - exiting critical section [close project]
2024-12-01 23:49:09,040 [INFO] PinOutPanel:1589 - setPackage(No Configuration,No Configuration)
2024-12-01 23:49:09,047 [INFO] UtilMem:75 - Begin LoadConfig() Used Memory: 248915240 Bytes (277872640)
2024-12-01 23:53:20,851 [ERROR] ConfigurationRetriever:142 - IOException on connection: sw-center.st.com
2024-12-01 23:53:20,852 [ERROR] ConfigurationRetriever:142 - IOException on connection: sw-center.st.com
2024-12-01 23:53:20,852 [ERROR] ConfigurationRetriever:142 - IOException on connection: sw-center.st.com
2024-12-01 23:55:47,800 [INFO] Activator:176 - 


2024-12-01 23:55:47,804 [INFO] Activator:177 - !SESSION log4j initialized
2024-12-01 23:56:03,150 [INFO] LogOutputStream:77 - [STDOUT_REDIRECT] 
2024-12-01 23:56:05,030 [ERROR] ConfigurationRetriever:142 - IOException on connection: sw-center.st.com
2024-12-01 23:56:05,032 [ERROR] ConfigurationRetriever:142 - IOException on connection: sw-center.st.com
2024-12-01 23:56:05,033 [ERROR] ConfigurationRetriever:142 - IOException on connection: sw-center.st.com
2024-12-01 23:56:07,606 [INFO] ApplicationProperties:184 - Using Application install path: C:\ST\STM32CubeIDE_1.17.0\STM32CubeIDE\plugins\com.st.stm32cube.common.mx_6.13.0.202411220809
2024-12-01 23:56:07,657 [INFO] DbMcusXml:78 - Set database path to: C:\ST\STM32CubeIDE_1.17.0\STM32CubeIDE\plugins\com.st.stm32cube.common.mx_6.13.0.202411220809\\db\/mcu/
2024-12-01 23:56:07,661 [INFO] ApiDb:274 - Set plugin database path to: C:\ST\STM32CubeIDE_1.17.0\STM32CubeIDE\plugins\com.st.stm32cube.common.mx_6.13.0.202411220809\\db\/plugins/boardmanager/
2024-12-01 23:56:07,663 [WARN] ApiDb:259 - Overriding images path with different value:  => C:\ST\STM32CubeIDE_1.17.0\STM32CubeIDE\plugins\com.st.stm32cube.common.mx_6.13.0.202411220809\\db\/plugins/mcufinder/images/
2024-12-01 23:56:07,735 [INFO] ApiDb:250 - Set database path to: C:\Users\Ziad_Fathy\.stmcufinder\plugins\mcufinder//mcu/
2024-12-01 23:56:07,738 [INFO] DbMcusAds:125 - Set database path to: C:\Users\Ziad_Fathy\.stmcufinder\plugins\mcufinder//mcu/
2024-12-01 23:56:07,757 [INFO] CrossReferenceDbSqlite:203 - Set database path to: C:\Users\Ziad_Fathy\.stmcufinder\plugins\mcufinder//mcu/cs/
2024-12-01 23:56:08,255 [INFO] RulesReader:64 - Compatibility file has been processed (297 Rules)
2024-12-01 23:56:08,524 [INFO] DbMcusXml:78 - Set database path to: C:\ST\STM32CubeIDE_1.17.0\STM32CubeIDE\plugins\com.st.stm32cube.common.mx_6.13.0.202411220809\\db\/mcu/
2024-12-01 23:56:08,525 [INFO] ApiDb:274 - Set plugin database path to: C:\ST\STM32CubeIDE_1.17.0\STM32CubeIDE\plugins\com.st.stm32cube.common.mx_6.13.0.202411220809\\db\/plugins/boardmanager/
2024-12-01 23:56:08,526 [INFO] ApiDb:261 - Set plugin images path to: C:\ST\STM32CubeIDE_1.17.0\STM32CubeIDE\plugins\com.st.stm32cube.common.mx_6.13.0.202411220809\\db\/plugins/mcufinder/images/
2024-12-01 23:56:08,526 [WARN] DbFile:41 - Overriding database path with different value: C:\Users\Ziad_Fathy\.stmcufinder\plugins\mcufinder/ => C:\Users\Ziad_Fathy\.stmcufinder\plugins\mcufinder
2024-12-01 23:56:08,526 [INFO] ApiDb:250 - Set database path to: C:\Users\Ziad_Fathy\.stmcufinder\plugins\mcufinder//mcu/
2024-12-01 23:56:08,526 [WARN] DbFile:41 - Overriding database path with different value: C:\Users\Ziad_Fathy\.stmcufinder\plugins\mcufinder/ => C:\Users\Ziad_Fathy\.stmcufinder\plugins\mcufinder
2024-12-01 23:56:08,526 [INFO] DbMcusAds:125 - Set database path to: C:\Users\Ziad_Fathy\.stmcufinder\plugins\mcufinder//mcu/
2024-12-01 23:56:08,526 [WARN] DbFile:41 - Overriding database path with different value: C:\Users\Ziad_Fathy\.stmcufinder\plugins\mcufinder/ => C:\Users\Ziad_Fathy\.stmcufinder\plugins\mcufinder
2024-12-01 23:56:08,526 [WARN] DbFile:41 - Overriding database path with different value: C:\Users\Ziad_Fathy\.stmcufinder\plugins\mcufinder/ => C:\Users\Ziad_Fathy\.stmcufinder\plugins\mcufinder
2024-12-01 23:56:08,532 [INFO] CrossReferenceDbSqlite:203 - Set database path to: C:\Users\Ziad_Fathy\.stmcufinder\plugins\mcufinder//mcu/cs/
2024-12-01 23:56:08,842 [INFO] MainPanel:272 - HeapMemory: 268435456
2024-12-01 23:56:09,305 [INFO] DbMcusXml:78 - Set database path to: C:\ST\STM32CubeIDE_1.17.0\STM32CubeIDE\plugins\com.st.stm32cube.common.mx_6.13.0.202411220809\\db\/mcu/
2024-12-01 23:56:09,305 [INFO] ApiDb:274 - Set plugin database path to: C:\ST\STM32CubeIDE_1.17.0\STM32CubeIDE\plugins\com.st.stm32cube.common.mx_6.13.0.202411220809\\db\/plugins/boardmanager/
2024-12-01 23:56:09,305 [INFO] ApiDb:261 - Set plugin images path to: C:\ST\STM32CubeIDE_1.17.0\STM32CubeIDE\plugins\com.st.stm32cube.common.mx_6.13.0.202411220809\\db\/plugins/mcufinder/images/
2024-12-01 23:56:09,306 [WARN] DbFile:41 - Overriding database path with different value: C:\Users\Ziad_Fathy\.stmcufinder\plugins\mcufinder/ => C:\Users\Ziad_Fathy\.stmcufinder\plugins\mcufinder
2024-12-01 23:56:09,306 [INFO] ApiDb:250 - Set database path to: C:\Users\Ziad_Fathy\.stmcufinder\plugins\mcufinder//mcu/
2024-12-01 23:56:09,306 [WARN] DbFile:41 - Overriding database path with different value: C:\Users\Ziad_Fathy\.stmcufinder\plugins\mcufinder/ => C:\Users\Ziad_Fathy\.stmcufinder\plugins\mcufinder
2024-12-01 23:56:09,306 [INFO] DbMcusAds:125 - Set database path to: C:\Users\Ziad_Fathy\.stmcufinder\plugins\mcufinder//mcu/
2024-12-01 23:56:09,306 [WARN] DbFile:41 - Overriding database path with different value: C:\Users\Ziad_Fathy\.stmcufinder\plugins\mcufinder/ => C:\Users\Ziad_Fathy\.stmcufinder\plugins\mcufinder
2024-12-01 23:56:09,306 [WARN] DbFile:41 - Overriding database path with different value: C:\Users\Ziad_Fathy\.stmcufinder\plugins\mcufinder/ => C:\Users\Ziad_Fathy\.stmcufinder\plugins\mcufinder
2024-12-01 23:56:09,307 [INFO] CrossReferenceDbSqlite:203 - Set database path to: C:\Users\Ziad_Fathy\.stmcufinder\plugins\mcufinder//mcu/cs/
2024-12-01 23:56:09,333 [INFO] ApplicationProperties:184 - Using Application install path: C:\ST\STM32CubeIDE_1.17.0\STM32CubeIDE\plugins\com.st.stm32cube.common.mx_6.13.0.202411220809
2024-12-01 23:56:09,335 [INFO] PluginManage:196 - Search for loadable plugins [exclusion list=, ]
2024-12-01 23:56:09,336 [INFO] PluginManage:310 - Check plugin analytics
2024-12-01 23:56:09,572 [INFO] AnalyticsPlugin:253 - Accepted Software Licenses: STM32CubeMX.6.12.1
2024-12-01 23:56:09,573 [INFO] AnalyticsPlugin:255 - Accepted CMSIS Pack Licenses: 
2024-12-01 23:56:09,574 [INFO] AnalyticsPlugin:257 - Accepted Firmware Licenses: FW.F4.1.28.0
2024-12-01 23:56:09,580 [ERROR] ConfigurationRetriever:142 - IOException on connection: sw-center.st.com
2024-12-01 23:56:09,581 [INFO] PluginManage:359 - Loaded plugin analytics (category:tool,tabindex:-1)
2024-12-01 23:56:09,581 [ERROR] ConfigurationRetriever:142 - IOException on connection: sw-center.st.com
2024-12-01 23:56:09,583 [INFO] PluginManage:310 - Check plugin cadmodel
2024-12-01 23:56:09,586 [ERROR] ConfigurationRetriever:142 - IOException on connection: sw-center.st.com
2024-12-01 23:56:09,591 [INFO] CADModel:105 - Init CAD model plugin
2024-12-01 23:56:09,592 [INFO] PluginManage:359 - Loaded plugin cadmodel (category:power,tabindex:5)
2024-12-01 23:56:09,592 [INFO] PluginManage:310 - Check plugin clock
2024-12-01 23:56:09,612 [INFO] PluginManage:359 - Loaded plugin clock (category:base,tabindex:2)
2024-12-01 23:56:09,618 [INFO] PluginManage:310 - Check plugin ddr
2024-12-01 23:56:09,636 [INFO] PluginManage:359 - Loaded plugin ddr (category:tool,tabindex:6)
2024-12-01 23:56:09,637 [INFO] PluginManage:310 - Check plugin filemanager
2024-12-01 23:56:10,058 [INFO] PluginManage:359 - Loaded plugin filemanager (category:base,tabindex:10)
2024-12-01 23:56:10,059 [INFO] PluginManage:310 - Check plugin ipmanager
2024-12-01 23:56:10,091 [INFO] PluginManage:359 - Loaded plugin ipmanager (category:base,tabindex:5)
2024-12-01 23:56:10,091 [INFO] PluginManage:310 - Check plugin lpbam
2024-12-01 23:56:10,140 [INFO] PluginManage:359 - Loaded plugin lpbam (category:base,tabindex:0)
2024-12-01 23:56:10,141 [INFO] PluginManage:310 - Check plugin memorymap
2024-12-01 23:56:10,186 [INFO] PluginManage:359 - Loaded plugin memorymap (category:base,tabindex:4)
2024-12-01 23:56:10,187 [INFO] PluginManage:310 - Check plugin pinoutandconfiguration
2024-12-01 23:56:10,206 [INFO] PluginManage:359 - Loaded plugin pinoutandconfiguration (category:base,tabindex:1)
2024-12-01 23:56:10,207 [INFO] PluginManage:310 - Check plugin pinoutconfig
2024-12-01 23:56:10,425 [WARN] SupportedApi:132 - Cannot load RTOS API schema: s4s-elt-must-match.1: The content of 'definitions' must match (annotation?, (simpleType | complexType)?, (unique | key | keyref)*)). A problem was found starting at: attribute.
2024-12-01 23:56:10,643 [INFO] PluginManage:359 - Loaded plugin pinoutconfig (category:base,tabindex:0)
2024-12-01 23:56:10,644 [INFO] PluginManage:310 - Check plugin power
2024-12-01 23:56:10,678 [INFO] PluginManage:359 - Loaded plugin power (category:power,tabindex:4)
2024-12-01 23:56:10,678 [INFO] PluginManage:310 - Check plugin projectmanager
2024-12-01 23:56:10,762 [INFO] PluginManage:359 - Loaded plugin projectmanager (category:projectmanager,tabindex:4)
2024-12-01 23:56:10,762 [INFO] PluginManage:310 - Check plugin rif
2024-12-01 23:56:10,791 [INFO] PluginManage:359 - Loaded plugin rif (category:base,tabindex:3)
2024-12-01 23:56:10,792 [INFO] PluginManage:310 - Check plugin thirdparty
2024-12-01 23:56:11,144 [INFO] PluginManage:359 - Loaded plugin thirdparty (category:base,tabindex:-1)
2024-12-01 23:56:11,145 [INFO] PluginManage:310 - Check plugin tools
2024-12-01 23:56:11,150 [INFO] PluginManage:359 - Loaded plugin tools (category:base,tabindex:7)
2024-12-01 23:56:11,151 [INFO] PluginManage:310 - Check plugin tutovideos
2024-12-01 23:56:11,160 [WARN] IntegrityCheckThread:84 - waiting for thirdparty lock release [integrity check]
2024-12-01 23:56:11,167 [INFO] IntegrityCheckThread:86 - entering critical section [integrity check]
2024-12-01 23:56:11,170 [INFO] ThirdPartyUpdaterWithRetryManager:70 - Updater plugin not ready yet. [1/15]
2024-12-01 23:56:11,453 [INFO] PluginManage:359 - Loaded plugin tutovideos (category:base,tabindex:-1)
2024-12-01 23:56:11,453 [INFO] PluginManage:310 - Check plugin updater
2024-12-01 23:56:11,507 [INFO] PluginManage:359 - Loaded plugin updater (category:base,tabindex:12)
2024-12-01 23:56:11,507 [INFO] PluginManage:310 - Check plugin userauth
2024-12-01 23:56:11,512 [INFO] UserAuth:118 - Init User Auth plugin
2024-12-01 23:56:11,514 [INFO] PluginManage:359 - Loaded plugin userauth (category:base,tabindex:14)
2024-12-01 23:56:11,515 [INFO] PluginManage:283 - PluginManage : Loaded plugins [18]
2024-12-01 23:56:11,864 [INFO] PinOutPanel:1589 - setPackage(No Configuration,No Configuration)
2024-12-01 23:56:12,031 [INFO] CADModel:165 - CPN selected for project level
2024-12-01 23:56:12,032 [INFO] CADModel:114 - Register for checkConnection events
2024-12-01 23:56:12,063 [INFO] IPUIPlugin:80 - create IPUIPlugin
2024-12-01 23:56:12,063 [INFO] PluginManager:220 - loadIPPluginJar : add adc
2024-12-01 23:56:12,072 [INFO] IPUIPlugin:80 - create IPUIPlugin
2024-12-01 23:56:12,072 [INFO] PluginManager:220 - loadIPPluginJar : add aes
2024-12-01 23:56:12,077 [INFO] IPUIPlugin:80 - create IPUIPlugin
2024-12-01 23:56:12,077 [INFO] PluginManager:220 - loadIPPluginJar : add can
2024-12-01 23:56:12,081 [INFO] IPUIPlugin:80 - create IPUIPlugin
2024-12-01 23:56:12,081 [INFO] PluginManager:220 - loadIPPluginJar : add comp
2024-12-01 23:56:12,086 [INFO] IPUIPlugin:80 - create IPUIPlugin
2024-12-01 23:56:12,086 [INFO] PluginManager:220 - loadIPPluginJar : add cryp
2024-12-01 23:56:12,095 [INFO] IPUIPlugin:80 - create IPUIPlugin
2024-12-01 23:56:12,096 [INFO] PluginManager:220 - loadIPPluginJar : add ddr_ctrl_phy
2024-12-01 23:56:12,120 [INFO] IPUIPlugin:80 - create IPUIPlugin
2024-12-01 23:56:12,121 [INFO] PluginManager:220 - loadIPPluginJar : add dfsdm
2024-12-01 23:56:12,138 [INFO] IPUIPlugin:80 - create IPUIPlugin
2024-12-01 23:56:12,139 [INFO] PluginManager:220 - loadIPPluginJar : add dma
2024-12-01 23:56:12,144 [INFO] IPUIPlugin:80 - create IPUIPlugin
2024-12-01 23:56:12,145 [INFO] PluginManager:220 - loadIPPluginJar : add dma3
2024-12-01 23:56:12,152 [INFO] IPUIPlugin:80 - create IPUIPlugin
2024-12-01 23:56:12,152 [INFO] PluginManager:220 - loadIPPluginJar : add extmemmanager
2024-12-01 23:56:12,156 [INFO] IPUIPlugin:80 - create IPUIPlugin
2024-12-01 23:56:12,156 [INFO] PluginManager:220 - loadIPPluginJar : add fatfs
2024-12-01 23:56:12,165 [INFO] IPUIPlugin:80 - create IPUIPlugin
2024-12-01 23:56:12,166 [INFO] PluginManager:220 - loadIPPluginJar : add fmc
2024-12-01 23:56:12,174 [INFO] IPUIPlugin:80 - create IPUIPlugin
2024-12-01 23:56:12,175 [INFO] PluginManager:220 - loadIPPluginJar : add freertos
2024-12-01 23:56:12,178 [INFO] IPUIPlugin:80 - create IPUIPlugin
2024-12-01 23:56:12,179 [INFO] PluginManager:220 - loadIPPluginJar : add genericplugin
2024-12-01 23:56:12,183 [INFO] IPUIPlugin:80 - create IPUIPlugin
2024-12-01 23:56:12,184 [INFO] PluginManager:220 - loadIPPluginJar : add gfxmmu
2024-12-01 23:56:12,193 [INFO] IPUIPlugin:80 - create IPUIPlugin
2024-12-01 23:56:12,194 [INFO] PluginManager:220 - loadIPPluginJar : add gic
2024-12-01 23:56:12,202 [INFO] IPUIPlugin:80 - create IPUIPlugin
2024-12-01 23:56:12,203 [INFO] PluginManager:220 - loadIPPluginJar : add gpio
2024-12-01 23:56:12,209 [INFO] IPUIPlugin:80 - create IPUIPlugin
2024-12-01 23:56:12,210 [INFO] PluginManager:220 - loadIPPluginJar : add gtzc
2024-12-01 23:56:12,215 [INFO] IPUIPlugin:80 - create IPUIPlugin
2024-12-01 23:56:12,216 [INFO] PluginManager:220 - loadIPPluginJar : add hash
2024-12-01 23:56:12,260 [INFO] IPUIPlugin:80 - create IPUIPlugin
2024-12-01 23:56:12,262 [INFO] PluginManager:220 - loadIPPluginJar : add i2c
2024-12-01 23:56:12,276 [INFO] IPUIPlugin:80 - create IPUIPlugin
2024-12-01 23:56:12,278 [INFO] PluginManager:220 - loadIPPluginJar : add i2s
2024-12-01 23:56:12,296 [INFO] IPUIPlugin:80 - create IPUIPlugin
2024-12-01 23:56:12,297 [INFO] PluginManager:220 - loadIPPluginJar : add i3c
2024-12-01 23:56:12,307 [INFO] IPUIPlugin:80 - create IPUIPlugin
2024-12-01 23:56:12,307 [INFO] PluginManager:220 - loadIPPluginJar : add ipddr
2024-12-01 23:56:12,321 [INFO] IPUIPlugin:80 - create IPUIPlugin
2024-12-01 23:56:12,321 [INFO] PluginManager:220 - loadIPPluginJar : add linkedlist
2024-12-01 23:56:12,327 [INFO] IPUIPlugin:80 - create IPUIPlugin
2024-12-01 23:56:12,327 [INFO] PluginManager:220 - loadIPPluginJar : add lorawan
2024-12-01 23:56:12,330 [INFO] IPUIPlugin:80 - create IPUIPlugin
2024-12-01 23:56:12,330 [INFO] PluginManager:220 - loadIPPluginJar : add ltdc
2024-12-01 23:56:12,345 [INFO] IPUIPlugin:80 - create IPUIPlugin
2024-12-01 23:56:12,345 [INFO] PluginManager:220 - loadIPPluginJar : add mdma
2024-12-01 23:56:12,352 [INFO] IPUIPlugin:80 - create IPUIPlugin
2024-12-01 23:56:12,353 [INFO] PluginManager:220 - loadIPPluginJar : add nvic
2024-12-01 23:56:12,359 [INFO] IPUIPlugin:80 - create IPUIPlugin
2024-12-01 23:56:12,359 [INFO] PluginManager:220 - loadIPPluginJar : add opamp
2024-12-01 23:56:12,373 [INFO] IPUIPlugin:80 - create IPUIPlugin
2024-12-01 23:56:12,374 [INFO] PluginManager:220 - loadIPPluginJar : add openamp
2024-12-01 23:56:12,381 [INFO] IPUIPlugin:80 - create IPUIPlugin
2024-12-01 23:56:12,382 [INFO] PluginManager:220 - loadIPPluginJar : add pdm2pcm
2024-12-01 23:56:12,397 [INFO] IPUIPlugin:80 - create IPUIPlugin
2024-12-01 23:56:12,402 [INFO] PluginManager:220 - loadIPPluginJar : add plateformsettings
2024-12-01 23:56:12,404 [INFO] IPUIPlugin:80 - create IPUIPlugin
2024-12-01 23:56:12,405 [INFO] PluginManager:220 - loadIPPluginJar : add quadspi
2024-12-01 23:56:12,407 [INFO] IPUIPlugin:80 - create IPUIPlugin
2024-12-01 23:56:12,409 [INFO] PluginManager:220 - loadIPPluginJar : add radio
2024-12-01 23:56:12,415 [INFO] IPUIPlugin:80 - create IPUIPlugin
2024-12-01 23:56:12,415 [INFO] PluginManager:220 - loadIPPluginJar : add resmgrutility
2024-12-01 23:56:12,421 [INFO] IPUIPlugin:80 - create IPUIPlugin
2024-12-01 23:56:12,421 [INFO] PluginManager:220 - loadIPPluginJar : add sai
2024-12-01 23:56:12,425 [INFO] IPUIPlugin:80 - create IPUIPlugin
2024-12-01 23:56:12,426 [INFO] PluginManager:220 - loadIPPluginJar : add spi
2024-12-01 23:56:12,435 [INFO] IPUIPlugin:80 - create IPUIPlugin
2024-12-01 23:56:12,436 [INFO] PluginManager:220 - loadIPPluginJar : add stm32_wpan
2024-12-01 23:56:12,442 [INFO] IPUIPlugin:80 - create IPUIPlugin
2024-12-01 23:56:12,442 [INFO] PluginManager:220 - loadIPPluginJar : add tim
2024-12-01 23:56:12,450 [INFO] IPUIPlugin:80 - create IPUIPlugin
2024-12-01 23:56:12,450 [INFO] PluginManager:220 - loadIPPluginJar : add touchsensing
2024-12-01 23:56:12,454 [INFO] IPUIPlugin:80 - create IPUIPlugin
2024-12-01 23:56:12,454 [INFO] PluginManager:220 - loadIPPluginJar : add tracer_emb
2024-12-01 23:56:12,462 [INFO] IPUIPlugin:80 - create IPUIPlugin
2024-12-01 23:56:12,463 [INFO] PluginManager:220 - loadIPPluginJar : add ts
2024-12-01 23:56:12,466 [INFO] IPUIPlugin:80 - create IPUIPlugin
2024-12-01 23:56:12,466 [INFO] PluginManager:220 - loadIPPluginJar : add tsc
2024-12-01 23:56:12,470 [INFO] IPUIPlugin:80 - create IPUIPlugin
2024-12-01 23:56:12,471 [INFO] PluginManager:220 - loadIPPluginJar : add ucpd
2024-12-01 23:56:12,479 [INFO] IPUIPlugin:80 - create IPUIPlugin
2024-12-01 23:56:12,479 [INFO] PluginManager:220 - loadIPPluginJar : add usart
2024-12-01 23:56:12,487 [INFO] IPUIPlugin:80 - create IPUIPlugin
2024-12-01 23:56:12,488 [INFO] PluginManager:220 - loadIPPluginJar : add usbx
2024-12-01 23:56:12,670 [FATAL] Updater:351 - Updater called before beeing initialized
2024-12-01 23:56:12,713 [INFO] RulesReader:64 - Compatibility file has been processed (297 Rules)
2024-12-01 23:56:12,741 [INFO] RulesReader:64 - Compatibility file has been processed (297 Rules)
2024-12-01 23:56:12,756 [INFO] CADModel:165 - CPN selected for project level
2024-12-01 23:56:12,756 [INFO] CADModel:114 - Register for checkConnection events
2024-12-01 23:56:12,756 [FATAL] Updater:351 - Updater called before beeing initialized
2024-12-01 23:56:12,756 [ERROR] CADModel:125 - Updater not yet initialized, retry later 
2024-12-01 23:56:12,993 [FATAL] Updater:351 - Updater called before beeing initialized
2024-12-01 23:56:12,997 [INFO] CADModel:165 - CPN selected for project level
2024-12-01 23:56:12,997 [INFO] CADModel:114 - Register for checkConnection events
2024-12-01 23:56:12,997 [FATAL] Updater:351 - Updater called before beeing initialized
2024-12-01 23:56:12,997 [ERROR] CADModel:125 - Updater not yet initialized, retry later 
2024-12-01 23:56:13,004 [FATAL] Updater:351 - Updater called before beeing initialized
2024-12-01 23:56:13,298 [FATAL] Updater:351 - Updater called before beeing initialized
2024-12-01 23:56:13,330 [INFO] DbMcusAds:53 - JSON generation date=Fri Sep 20 16:04:23 EEST 2024 (1726837463113)
2024-12-01 23:56:13,331 [FATAL] Updater:351 - Updater called before beeing initialized
2024-12-01 23:56:13,394 [WARN] DetailPanel:346 - Failed to get advertising image, set to default
2024-12-01 23:56:13,757 [FATAL] Updater:351 - Updater called before beeing initialized
2024-12-01 23:56:13,760 [FATAL] Updater:351 - Updater called before beeing initialized
2024-12-01 23:56:13,760 [FATAL] Updater:351 - Updater called before beeing initialized
2024-12-01 23:56:13,761 [WARN] DetailPanel:346 - Failed to get advertising image, set to default
2024-12-01 23:56:13,762 [FATAL] Updater:351 - Updater called before beeing initialized
2024-12-01 23:56:13,863 [ERROR] Updater:1198 - MainUpdater not yet initialized. External WinMGr cannot be set.
2024-12-01 23:56:13,866 [INFO] Updater:1134 - Updater Version found : 6.13.0
2024-12-01 23:56:13,891 [INFO] ApplicationProperties:184 - Using Application install path: C:\ST\STM32CubeIDE_1.17.0\STM32CubeIDE\plugins\com.st.stm32cube.common.mx_6.13.0.202411220809
2024-12-01 23:56:13,967 [INFO] MainUpdater:525 - Copy updater definitions from MX database
2024-12-01 23:56:14,172 [INFO] ThirdPartyUpdaterWithRetryManager:70 - Updater plugin not ready yet. [2/15]
2024-12-01 23:56:14,261 [INFO] MainUpdater:2872 - connection check result : 22
2024-12-01 23:56:14,262 [INFO] MainUpdater:289 - Updater Check For Update Now.
2024-12-01 23:56:14,262 [INFO] MicroXplorer:498 - Change Database Version : DB.6.0.130
2024-12-01 23:56:14,273 [INFO] McuFinderGlobals:63 - Set McuFinder mode to 2 (CubeIDE integrated)
2024-12-01 23:56:14,274 [INFO] UserAuth:486 - Internet connection configuration mode: 2
2024-12-01 23:56:14,286 [INFO] UserAuth:486 - Internet connection configuration mode: 2
2024-12-01 23:56:14,609 [INFO] CheckServerUpdateThread:120 - End of CheckServer Thread
2024-12-01 23:56:17,537 [WARN] PackLoader:240 - Cannot read IP mode file for STMicroelectronics.FP-SNS-MOTENVWB1.1.4.0
2024-12-01 23:56:17,557 [WARN] PackLoader:240 - Cannot read IP mode file for STMicroelectronics.FP-ATR-ASTRA1.2.0.1
2024-12-01 23:56:17,586 [WARN] PackLoader:240 - Cannot read IP mode file for STMicroelectronics.X-CUBE-SMBUS.2.1.0
2024-12-01 23:56:17,622 [WARN] PackLoader:240 - Cannot read IP mode file for STMicroelectronics.X-CUBE-WB05N.1.1.0
2024-12-01 23:56:17,733 [WARN] PackLoader:240 - Cannot read IP mode file for STMicroelectronics.X-CUBE-AZRTOS-F7.1.1.0
2024-12-01 23:56:18,041 [WARN] PackLoader:240 - Cannot read IP mode file for STMicroelectronics.X-CUBE-MEMS1.11.0.0
2024-12-01 23:56:18,601 [WARN] PackLoader:240 - Cannot read IP mode file for STMicroelectronics.FP-SNS-FLIGHT1.5.0.2
2024-12-01 23:56:18,647 [WARN] PackLoader:240 - Cannot read IP mode file for STMicroelectronics.X-CUBE-DISPLAY.3.0.0
2024-12-01 23:56:18,717 [WARN] PackLoader:240 - Cannot read IP mode file for STMicroelectronics.X-CUBE-BLE1.7.0.0
2024-12-01 23:56:18,735 [WARN] PackLoader:240 - Cannot read IP mode file for STMicroelectronics.X-CUBE-NFC10.1.0.0
2024-12-01 23:56:18,779 [WARN] PackLoader:240 - Cannot read IP mode file for emotas.I-CUBE-CANOPEN.1.3.0
2024-12-01 23:56:18,864 [WARN] PackLoader:240 - Cannot read IP mode file for STMicroelectronics.X-CUBE-BLEMGR.3.1.0
2024-12-01 23:56:18,952 [WARN] PackLoader:240 - Cannot read IP mode file for STMicroelectronics.FP-SNS-SMARTAG2.1.2.0
2024-12-01 23:56:19,212 [INFO] LogOutputStream:77 - [STDOUT_REDIRECT] 1 : Invalid condition id : UX_CORESTACK_Condition cause : null
2024-12-01 23:56:19,213 [INFO] LogOutputStream:77 - [STDOUT_REDIRECT] 1 : Invalid condition id : UX_CORESTACK_Condition cause : null
2024-12-01 23:56:19,215 [INFO] LogOutputStream:77 - [STDOUT_REDIRECT] 1 : Invalid condition id : UX_CORESTACK_Condition cause : null
2024-12-01 23:56:19,230 [INFO] LogOutputStream:77 - [STDOUT_REDIRECT] 1 : Invalid condition id : UX_CORESTACK_Condition cause : null
2024-12-01 23:56:19,241 [INFO] LogOutputStream:77 - [STDOUT_REDIRECT] 1 : Invalid condition id : UX_CORESTACK_Condition cause : null
2024-12-01 23:56:19,249 [WARN] PackLoader:240 - Cannot read IP mode file for STMicroelectronics.X-CUBE-AZRTOS-WL.2.0.0
2024-12-01 23:56:19,326 [WARN] PackLoader:240 - Cannot read IP mode file for STMicroelectronics.FP-SNS-MOTENV1.5.0.0
2024-12-01 23:56:19,439 [WARN] PackLoader:240 - Cannot read IP mode file for wolfSSL.I-CUBE-wolfMQTT.1.19.0
2024-12-01 23:56:19,458 [WARN] PackLoader:240 - Cannot read IP mode file for WES.I-CUBE-Cesium.1.3.0
2024-12-01 23:56:19,467 [WARN] PackLoader:240 - Cannot read IP mode file for STMicroelectronics.X-CUBE-BLE2.3.3.0
2024-12-01 23:56:19,511 [WARN] PackLoader:240 - Cannot read IP mode file for STMicroelectronics.X-CUBE-NFC9.1.0.0
2024-12-01 23:56:19,541 [WARN] PackLoader:240 - Cannot read IP mode file for STMicroelectronics.X-CUBE-TCPP.4.1.0
2024-12-01 23:56:19,977 [WARN] PackLoader:240 - Cannot read IP mode file for STMicroelectronics.X-CUBE-AZRTOS-G0.1.1.0
2024-12-01 23:56:20,147 [WARN] PackLoader:240 - Cannot read IP mode file for STMicroelectronics.X-CUBE-SAFEA1.1.2.2
2024-12-01 23:56:20,157 [WARN] PackLoader:240 - Cannot read IP mode file for STMicroelectronics.X-CUBE-NFC4.3.0.0
2024-12-01 23:56:20,276 [WARN] PackLoader:240 - Cannot read IP mode file for EmbeddedOffice.I-CUBE-FS-RTOS.1.0.1
2024-12-01 23:56:20,373 [WARN] PackLoader:240 - Cannot read IP mode file for RealThread.X-CUBE-RT-Thread_Nano.4.1.1
2024-12-01 23:56:20,381 [WARN] PackLoader:240 - Cannot read IP mode file for STMicroelectronics.FP-ATR-SIGFOX1.3.2.0
2024-12-01 23:56:20,424 [WARN] ConditionMgr:438 - getConditionDescription Invalid condition id : Cortex-A Device cause : null
2024-12-01 23:56:20,620 [WARN] ConditionMgr:1044 - genDependencies : Invalid condition id : Cortex-A Device cause : null
2024-12-01 23:56:20,621 [WARN] ConditionMgr:1044 - genDependencies : Invalid condition id : Cortex-A Device cause : null
2024-12-01 23:56:20,621 [WARN] ConditionMgr:1044 - genDependencies : Invalid condition id : Cortex-A Device cause : null
2024-12-01 23:56:20,638 [WARN] PackLoader:240 - Cannot read IP mode file for STMicroelectronics.X-CUBE-EEPRMA1.5.1.0
2024-12-01 23:56:20,742 [WARN] PackLoader:240 - Cannot read IP mode file for wolfSSL.I-CUBE-wolfSSL.5.7.4
2024-12-01 23:56:20,752 [WARN] PackLoader:240 - Cannot read IP mode file for ITTIA_DB.I-CUBE-ITTIADB.8.9.0
2024-12-01 23:56:20,804 [WARN] PackLoader:240 - Cannot read IP mode file for SEGGER.I-CUBE-embOS.1.3.1
2024-12-01 23:56:21,513 [WARN] PackLoader:240 - Cannot read IP mode file for STMicroelectronics.X-CUBE-ALGOBUILD.1.4.0
2024-12-01 23:56:21,761 [WARN] PackLoader:240 - Cannot read IP mode file for STMicroelectronics.X-CUBE-AZRTOS-F4.1.1.0
2024-12-01 23:56:21,771 [WARN] PackLoader:240 - Cannot read IP mode file for STMicroelectronics.X-CUBE-ISPU.2.1.0
2024-12-01 23:56:22,152 [WARN] PackLoader:240 - Cannot read IP mode file for STMicroelectronics.X-CUBE-FREERTOS.1.2.0
2024-12-01 23:56:22,289 [WARN] PackLoader:240 - Cannot read IP mode file for STMicroelectronics.X-CUBE-AZRTOS-L5.2.0.0
2024-12-01 23:56:22,304 [WARN] PackLoader:240 - Cannot read IP mode file for STMicroelectronics.X-CUBE-NFC6.3.1.0
2024-12-01 23:56:22,347 [WARN] PackLoader:240 - Cannot read IP mode file for STMicroelectronics.X-CUBE-NFC7.1.0.1
2024-12-01 23:56:22,702 [WARN] ConditionMgr:438 - getConditionDescription Invalid condition id : LAN8742 Phy interface Condition cause : null
2024-12-01 23:56:22,714 [WARN] PackLoader:240 - Cannot read IP mode file for STMicroelectronics.X-CUBE-AZRTOS-L4.2.0.0
2024-12-01 23:56:22,716 [WARN] ConditionMgr:1044 - genDependencies : Invalid condition id : LAN8742 Phy interface Condition cause : null
2024-12-01 23:56:22,717 [WARN] ConditionMgr:1044 - genDependencies : Invalid condition id : LAN8742 Phy interface Condition cause : null
2024-12-01 23:56:22,737 [WARN] ConditionMgr:1044 - genDependencies : Invalid condition id : LAN8742 Phy interface Condition cause : null
2024-12-01 23:56:22,787 [WARN] PackLoader:240 - Cannot read IP mode file for STMicroelectronics.X-CUBE-SFXS2LP1.4.0.0
2024-12-01 23:56:22,876 [WARN] PackLoader:240 - Cannot read IP mode file for STMicroelectronics.X-CUBE-AZRTOS-H7.3.3.0
2024-12-01 23:56:23,212 [WARN] PackLoader:240 - Cannot read IP mode file for STMicroelectronics.X-CUBE-IPS.3.0.0
2024-12-01 23:56:23,499 [WARN] ConditionMgr:438 - getConditionDescription Invalid condition id : UX DEVICE CLASS RTOS Condition cause : null
2024-12-01 23:56:23,499 [WARN] ConditionMgr:438 - getConditionDescription Invalid condition id : UX DEVICE CLASS RTOS Condition cause : null
2024-12-01 23:56:23,628 [WARN] PackLoader:240 - Cannot read IP mode file for STMicroelectronics.X-CUBE-AZRTOS-WB.2.0.0
2024-12-01 23:56:23,629 [WARN] ConditionMgr:1044 - genDependencies : Invalid condition id : UX DEVICE CLASS RTOS Condition cause : null
2024-12-01 23:56:23,630 [WARN] ConditionMgr:1044 - genDependencies : Invalid condition id : UX DEVICE CLASS RTOS Condition cause : null
2024-12-01 23:56:23,631 [WARN] ConditionMgr:1044 - genDependencies : Invalid condition id : UX DEVICE CLASS RTOS Condition cause : null
2024-12-01 23:56:23,631 [WARN] ConditionMgr:1044 - genDependencies : Invalid condition id : UX DEVICE CLASS RTOS Condition cause : null
2024-12-01 23:56:23,632 [WARN] ConditionMgr:1044 - genDependencies : Invalid condition id : UX DEVICE CLASS RTOS Condition cause : null
2024-12-01 23:56:23,643 [WARN] PackLoader:240 - Cannot read IP mode file for STMicroelectronics.X-CUBE-GNSS1.7.0.0
2024-12-01 23:56:23,759 [WARN] PackLoader:240 - Cannot read IP mode file for STMicroelectronics.X-CUBE-SUBG2.5.0.0
2024-12-01 23:56:23,966 [WARN] PackLoader:240 - Cannot read IP mode file for Cesanta.I-CUBE-Mongoose.7.13.0
2024-12-01 23:56:23,987 [WARN] PackLoader:240 - Cannot read IP mode file for STMicroelectronics.X-CUBE-AZRTOS-G4.2.0.0
2024-12-01 23:56:24,149 [WARN] PackLoader:240 - Cannot read IP mode file for STMicroelectronics.X-CUBE-ALS.1.0.2
2024-12-01 23:56:24,266 [WARN] PackLoader:240 - Cannot read IP mode file for STMicroelectronics.X-CUBE-TOUCHGFX.4.24.1
2024-12-01 23:56:24,401 [WARN] PackLoader:240 - Cannot read IP mode file for wolfSSL.I-CUBE-wolfTPM.3.4.0
2024-12-01 23:56:24,499 [WARN] PackLoader:240 - Cannot read IP mode file for portGmbH.I-Cube-SoM-uGOAL.1.1.0
2024-12-01 23:56:24,775 [WARN] PackLoader:240 - Cannot read IP mode file for STMicroelectronics.X-CUBE-AZRTOS-H7RS.1.0.0
2024-12-01 23:56:24,821 [WARN] PackLoader:240 - Cannot read IP mode file for STMicroelectronics.FP-ATR-ASTRA1.2.0.0
2024-12-01 23:56:24,838 [WARN] PackLoader:240 - Cannot read IP mode file for STMicroelectronics.X-CUBE-TOF1.3.4.2
2024-12-01 23:56:25,056 [WARN] PackLoader:240 - Cannot read IP mode file for Infineon.AIROC-Wi-Fi-Bluetooth-STM32.1.6.1
2024-12-01 23:56:25,336 [WARN] PackLoader:240 - Cannot read IP mode file for wolfSSL.I-CUBE-wolfSSH.1.4.17
2024-12-01 23:56:25,337 [INFO] ThirdParty:978 - Integrity check success = true
2024-12-01 23:56:25,338 [INFO] IntegrityCheckThread:100 - exiting critical section [integrity check]
2024-12-01 23:56:25,338 [INFO] IntegrityCheckThread:103 - End integrity checks thread
2024-12-01 23:59:54,539 [ERROR] ConfigurationRetriever:142 - IOException on connection: sw-center.st.com
2024-12-01 23:59:54,540 [ERROR] ConfigurationRetriever:142 - IOException on connection: sw-center.st.com
2024-12-01 23:59:54,541 [ERROR] ConfigurationRetriever:142 - IOException on connection: sw-center.st.com
