2025-01-04 00:05:25,410 [INFO] LogOutputStream:77 - [STDOUT_REDIRECT] 
2025-01-04 00:05:29,617 [INFO] ProjectBuilder:5154 - Time for Generating toolchain IDE Files: 5382mS.
2025-01-04 00:05:29,619 [INFO] ProjectBuilder:3146 - Time for Copy CMSIS : 2mS.
2025-01-04 00:05:29,622 [INFO] ProjectBuilder:3146 - Time for Copy CMSIS : 0mS.
2025-01-04 00:24:41,937 [INFO] WebApp:190 - Connection lost
2025-01-04 00:24:43,330 [INFO] WebApp:187 - Connection restablished
2025-01-04 21:17:22,733 [INFO] Activator:176 - 


2025-01-04 21:17:22,756 [INFO] Activator:177 - !SESSION log4j initialized
2025-01-04 21:17:40,570 [INFO] LogOutputStream:77 - [STDOUT_REDIRECT] 
2025-01-04 21:17:45,370 [INFO] ApplicationProperties:184 - Using Application install path: C:\ST\STM32CubeIDE_1.17.0\STM32CubeIDE\plugins\com.st.stm32cube.common.mx_6.13.0.202411220809
2025-01-04 21:17:45,397 [INFO] DbMcusXml:78 - Set database path to: C:\ST\STM32CubeIDE_1.17.0\STM32CubeIDE\plugins\com.st.stm32cube.common.mx_6.13.0.202411220809\\db\/mcu/
2025-01-04 21:17:45,397 [INFO] ApiDb:274 - Set plugin database path to: C:\ST\STM32CubeIDE_1.17.0\STM32CubeIDE\plugins\com.st.stm32cube.common.mx_6.13.0.202411220809\\db\/plugins/boardmanager/
2025-01-04 21:17:45,397 [WARN] ApiDb:259 - Overriding images path with different value:  => C:\ST\STM32CubeIDE_1.17.0\STM32CubeIDE\plugins\com.st.stm32cube.common.mx_6.13.0.202411220809\\db\/plugins/mcufinder/images/
2025-01-04 21:17:45,419 [INFO] ApiDb:250 - Set database path to: C:\Users\Ziad_Fathy\.stmcufinder\plugins\mcufinder//mcu/
2025-01-04 21:17:45,421 [INFO] DbMcusAds:125 - Set database path to: C:\Users\Ziad_Fathy\.stmcufinder\plugins\mcufinder//mcu/
2025-01-04 21:17:45,425 [INFO] CrossReferenceDbSqlite:203 - Set database path to: C:\Users\Ziad_Fathy\.stmcufinder\plugins\mcufinder//mcu/cs/
2025-01-04 21:17:45,603 [INFO] RulesReader:64 - Compatibility file has been processed (297 Rules)
2025-01-04 21:17:45,739 [INFO] DbMcusXml:78 - Set database path to: C:\ST\STM32CubeIDE_1.17.0\STM32CubeIDE\plugins\com.st.stm32cube.common.mx_6.13.0.202411220809\\db\/mcu/
2025-01-04 21:17:45,739 [INFO] ApiDb:274 - Set plugin database path to: C:\ST\STM32CubeIDE_1.17.0\STM32CubeIDE\plugins\com.st.stm32cube.common.mx_6.13.0.202411220809\\db\/plugins/boardmanager/
2025-01-04 21:17:45,740 [INFO] ApiDb:261 - Set plugin images path to: C:\ST\STM32CubeIDE_1.17.0\STM32CubeIDE\plugins\com.st.stm32cube.common.mx_6.13.0.202411220809\\db\/plugins/mcufinder/images/
2025-01-04 21:17:45,740 [WARN] DbFile:41 - Overriding database path with different value: C:\Users\Ziad_Fathy\.stmcufinder\plugins\mcufinder/ => C:\Users\Ziad_Fathy\.stmcufinder\plugins\mcufinder
2025-01-04 21:17:45,740 [INFO] ApiDb:250 - Set database path to: C:\Users\Ziad_Fathy\.stmcufinder\plugins\mcufinder//mcu/
2025-01-04 21:17:45,741 [WARN] DbFile:41 - Overriding database path with different value: C:\Users\Ziad_Fathy\.stmcufinder\plugins\mcufinder/ => C:\Users\Ziad_Fathy\.stmcufinder\plugins\mcufinder
2025-01-04 21:17:45,741 [INFO] DbMcusAds:125 - Set database path to: C:\Users\Ziad_Fathy\.stmcufinder\plugins\mcufinder//mcu/
2025-01-04 21:17:45,741 [WARN] DbFile:41 - Overriding database path with different value: C:\Users\Ziad_Fathy\.stmcufinder\plugins\mcufinder/ => C:\Users\Ziad_Fathy\.stmcufinder\plugins\mcufinder
2025-01-04 21:17:45,741 [WARN] DbFile:41 - Overriding database path with different value: C:\Users\Ziad_Fathy\.stmcufinder\plugins\mcufinder/ => C:\Users\Ziad_Fathy\.stmcufinder\plugins\mcufinder
2025-01-04 21:17:45,741 [INFO] CrossReferenceDbSqlite:203 - Set database path to: C:\Users\Ziad_Fathy\.stmcufinder\plugins\mcufinder//mcu/cs/
2025-01-04 21:17:45,865 [INFO] MainPanel:272 - HeapMemory: 268435456
2025-01-04 21:17:46,027 [INFO] DbMcusXml:78 - Set database path to: C:\ST\STM32CubeIDE_1.17.0\STM32CubeIDE\plugins\com.st.stm32cube.common.mx_6.13.0.202411220809\\db\/mcu/
2025-01-04 21:17:46,027 [INFO] ApiDb:274 - Set plugin database path to: C:\ST\STM32CubeIDE_1.17.0\STM32CubeIDE\plugins\com.st.stm32cube.common.mx_6.13.0.202411220809\\db\/plugins/boardmanager/
2025-01-04 21:17:46,098 [INFO] ApiDb:261 - Set plugin images path to: C:\ST\STM32CubeIDE_1.17.0\STM32CubeIDE\plugins\com.st.stm32cube.common.mx_6.13.0.202411220809\\db\/plugins/mcufinder/images/
2025-01-04 21:17:46,099 [WARN] DbFile:41 - Overriding database path with different value: C:\Users\Ziad_Fathy\.stmcufinder\plugins\mcufinder/ => C:\Users\Ziad_Fathy\.stmcufinder\plugins\mcufinder
2025-01-04 21:17:46,099 [INFO] ApiDb:250 - Set database path to: C:\Users\Ziad_Fathy\.stmcufinder\plugins\mcufinder//mcu/
2025-01-04 21:17:46,099 [WARN] DbFile:41 - Overriding database path with different value: C:\Users\Ziad_Fathy\.stmcufinder\plugins\mcufinder/ => C:\Users\Ziad_Fathy\.stmcufinder\plugins\mcufinder
2025-01-04 21:17:46,099 [INFO] DbMcusAds:125 - Set database path to: C:\Users\Ziad_Fathy\.stmcufinder\plugins\mcufinder//mcu/
2025-01-04 21:17:46,099 [WARN] DbFile:41 - Overriding database path with different value: C:\Users\Ziad_Fathy\.stmcufinder\plugins\mcufinder/ => C:\Users\Ziad_Fathy\.stmcufinder\plugins\mcufinder
2025-01-04 21:17:46,099 [WARN] DbFile:41 - Overriding database path with different value: C:\Users\Ziad_Fathy\.stmcufinder\plugins\mcufinder/ => C:\Users\Ziad_Fathy\.stmcufinder\plugins\mcufinder
2025-01-04 21:17:46,099 [INFO] CrossReferenceDbSqlite:203 - Set database path to: C:\Users\Ziad_Fathy\.stmcufinder\plugins\mcufinder//mcu/cs/
2025-01-04 21:17:46,130 [INFO] ApplicationProperties:184 - Using Application install path: C:\ST\STM32CubeIDE_1.17.0\STM32CubeIDE\plugins\com.st.stm32cube.common.mx_6.13.0.202411220809
2025-01-04 21:17:46,132 [INFO] PluginManage:196 - Search for loadable plugins [exclusion list=, ]
2025-01-04 21:17:46,134 [INFO] PluginManage:310 - Check plugin analytics
2025-01-04 21:17:46,459 [INFO] AnalyticsPlugin:253 - Accepted Software Licenses: STM32CubeMX.6.12.1
2025-01-04 21:17:46,460 [INFO] AnalyticsPlugin:255 - Accepted CMSIS Pack Licenses: 
2025-01-04 21:17:46,460 [INFO] AnalyticsPlugin:257 - Accepted Firmware Licenses: FW.F4.1.28.0
2025-01-04 21:17:46,464 [INFO] PluginManage:359 - Loaded plugin analytics (category:tool,tabindex:-1)
2025-01-04 21:17:46,465 [INFO] PluginManage:310 - Check plugin cadmodel
2025-01-04 21:17:46,509 [INFO] CADModel:105 - Init CAD model plugin
2025-01-04 21:17:46,509 [INFO] PluginManage:359 - Loaded plugin cadmodel (category:power,tabindex:5)
2025-01-04 21:17:46,509 [INFO] PluginManage:310 - Check plugin clock
2025-01-04 21:17:46,553 [INFO] PluginManage:359 - Loaded plugin clock (category:base,tabindex:2)
2025-01-04 21:17:46,554 [INFO] PluginManage:310 - Check plugin ddr
2025-01-04 21:17:46,560 [INFO] PluginManage:359 - Loaded plugin ddr (category:tool,tabindex:6)
2025-01-04 21:17:46,560 [INFO] PluginManage:310 - Check plugin filemanager
2025-01-04 21:17:46,788 [INFO] PluginManage:359 - Loaded plugin filemanager (category:base,tabindex:10)
2025-01-04 21:17:46,788 [INFO] PluginManage:310 - Check plugin ipmanager
2025-01-04 21:17:46,799 [INFO] PluginManage:359 - Loaded plugin ipmanager (category:base,tabindex:5)
2025-01-04 21:17:46,799 [INFO] PluginManage:310 - Check plugin lpbam
2025-01-04 21:17:46,828 [INFO] PluginManage:359 - Loaded plugin lpbam (category:base,tabindex:0)
2025-01-04 21:17:46,829 [INFO] PluginManage:310 - Check plugin memorymap
2025-01-04 21:17:46,867 [INFO] PluginManage:359 - Loaded plugin memorymap (category:base,tabindex:4)
2025-01-04 21:17:46,867 [INFO] PluginManage:310 - Check plugin pinoutandconfiguration
2025-01-04 21:17:46,897 [INFO] PluginManage:359 - Loaded plugin pinoutandconfiguration (category:base,tabindex:1)
2025-01-04 21:17:46,898 [INFO] PluginManage:310 - Check plugin pinoutconfig
2025-01-04 21:17:47,074 [WARN] SupportedApi:132 - Cannot load RTOS API schema: s4s-elt-must-match.1: The content of 'definitions' must match (annotation?, (simpleType | complexType)?, (unique | key | keyref)*)). A problem was found starting at: attribute.
2025-01-04 21:17:47,279 [INFO] PluginManage:359 - Loaded plugin pinoutconfig (category:base,tabindex:0)
2025-01-04 21:17:47,279 [INFO] PluginManage:310 - Check plugin power
2025-01-04 21:17:47,314 [INFO] PluginManage:359 - Loaded plugin power (category:power,tabindex:4)
2025-01-04 21:17:47,314 [INFO] PluginManage:310 - Check plugin projectmanager
2025-01-04 21:17:47,364 [INFO] PluginManage:359 - Loaded plugin projectmanager (category:projectmanager,tabindex:4)
2025-01-04 21:17:47,365 [INFO] PluginManage:310 - Check plugin rif
2025-01-04 21:17:47,409 [INFO] PluginManage:359 - Loaded plugin rif (category:base,tabindex:3)
2025-01-04 21:17:47,409 [INFO] PluginManage:310 - Check plugin thirdparty
2025-01-04 21:17:48,011 [WARN] IntegrityCheckThread:84 - waiting for thirdparty lock release [integrity check]
2025-01-04 21:17:48,012 [INFO] PluginManage:359 - Loaded plugin thirdparty (category:base,tabindex:-1)
2025-01-04 21:17:48,012 [INFO] IntegrityCheckThread:86 - entering critical section [integrity check]
2025-01-04 21:17:48,012 [INFO] PluginManage:310 - Check plugin tools
2025-01-04 21:17:48,013 [INFO] ThirdPartyUpdaterWithRetryManager:70 - Updater plugin not ready yet. [1/15]
2025-01-04 21:17:48,076 [INFO] PluginManage:359 - Loaded plugin tools (category:base,tabindex:7)
2025-01-04 21:17:48,076 [INFO] PluginManage:310 - Check plugin tutovideos
2025-01-04 21:17:48,368 [INFO] PluginManage:359 - Loaded plugin tutovideos (category:base,tabindex:-1)
2025-01-04 21:17:48,368 [INFO] PluginManage:310 - Check plugin updater
2025-01-04 21:17:48,407 [INFO] PluginManage:359 - Loaded plugin updater (category:base,tabindex:12)
2025-01-04 21:17:48,407 [INFO] PluginManage:310 - Check plugin userauth
2025-01-04 21:17:48,413 [INFO] UserAuth:118 - Init User Auth plugin
2025-01-04 21:17:48,415 [INFO] PluginManage:359 - Loaded plugin userauth (category:base,tabindex:14)
2025-01-04 21:17:48,415 [INFO] PluginManage:283 - PluginManage : Loaded plugins [18]
2025-01-04 21:17:48,851 [INFO] PinOutPanel:1589 - setPackage(No Configuration,No Configuration)
2025-01-04 21:17:49,031 [INFO] CADModel:165 - CPN selected for project level
2025-01-04 21:17:49,031 [INFO] CADModel:114 - Register for checkConnection events
2025-01-04 21:17:49,077 [INFO] IPUIPlugin:80 - create IPUIPlugin
2025-01-04 21:17:49,077 [INFO] PluginManager:220 - loadIPPluginJar : add adc
2025-01-04 21:17:49,144 [INFO] IPUIPlugin:80 - create IPUIPlugin
2025-01-04 21:17:49,144 [INFO] PluginManager:220 - loadIPPluginJar : add aes
2025-01-04 21:17:49,222 [INFO] IPUIPlugin:80 - create IPUIPlugin
2025-01-04 21:17:49,222 [INFO] PluginManager:220 - loadIPPluginJar : add can
2025-01-04 21:17:49,261 [INFO] IPUIPlugin:80 - create IPUIPlugin
2025-01-04 21:17:49,261 [INFO] PluginManager:220 - loadIPPluginJar : add comp
2025-01-04 21:17:49,315 [INFO] IPUIPlugin:80 - create IPUIPlugin
2025-01-04 21:17:49,316 [INFO] PluginManager:220 - loadIPPluginJar : add cryp
2025-01-04 21:17:49,334 [INFO] IPUIPlugin:80 - create IPUIPlugin
2025-01-04 21:17:49,334 [INFO] PluginManager:220 - loadIPPluginJar : add ddr_ctrl_phy
2025-01-04 21:17:49,380 [INFO] IPUIPlugin:80 - create IPUIPlugin
2025-01-04 21:17:49,380 [INFO] PluginManager:220 - loadIPPluginJar : add dfsdm
2025-01-04 21:17:49,400 [INFO] IPUIPlugin:80 - create IPUIPlugin
2025-01-04 21:17:49,400 [INFO] PluginManager:220 - loadIPPluginJar : add dma
2025-01-04 21:17:49,460 [INFO] IPUIPlugin:80 - create IPUIPlugin
2025-01-04 21:17:49,460 [INFO] PluginManager:220 - loadIPPluginJar : add dma3
2025-01-04 21:17:49,535 [INFO] IPUIPlugin:80 - create IPUIPlugin
2025-01-04 21:17:49,535 [INFO] PluginManager:220 - loadIPPluginJar : add extmemmanager
2025-01-04 21:17:49,566 [INFO] IPUIPlugin:80 - create IPUIPlugin
2025-01-04 21:17:49,566 [INFO] PluginManager:220 - loadIPPluginJar : add fatfs
2025-01-04 21:17:49,641 [INFO] IPUIPlugin:80 - create IPUIPlugin
2025-01-04 21:17:49,641 [INFO] PluginManager:220 - loadIPPluginJar : add fmc
2025-01-04 21:17:49,662 [INFO] IPUIPlugin:80 - create IPUIPlugin
2025-01-04 21:17:49,663 [INFO] PluginManager:220 - loadIPPluginJar : add freertos
2025-01-04 21:17:49,693 [INFO] IPUIPlugin:80 - create IPUIPlugin
2025-01-04 21:17:49,693 [INFO] PluginManager:220 - loadIPPluginJar : add genericplugin
2025-01-04 21:17:49,836 [INFO] IPUIPlugin:80 - create IPUIPlugin
2025-01-04 21:17:49,836 [INFO] PluginManager:220 - loadIPPluginJar : add gfxmmu
2025-01-04 21:17:50,055 [INFO] IPUIPlugin:80 - create IPUIPlugin
2025-01-04 21:17:50,056 [INFO] PluginManager:220 - loadIPPluginJar : add gic
2025-01-04 21:17:50,074 [INFO] IPUIPlugin:80 - create IPUIPlugin
2025-01-04 21:17:50,074 [INFO] PluginManager:220 - loadIPPluginJar : add gpio
2025-01-04 21:17:50,215 [INFO] IPUIPlugin:80 - create IPUIPlugin
2025-01-04 21:17:50,215 [INFO] PluginManager:220 - loadIPPluginJar : add gtzc
2025-01-04 21:17:50,268 [INFO] IPUIPlugin:80 - create IPUIPlugin
2025-01-04 21:17:50,269 [INFO] PluginManager:220 - loadIPPluginJar : add hash
2025-01-04 21:17:50,372 [INFO] IPUIPlugin:80 - create IPUIPlugin
2025-01-04 21:17:50,373 [INFO] PluginManager:220 - loadIPPluginJar : add i2c
2025-01-04 21:17:50,444 [INFO] IPUIPlugin:80 - create IPUIPlugin
2025-01-04 21:17:50,445 [INFO] PluginManager:220 - loadIPPluginJar : add i2s
2025-01-04 21:17:50,592 [INFO] IPUIPlugin:80 - create IPUIPlugin
2025-01-04 21:17:50,592 [INFO] PluginManager:220 - loadIPPluginJar : add i3c
2025-01-04 21:17:50,748 [INFO] IPUIPlugin:80 - create IPUIPlugin
2025-01-04 21:17:50,749 [INFO] PluginManager:220 - loadIPPluginJar : add ipddr
2025-01-04 21:17:50,897 [INFO] IPUIPlugin:80 - create IPUIPlugin
2025-01-04 21:17:50,897 [INFO] PluginManager:220 - loadIPPluginJar : add linkedlist
2025-01-04 21:17:50,950 [INFO] IPUIPlugin:80 - create IPUIPlugin
2025-01-04 21:17:50,950 [INFO] PluginManager:220 - loadIPPluginJar : add lorawan
2025-01-04 21:17:51,009 [INFO] IPUIPlugin:80 - create IPUIPlugin
2025-01-04 21:17:51,009 [INFO] PluginManager:220 - loadIPPluginJar : add ltdc
2025-01-04 21:17:51,013 [INFO] ThirdPartyUpdaterWithRetryManager:70 - Updater plugin not ready yet. [2/15]
2025-01-04 21:17:51,033 [INFO] IPUIPlugin:80 - create IPUIPlugin
2025-01-04 21:17:51,034 [INFO] PluginManager:220 - loadIPPluginJar : add mdma
2025-01-04 21:17:51,061 [INFO] IPUIPlugin:80 - create IPUIPlugin
2025-01-04 21:17:51,061 [INFO] PluginManager:220 - loadIPPluginJar : add nvic
2025-01-04 21:17:51,138 [INFO] IPUIPlugin:80 - create IPUIPlugin
2025-01-04 21:17:51,139 [INFO] PluginManager:220 - loadIPPluginJar : add opamp
2025-01-04 21:17:51,252 [INFO] IPUIPlugin:80 - create IPUIPlugin
2025-01-04 21:17:51,252 [INFO] PluginManager:220 - loadIPPluginJar : add openamp
2025-01-04 21:17:51,344 [INFO] IPUIPlugin:80 - create IPUIPlugin
2025-01-04 21:17:51,344 [INFO] PluginManager:220 - loadIPPluginJar : add pdm2pcm
2025-01-04 21:17:51,367 [INFO] IPUIPlugin:80 - create IPUIPlugin
2025-01-04 21:17:51,370 [INFO] PluginManager:220 - loadIPPluginJar : add plateformsettings
2025-01-04 21:17:51,416 [INFO] IPUIPlugin:80 - create IPUIPlugin
2025-01-04 21:17:51,416 [INFO] PluginManager:220 - loadIPPluginJar : add quadspi
2025-01-04 21:17:51,469 [INFO] IPUIPlugin:80 - create IPUIPlugin
2025-01-04 21:17:51,470 [INFO] PluginManager:220 - loadIPPluginJar : add radio
2025-01-04 21:17:51,495 [INFO] IPUIPlugin:80 - create IPUIPlugin
2025-01-04 21:17:51,495 [INFO] PluginManager:220 - loadIPPluginJar : add resmgrutility
2025-01-04 21:17:51,583 [INFO] IPUIPlugin:80 - create IPUIPlugin
2025-01-04 21:17:51,583 [INFO] PluginManager:220 - loadIPPluginJar : add sai
2025-01-04 21:17:51,656 [INFO] IPUIPlugin:80 - create IPUIPlugin
2025-01-04 21:17:51,657 [INFO] PluginManager:220 - loadIPPluginJar : add spi
2025-01-04 21:17:51,781 [INFO] IPUIPlugin:80 - create IPUIPlugin
2025-01-04 21:17:51,781 [INFO] PluginManager:220 - loadIPPluginJar : add stm32_wpan
2025-01-04 21:17:51,831 [INFO] IPUIPlugin:80 - create IPUIPlugin
2025-01-04 21:17:51,831 [INFO] PluginManager:220 - loadIPPluginJar : add tim
2025-01-04 21:17:51,991 [INFO] IPUIPlugin:80 - create IPUIPlugin
2025-01-04 21:17:51,992 [INFO] PluginManager:220 - loadIPPluginJar : add touchsensing
2025-01-04 21:17:52,818 [INFO] IPUIPlugin:80 - create IPUIPlugin
2025-01-04 21:17:52,818 [INFO] PluginManager:220 - loadIPPluginJar : add tracer_emb
2025-01-04 21:17:52,896 [INFO] IPUIPlugin:80 - create IPUIPlugin
2025-01-04 21:17:52,896 [INFO] PluginManager:220 - loadIPPluginJar : add ts
2025-01-04 21:17:52,967 [INFO] IPUIPlugin:80 - create IPUIPlugin
2025-01-04 21:17:52,967 [INFO] PluginManager:220 - loadIPPluginJar : add tsc
2025-01-04 21:17:53,052 [INFO] IPUIPlugin:80 - create IPUIPlugin
2025-01-04 21:17:53,052 [INFO] PluginManager:220 - loadIPPluginJar : add ucpd
2025-01-04 21:17:53,256 [INFO] IPUIPlugin:80 - create IPUIPlugin
2025-01-04 21:17:53,256 [INFO] PluginManager:220 - loadIPPluginJar : add usart
2025-01-04 21:17:53,416 [INFO] IPUIPlugin:80 - create IPUIPlugin
2025-01-04 21:17:53,417 [INFO] PluginManager:220 - loadIPPluginJar : add usbx
2025-01-04 21:17:53,657 [FATAL] Updater:351 - Updater called before beeing initialized
2025-01-04 21:17:53,715 [INFO] RulesReader:64 - Compatibility file has been processed (297 Rules)
2025-01-04 21:17:53,748 [INFO] RulesReader:64 - Compatibility file has been processed (297 Rules)
2025-01-04 21:17:53,768 [INFO] CADModel:165 - CPN selected for project level
2025-01-04 21:17:53,768 [INFO] CADModel:114 - Register for checkConnection events
2025-01-04 21:17:53,769 [FATAL] Updater:351 - Updater called before beeing initialized
2025-01-04 21:17:53,769 [ERROR] CADModel:125 - Updater not yet initialized, retry later 
2025-01-04 21:17:54,016 [INFO] ThirdPartyUpdaterWithRetryManager:70 - Updater plugin not ready yet. [3/15]
2025-01-04 21:17:54,066 [FATAL] Updater:351 - Updater called before beeing initialized
2025-01-04 21:17:54,068 [INFO] CADModel:165 - CPN selected for project level
2025-01-04 21:17:54,068 [INFO] CADModel:114 - Register for checkConnection events
2025-01-04 21:17:54,069 [FATAL] Updater:351 - Updater called before beeing initialized
2025-01-04 21:17:54,069 [ERROR] CADModel:125 - Updater not yet initialized, retry later 
2025-01-04 21:17:54,073 [FATAL] Updater:351 - Updater called before beeing initialized
2025-01-04 21:17:54,342 [FATAL] Updater:351 - Updater called before beeing initialized
2025-01-04 21:17:54,361 [INFO] DbMcusAds:53 - JSON generation date=Tue Dec 17 18:01:15 EET 2024 (1734451275222)
2025-01-04 21:17:54,361 [FATAL] Updater:351 - Updater called before beeing initialized
2025-01-04 21:17:54,455 [WARN] DetailPanel:346 - Failed to get advertising image, set to default
2025-01-04 21:17:54,947 [FATAL] Updater:351 - Updater called before beeing initialized
2025-01-04 21:17:54,951 [FATAL] Updater:351 - Updater called before beeing initialized
2025-01-04 21:17:54,951 [FATAL] Updater:351 - Updater called before beeing initialized
2025-01-04 21:17:54,951 [WARN] DetailPanel:346 - Failed to get advertising image, set to default
2025-01-04 21:17:54,952 [FATAL] Updater:351 - Updater called before beeing initialized
2025-01-04 21:17:55,087 [ERROR] Updater:1198 - MainUpdater not yet initialized. External WinMGr cannot be set.
2025-01-04 21:17:55,102 [INFO] Updater:1134 - Updater Version found : 6.13.0
2025-01-04 21:17:55,131 [INFO] ApplicationProperties:184 - Using Application install path: C:\ST\STM32CubeIDE_1.17.0\STM32CubeIDE\plugins\com.st.stm32cube.common.mx_6.13.0.202411220809
2025-01-04 21:17:56,035 [INFO] MainUpdater:2872 - connection check result : 10
2025-01-04 21:17:56,037 [INFO] MainUpdater:289 - Updater Check For Update Now.
2025-01-04 21:17:56,037 [INFO] MicroXplorer:498 - Change Database Version : DB.6.0.130
2025-01-04 21:17:56,068 [INFO] McuFinderGlobals:63 - Set McuFinder mode to 2 (CubeIDE integrated)
2025-01-04 21:17:56,086 [INFO] UserAuth:486 - Internet connection configuration mode: 1
2025-01-04 21:17:56,233 [INFO] JxBrowserEngine:152 - Initiate JxBrowser Engine with user profile folder
2025-01-04 21:17:56,952 [INFO] CheckServerUpdateThread:120 - End of CheckServer Thread
2025-01-04 21:17:59,083 [WARN] PackLoader:240 - Cannot read IP mode file for STMicroelectronics.FP-SNS-MOTENVWB1.1.4.0
2025-01-04 21:17:59,126 [WARN] PackLoader:240 - Cannot read IP mode file for STMicroelectronics.FP-ATR-ASTRA1.2.0.1
2025-01-04 21:17:59,167 [WARN] PackLoader:240 - Cannot read IP mode file for STMicroelectronics.X-CUBE-SMBUS.2.1.0
2025-01-04 21:17:59,210 [WARN] PackLoader:240 - Cannot read IP mode file for STMicroelectronics.X-CUBE-WB05N.1.1.0
2025-01-04 21:17:59,418 [WARN] PackLoader:240 - Cannot read IP mode file for STMicroelectronics.X-CUBE-AZRTOS-F7.1.1.0
2025-01-04 21:18:00,087 [WARN] PackLoader:240 - Cannot read IP mode file for STMicroelectronics.X-CUBE-MEMS1.11.0.0
2025-01-04 21:18:00,946 [WARN] PackLoader:240 - Cannot read IP mode file for STMicroelectronics.FP-SNS-FLIGHT1.5.0.2
2025-01-04 21:18:01,015 [WARN] PackLoader:240 - Cannot read IP mode file for STMicroelectronics.X-CUBE-DISPLAY.3.0.0
2025-01-04 21:18:01,056 [WARN] PackLoader:240 - Cannot read IP mode file for STMicroelectronics.X-CUBE-BLE1.7.0.0
2025-01-04 21:18:01,098 [WARN] PackLoader:240 - Cannot read IP mode file for STMicroelectronics.X-CUBE-NFC10.1.0.0
2025-01-04 21:18:01,159 [WARN] PackLoader:240 - Cannot read IP mode file for STMicroelectronics.X-CUBE-BLEMGR.4.0.0
2025-01-04 21:18:01,219 [WARN] PackLoader:240 - Cannot read IP mode file for emotas.I-CUBE-CANOPEN.1.3.0
2025-01-04 21:18:01,292 [WARN] PackLoader:240 - Cannot read IP mode file for STMicroelectronics.X-CUBE-BLEMGR.3.1.0
2025-01-04 21:18:01,330 [WARN] PackLoader:240 - Cannot read IP mode file for STMicroelectronics.FP-SNS-SMARTAG2.1.2.0
2025-01-04 21:18:01,684 [WARN] PackLoader:240 - Cannot read IP mode file for STMicroelectronics.X-CUBE-MEMS1.11.1.0
2025-01-04 21:18:02,446 [INFO] LogOutputStream:77 - [STDOUT_REDIRECT] 1 : Invalid condition id : UX_CORESTACK_Condition cause : null
2025-01-04 21:18:02,449 [INFO] LogOutputStream:77 - [STDOUT_REDIRECT] 1 : Invalid condition id : UX_CORESTACK_Condition cause : null
2025-01-04 21:18:02,452 [INFO] LogOutputStream:77 - [STDOUT_REDIRECT] 1 : Invalid condition id : UX_CORESTACK_Condition cause : null
2025-01-04 21:18:02,462 [INFO] LogOutputStream:77 - [STDOUT_REDIRECT] 1 : Invalid condition id : UX_CORESTACK_Condition cause : null
2025-01-04 21:18:02,466 [INFO] LogOutputStream:77 - [STDOUT_REDIRECT] 1 : Invalid condition id : UX_CORESTACK_Condition cause : null
2025-01-04 21:18:02,474 [WARN] PackLoader:240 - Cannot read IP mode file for STMicroelectronics.X-CUBE-AZRTOS-WL.2.0.0
2025-01-04 21:18:02,541 [WARN] PackLoader:240 - Cannot read IP mode file for STMicroelectronics.FP-SNS-MOTENV1.5.0.0
2025-01-04 21:18:02,595 [WARN] PackLoader:240 - Cannot read IP mode file for wolfSSL.I-CUBE-wolfMQTT.1.19.0
2025-01-04 21:18:03,386 [WARN] PackLoader:240 - Cannot read IP mode file for WES.I-CUBE-Cesium.1.3.0
2025-01-04 21:18:04,752 [WARN] PackLoader:240 - Cannot read IP mode file for STMicroelectronics.X-CUBE-BLE2.3.3.0
2025-01-04 21:18:04,850 [WARN] PackLoader:240 - Cannot read IP mode file for STMicroelectronics.X-CUBE-NFC9.1.0.0
2025-01-04 21:18:04,913 [WARN] PackLoader:240 - Cannot read IP mode file for STMicroelectronics.X-CUBE-TCPP.4.1.0
2025-01-04 21:18:05,048 [INFO] WebApp:168 - Instantiating new browser for Auth
2025-01-04 21:18:05,062 [WARN] PackLoader:240 - Cannot read IP mode file for STMicroelectronics.X-CUBE-AZRTOS-G0.1.1.0
2025-01-04 21:18:05,207 [WARN] PackLoader:240 - Cannot read IP mode file for STMicroelectronics.X-CUBE-SAFEA1.1.2.2
2025-01-04 21:18:05,326 [WARN] PackLoader:240 - Cannot read IP mode file for STMicroelectronics.X-CUBE-NFC4.3.0.0
2025-01-04 21:18:05,443 [WARN] PackLoader:240 - Cannot read IP mode file for EmbeddedOffice.I-CUBE-FS-RTOS.1.0.1
2025-01-04 21:18:05,507 [WARN] PackLoader:240 - Cannot read IP mode file for STMicroelectronics.X-CUBE-TCPP.4.2.0
2025-01-04 21:18:05,641 [WARN] PackLoader:240 - Cannot read IP mode file for RealThread.X-CUBE-RT-Thread_Nano.4.1.1
2025-01-04 21:18:05,712 [WARN] PackLoader:240 - Cannot read IP mode file for STMicroelectronics.FP-ATR-SIGFOX1.3.2.0
2025-01-04 21:18:05,775 [WARN] ConditionMgr:438 - getConditionDescription Invalid condition id : Cortex-A Device cause : null
2025-01-04 21:18:05,871 [WARN] ConditionMgr:1044 - genDependencies : Invalid condition id : Cortex-A Device cause : null
2025-01-04 21:18:05,872 [WARN] ConditionMgr:1044 - genDependencies : Invalid condition id : Cortex-A Device cause : null
2025-01-04 21:18:05,872 [WARN] ConditionMgr:1044 - genDependencies : Invalid condition id : Cortex-A Device cause : null
2025-01-04 21:18:05,929 [WARN] PackLoader:240 - Cannot read IP mode file for STMicroelectronics.X-CUBE-EEPRMA1.5.1.0
2025-01-04 21:18:05,976 [WARN] PackLoader:240 - Cannot read IP mode file for wolfSSL.I-CUBE-wolfSSL.5.7.4
2025-01-04 21:18:06,048 [WARN] PackLoader:240 - Cannot read IP mode file for ITTIA_DB.I-CUBE-ITTIADB.8.9.0
2025-01-04 21:18:06,151 [WARN] PackLoader:240 - Cannot read IP mode file for SEGGER.I-CUBE-embOS.1.3.1
2025-01-04 21:18:06,353 [WARN] PackLoader:240 - Cannot read IP mode file for STMicroelectronics.X-CUBE-ALGOBUILD.1.4.0
2025-01-04 21:18:06,445 [WARN] PackLoader:240 - Cannot read IP mode file for STMicroelectronics.X-CUBE-AZRTOS-F4.1.1.0
2025-01-04 21:18:06,503 [WARN] PackLoader:240 - Cannot read IP mode file for STMicroelectronics.X-CUBE-ISPU.2.1.0
2025-01-04 21:18:06,550 [WARN] PackLoader:240 - Cannot read IP mode file for STMicroelectronics.X-CUBE-FREERTOS.1.2.0
2025-01-04 21:18:06,618 [WARN] PackLoader:240 - Cannot read IP mode file for STMicroelectronics.X-CUBE-AZRTOS-L5.2.0.0
2025-01-04 21:18:06,689 [WARN] PackLoader:240 - Cannot read IP mode file for STMicroelectronics.X-CUBE-NFC6.3.1.0
2025-01-04 21:18:06,721 [WARN] PackLoader:240 - Cannot read IP mode file for STMicroelectronics.X-CUBE-FREERTOS.1.3.0
2025-01-04 21:18:06,760 [WARN] PackLoader:240 - Cannot read IP mode file for STMicroelectronics.X-CUBE-NFC7.1.0.1
2025-01-04 21:18:06,849 [WARN] ConditionMgr:438 - getConditionDescription Invalid condition id : LAN8742 Phy interface Condition cause : null
2025-01-04 21:18:06,853 [WARN] PackLoader:240 - Cannot read IP mode file for STMicroelectronics.X-CUBE-AZRTOS-L4.2.0.0
2025-01-04 21:18:06,856 [WARN] ConditionMgr:1044 - genDependencies : Invalid condition id : LAN8742 Phy interface Condition cause : null
2025-01-04 21:18:06,857 [WARN] ConditionMgr:1044 - genDependencies : Invalid condition id : LAN8742 Phy interface Condition cause : null
2025-01-04 21:18:06,859 [WARN] ConditionMgr:1044 - genDependencies : Invalid condition id : LAN8742 Phy interface Condition cause : null
2025-01-04 21:18:06,917 [WARN] PackLoader:240 - Cannot read IP mode file for STMicroelectronics.X-CUBE-SFXS2LP1.4.0.0
2025-01-04 21:18:07,032 [WARN] PackLoader:240 - Cannot read IP mode file for STMicroelectronics.X-CUBE-AZRTOS-H7.3.3.0
2025-01-04 21:18:07,099 [WARN] PackLoader:240 - Cannot read IP mode file for STMicroelectronics.X-CUBE-IPS.3.0.0
2025-01-04 21:18:07,178 [WARN] ConditionMgr:438 - getConditionDescription Invalid condition id : UX DEVICE CLASS RTOS Condition cause : null
2025-01-04 21:18:07,178 [WARN] ConditionMgr:438 - getConditionDescription Invalid condition id : UX DEVICE CLASS RTOS Condition cause : null
2025-01-04 21:18:07,180 [WARN] PackLoader:240 - Cannot read IP mode file for STMicroelectronics.X-CUBE-AZRTOS-WB.2.0.0
2025-01-04 21:18:07,182 [WARN] ConditionMgr:1044 - genDependencies : Invalid condition id : UX DEVICE CLASS RTOS Condition cause : null
2025-01-04 21:18:07,182 [WARN] ConditionMgr:1044 - genDependencies : Invalid condition id : UX DEVICE CLASS RTOS Condition cause : null
2025-01-04 21:18:07,183 [WARN] ConditionMgr:1044 - genDependencies : Invalid condition id : UX DEVICE CLASS RTOS Condition cause : null
2025-01-04 21:18:07,183 [WARN] ConditionMgr:1044 - genDependencies : Invalid condition id : UX DEVICE CLASS RTOS Condition cause : null
2025-01-04 21:18:07,184 [WARN] ConditionMgr:1044 - genDependencies : Invalid condition id : UX DEVICE CLASS RTOS Condition cause : null
2025-01-04 21:18:07,245 [WARN] PackLoader:240 - Cannot read IP mode file for STMicroelectronics.X-CUBE-GNSS1.7.0.0
2025-01-04 21:18:07,287 [WARN] PackLoader:240 - Cannot read IP mode file for STMicroelectronics.X-CUBE-GNSS1.7.0.1
2025-01-04 21:18:07,352 [WARN] PackLoader:240 - Cannot read IP mode file for STMicroelectronics.X-CUBE-SUBG2.5.0.0
2025-01-04 21:18:07,411 [WARN] PackLoader:240 - Cannot read IP mode file for Cesanta.I-CUBE-Mongoose.7.13.0
2025-01-04 21:18:07,500 [WARN] PackLoader:240 - Cannot read IP mode file for STMicroelectronics.X-CUBE-AZRTOS-G4.2.0.0
2025-01-04 21:18:07,559 [WARN] PackLoader:240 - Cannot read IP mode file for STMicroelectronics.X-CUBE-ALS.1.0.2
2025-01-04 21:18:07,635 [WARN] PackLoader:240 - Cannot read IP mode file for STMicroelectronics.X-CUBE-TOUCHGFX.4.24.1
2025-01-04 21:18:08,000 [WARN] PackLoader:240 - Cannot read IP mode file for wolfSSL.I-CUBE-wolfTPM.3.4.0
2025-01-04 21:18:08,053 [WARN] PackLoader:240 - Cannot read IP mode file for portGmbH.I-Cube-SoM-uGOAL.1.1.0
2025-01-04 21:18:08,171 [WARN] PackLoader:240 - Cannot read IP mode file for STMicroelectronics.X-CUBE-AZRTOS-H7RS.1.0.0
2025-01-04 21:18:08,201 [WARN] PackLoader:240 - Cannot read IP mode file for STMicroelectronics.FP-ATR-ASTRA1.2.0.0
2025-01-04 21:18:08,260 [WARN] PackLoader:240 - Cannot read IP mode file for STMicroelectronics.X-CUBE-TOF1.3.4.2
2025-01-04 21:18:08,396 [WARN] PackLoader:240 - Cannot read IP mode file for Infineon.AIROC-Wi-Fi-Bluetooth-STM32.1.6.1
2025-01-04 21:18:08,452 [WARN] PackLoader:240 - Cannot read IP mode file for wolfSSL.I-CUBE-wolfSSH.1.4.17
2025-01-04 21:18:08,455 [INFO] ThirdParty:978 - Integrity check success = true
2025-01-04 21:18:08,456 [INFO] IntegrityCheckThread:100 - exiting critical section [integrity check]
2025-01-04 21:18:08,457 [INFO] IntegrityCheckThread:103 - End integrity checks thread
2025-01-04 21:18:09,337 [INFO] WebApp:449 - Apply proxy settings
2025-01-04 21:18:09,340 [INFO] WebApp:534 - Chromium requires no authentication
2025-01-04 21:18:09,391 [INFO] WebApp:477 - Direct internet connection detected
2025-01-04 21:18:09,569 [INFO] WebApp:880 - Register for checkConnection events
2025-01-04 21:18:09,569 [INFO] WebApp:449 - Apply proxy settings
2025-01-04 21:18:09,569 [INFO] WebApp:534 - Chromium requires no authentication
2025-01-04 21:18:09,584 [INFO] WebApp:477 - Direct internet connection detected
2025-01-04 21:18:10,262 [INFO] WebApp:221 - Starting web application
2025-01-04 21:18:10,263 [INFO] WebApp:579 - Web application path used C:\ST\STM32CubeIDE_1.17.0\STM32CubeIDE\plugins\com.st.stm32cube.common.mx_6.13.0.202411220809\db\plugins\mcufinder\reactClient1\index.html
2025-01-04 21:18:10,339 [INFO] WebApp:187 - Connection restablished
2025-01-04 21:18:10,890 [INFO] UserAuth:486 - Internet connection configuration mode: 1
2025-01-04 22:45:37,207 [ERROR] LogOutputStream:75 - [STDERR_REDIRECT] 
