2024-12-05 22:05:44,374 [INFO] Activator:176 - 


2024-12-05 22:05:44,408 [INFO] Activator:177 - !SESSION log4j initialized
2024-12-05 22:06:03,560 [INFO] LogOutputStream:77 - [STDOUT_REDIRECT] 
2024-12-05 22:06:23,587 [INFO] ApplicationProperties:184 - Using Application install path: C:\ST\STM32CubeIDE_1.17.0\STM32CubeIDE\plugins\com.st.stm32cube.common.mx_6.13.0.202411220809
2024-12-05 22:06:23,622 [INFO] DbMcusXml:78 - Set database path to: C:\ST\STM32CubeIDE_1.17.0\STM32CubeIDE\plugins\com.st.stm32cube.common.mx_6.13.0.202411220809\\db\/mcu/
2024-12-05 22:06:23,623 [INFO] ApiDb:274 - Set plugin database path to: C:\ST\STM32CubeIDE_1.17.0\STM32CubeIDE\plugins\com.st.stm32cube.common.mx_6.13.0.202411220809\\db\/plugins/boardmanager/
2024-12-05 22:06:23,624 [WARN] ApiDb:259 - Overriding images path with different value:  => C:\ST\STM32CubeIDE_1.17.0\STM32CubeIDE\plugins\com.st.stm32cube.common.mx_6.13.0.202411220809\\db\/plugins/mcufinder/images/
2024-12-05 22:06:23,654 [INFO] ApiDb:250 - Set database path to: C:\Users\Ziad_Fathy\.stmcufinder\plugins\mcufinder//mcu/
2024-12-05 22:06:23,657 [INFO] DbMcusAds:125 - Set database path to: C:\Users\Ziad_Fathy\.stmcufinder\plugins\mcufinder//mcu/
2024-12-05 22:06:23,666 [INFO] CrossReferenceDbSqlite:203 - Set database path to: C:\Users\Ziad_Fathy\.stmcufinder\plugins\mcufinder//mcu/cs/
2024-12-05 22:06:23,945 [INFO] RulesReader:64 - Compatibility file has been processed (297 Rules)
2024-12-05 22:06:24,130 [INFO] DbMcusXml:78 - Set database path to: C:\ST\STM32CubeIDE_1.17.0\STM32CubeIDE\plugins\com.st.stm32cube.common.mx_6.13.0.202411220809\\db\/mcu/
2024-12-05 22:06:24,130 [INFO] ApiDb:274 - Set plugin database path to: C:\ST\STM32CubeIDE_1.17.0\STM32CubeIDE\plugins\com.st.stm32cube.common.mx_6.13.0.202411220809\\db\/plugins/boardmanager/
2024-12-05 22:06:24,131 [INFO] ApiDb:261 - Set plugin images path to: C:\ST\STM32CubeIDE_1.17.0\STM32CubeIDE\plugins\com.st.stm32cube.common.mx_6.13.0.202411220809\\db\/plugins/mcufinder/images/
2024-12-05 22:06:24,131 [WARN] DbFile:41 - Overriding database path with different value: C:\Users\Ziad_Fathy\.stmcufinder\plugins\mcufinder/ => C:\Users\Ziad_Fathy\.stmcufinder\plugins\mcufinder
2024-12-05 22:06:24,132 [INFO] ApiDb:250 - Set database path to: C:\Users\Ziad_Fathy\.stmcufinder\plugins\mcufinder//mcu/
2024-12-05 22:06:24,132 [WARN] DbFile:41 - Overriding database path with different value: C:\Users\Ziad_Fathy\.stmcufinder\plugins\mcufinder/ => C:\Users\Ziad_Fathy\.stmcufinder\plugins\mcufinder
2024-12-05 22:06:24,132 [INFO] DbMcusAds:125 - Set database path to: C:\Users\Ziad_Fathy\.stmcufinder\plugins\mcufinder//mcu/
2024-12-05 22:06:24,132 [WARN] DbFile:41 - Overriding database path with different value: C:\Users\Ziad_Fathy\.stmcufinder\plugins\mcufinder/ => C:\Users\Ziad_Fathy\.stmcufinder\plugins\mcufinder
2024-12-05 22:06:24,133 [WARN] DbFile:41 - Overriding database path with different value: C:\Users\Ziad_Fathy\.stmcufinder\plugins\mcufinder/ => C:\Users\Ziad_Fathy\.stmcufinder\plugins\mcufinder
2024-12-05 22:06:24,133 [INFO] CrossReferenceDbSqlite:203 - Set database path to: C:\Users\Ziad_Fathy\.stmcufinder\plugins\mcufinder//mcu/cs/
2024-12-05 22:06:24,331 [INFO] MainPanel:272 - HeapMemory: 268435456
2024-12-05 22:06:24,575 [INFO] DbMcusXml:78 - Set database path to: C:\ST\STM32CubeIDE_1.17.0\STM32CubeIDE\plugins\com.st.stm32cube.common.mx_6.13.0.202411220809\\db\/mcu/
2024-12-05 22:06:24,575 [INFO] ApiDb:274 - Set plugin database path to: C:\ST\STM32CubeIDE_1.17.0\STM32CubeIDE\plugins\com.st.stm32cube.common.mx_6.13.0.202411220809\\db\/plugins/boardmanager/
2024-12-05 22:06:24,576 [INFO] ApiDb:261 - Set plugin images path to: C:\ST\STM32CubeIDE_1.17.0\STM32CubeIDE\plugins\com.st.stm32cube.common.mx_6.13.0.202411220809\\db\/plugins/mcufinder/images/
2024-12-05 22:06:24,577 [WARN] DbFile:41 - Overriding database path with different value: C:\Users\Ziad_Fathy\.stmcufinder\plugins\mcufinder/ => C:\Users\Ziad_Fathy\.stmcufinder\plugins\mcufinder
2024-12-05 22:06:24,577 [INFO] ApiDb:250 - Set database path to: C:\Users\Ziad_Fathy\.stmcufinder\plugins\mcufinder//mcu/
2024-12-05 22:06:24,577 [WARN] DbFile:41 - Overriding database path with different value: C:\Users\Ziad_Fathy\.stmcufinder\plugins\mcufinder/ => C:\Users\Ziad_Fathy\.stmcufinder\plugins\mcufinder
2024-12-05 22:06:24,578 [INFO] DbMcusAds:125 - Set database path to: C:\Users\Ziad_Fathy\.stmcufinder\plugins\mcufinder//mcu/
2024-12-05 22:06:24,578 [WARN] DbFile:41 - Overriding database path with different value: C:\Users\Ziad_Fathy\.stmcufinder\plugins\mcufinder/ => C:\Users\Ziad_Fathy\.stmcufinder\plugins\mcufinder
2024-12-05 22:06:24,578 [WARN] DbFile:41 - Overriding database path with different value: C:\Users\Ziad_Fathy\.stmcufinder\plugins\mcufinder/ => C:\Users\Ziad_Fathy\.stmcufinder\plugins\mcufinder
2024-12-05 22:06:24,578 [INFO] CrossReferenceDbSqlite:203 - Set database path to: C:\Users\Ziad_Fathy\.stmcufinder\plugins\mcufinder//mcu/cs/
2024-12-05 22:06:24,619 [INFO] ApplicationProperties:184 - Using Application install path: C:\ST\STM32CubeIDE_1.17.0\STM32CubeIDE\plugins\com.st.stm32cube.common.mx_6.13.0.202411220809
2024-12-05 22:06:24,622 [INFO] PluginManage:196 - Search for loadable plugins [exclusion list=, ]
2024-12-05 22:06:24,626 [INFO] PluginManage:310 - Check plugin analytics
2024-12-05 22:06:40,603 [INFO] AnalyticsPlugin:253 - Accepted Software Licenses: STM32CubeMX.6.12.1
2024-12-05 22:06:40,603 [INFO] AnalyticsPlugin:255 - Accepted CMSIS Pack Licenses: 
2024-12-05 22:06:40,604 [INFO] AnalyticsPlugin:257 - Accepted Firmware Licenses: FW.F4.1.28.0
2024-12-05 22:06:40,608 [INFO] PluginManage:359 - Loaded plugin analytics (category:tool,tabindex:-1)
2024-12-05 22:06:40,608 [INFO] PluginManage:310 - Check plugin cadmodel
2024-12-05 22:06:40,645 [INFO] CADModel:105 - Init CAD model plugin
2024-12-05 22:06:40,645 [INFO] PluginManage:359 - Loaded plugin cadmodel (category:power,tabindex:5)
2024-12-05 22:06:40,646 [INFO] PluginManage:310 - Check plugin clock
2024-12-05 22:06:40,683 [INFO] PluginManage:359 - Loaded plugin clock (category:base,tabindex:2)
2024-12-05 22:06:40,684 [INFO] PluginManage:310 - Check plugin ddr
2024-12-05 22:06:40,687 [INFO] PluginManage:359 - Loaded plugin ddr (category:tool,tabindex:6)
2024-12-05 22:06:40,687 [INFO] PluginManage:310 - Check plugin filemanager
2024-12-05 22:06:41,172 [INFO] PluginManage:359 - Loaded plugin filemanager (category:base,tabindex:10)
2024-12-05 22:06:41,172 [INFO] PluginManage:310 - Check plugin ipmanager
2024-12-05 22:06:41,187 [INFO] PluginManage:359 - Loaded plugin ipmanager (category:base,tabindex:5)
2024-12-05 22:06:41,187 [INFO] PluginManage:310 - Check plugin lpbam
2024-12-05 22:06:41,219 [INFO] PluginManage:359 - Loaded plugin lpbam (category:base,tabindex:0)
2024-12-05 22:06:41,220 [INFO] PluginManage:310 - Check plugin memorymap
2024-12-05 22:06:41,262 [INFO] PluginManage:359 - Loaded plugin memorymap (category:base,tabindex:4)
2024-12-05 22:06:41,262 [INFO] PluginManage:310 - Check plugin pinoutandconfiguration
2024-12-05 22:06:41,298 [INFO] PluginManage:359 - Loaded plugin pinoutandconfiguration (category:base,tabindex:1)
2024-12-05 22:06:41,298 [INFO] PluginManage:310 - Check plugin pinoutconfig
2024-12-05 22:06:41,490 [WARN] SupportedApi:132 - Cannot load RTOS API schema: s4s-elt-must-match.1: The content of 'definitions' must match (annotation?, (simpleType | complexType)?, (unique | key | keyref)*)). A problem was found starting at: attribute.
2024-12-05 22:06:41,738 [INFO] PluginManage:359 - Loaded plugin pinoutconfig (category:base,tabindex:0)
2024-12-05 22:06:41,738 [INFO] PluginManage:310 - Check plugin power
2024-12-05 22:06:41,778 [INFO] PluginManage:359 - Loaded plugin power (category:power,tabindex:4)
2024-12-05 22:06:41,779 [INFO] PluginManage:310 - Check plugin projectmanager
2024-12-05 22:06:41,805 [INFO] PluginManage:359 - Loaded plugin projectmanager (category:projectmanager,tabindex:4)
2024-12-05 22:06:41,806 [INFO] PluginManage:310 - Check plugin rif
2024-12-05 22:06:41,842 [INFO] PluginManage:359 - Loaded plugin rif (category:base,tabindex:3)
2024-12-05 22:06:41,847 [INFO] PluginManage:310 - Check plugin thirdparty
2024-12-05 22:06:42,481 [WARN] IntegrityCheckThread:84 - waiting for thirdparty lock release [integrity check]
2024-12-05 22:06:42,482 [INFO] IntegrityCheckThread:86 - entering critical section [integrity check]
2024-12-05 22:06:42,482 [INFO] PluginManage:359 - Loaded plugin thirdparty (category:base,tabindex:-1)
2024-12-05 22:06:42,482 [INFO] PluginManage:310 - Check plugin tools
2024-12-05 22:06:42,482 [INFO] ThirdPartyUpdaterWithRetryManager:70 - Updater plugin not ready yet. [1/15]
2024-12-05 22:06:42,572 [INFO] PluginManage:359 - Loaded plugin tools (category:base,tabindex:7)
2024-12-05 22:06:42,572 [INFO] PluginManage:310 - Check plugin tutovideos
2024-12-05 22:06:43,062 [INFO] PluginManage:359 - Loaded plugin tutovideos (category:base,tabindex:-1)
2024-12-05 22:06:43,062 [INFO] PluginManage:310 - Check plugin updater
2024-12-05 22:06:43,119 [INFO] PluginManage:359 - Loaded plugin updater (category:base,tabindex:12)
2024-12-05 22:06:43,119 [INFO] PluginManage:310 - Check plugin userauth
2024-12-05 22:06:43,129 [INFO] UserAuth:118 - Init User Auth plugin
2024-12-05 22:06:43,130 [INFO] PluginManage:359 - Loaded plugin userauth (category:base,tabindex:14)
2024-12-05 22:06:43,131 [INFO] PluginManage:283 - PluginManage : Loaded plugins [18]
2024-12-05 22:06:43,532 [INFO] PinOutPanel:1589 - setPackage(No Configuration,No Configuration)
2024-12-05 22:06:43,707 [INFO] CADModel:165 - CPN selected for project level
2024-12-05 22:06:43,708 [INFO] CADModel:114 - Register for checkConnection events
2024-12-05 22:06:43,770 [INFO] IPUIPlugin:80 - create IPUIPlugin
2024-12-05 22:06:43,770 [INFO] PluginManager:220 - loadIPPluginJar : add adc
2024-12-05 22:06:43,870 [INFO] IPUIPlugin:80 - create IPUIPlugin
2024-12-05 22:06:43,871 [INFO] PluginManager:220 - loadIPPluginJar : add aes
2024-12-05 22:06:43,977 [INFO] IPUIPlugin:80 - create IPUIPlugin
2024-12-05 22:06:43,978 [INFO] PluginManager:220 - loadIPPluginJar : add can
2024-12-05 22:06:44,044 [INFO] IPUIPlugin:80 - create IPUIPlugin
2024-12-05 22:06:44,044 [INFO] PluginManager:220 - loadIPPluginJar : add comp
2024-12-05 22:06:44,137 [INFO] IPUIPlugin:80 - create IPUIPlugin
2024-12-05 22:06:44,137 [INFO] PluginManager:220 - loadIPPluginJar : add cryp
2024-12-05 22:06:44,167 [INFO] IPUIPlugin:80 - create IPUIPlugin
2024-12-05 22:06:44,167 [INFO] PluginManager:220 - loadIPPluginJar : add ddr_ctrl_phy
2024-12-05 22:06:44,230 [INFO] IPUIPlugin:80 - create IPUIPlugin
2024-12-05 22:06:44,230 [INFO] PluginManager:220 - loadIPPluginJar : add dfsdm
2024-12-05 22:06:44,253 [INFO] IPUIPlugin:80 - create IPUIPlugin
2024-12-05 22:06:44,254 [INFO] PluginManager:220 - loadIPPluginJar : add dma
2024-12-05 22:06:44,331 [INFO] IPUIPlugin:80 - create IPUIPlugin
2024-12-05 22:06:44,331 [INFO] PluginManager:220 - loadIPPluginJar : add dma3
2024-12-05 22:06:44,421 [INFO] IPUIPlugin:80 - create IPUIPlugin
2024-12-05 22:06:44,422 [INFO] PluginManager:220 - loadIPPluginJar : add extmemmanager
2024-12-05 22:06:44,460 [INFO] IPUIPlugin:80 - create IPUIPlugin
2024-12-05 22:06:44,461 [INFO] PluginManager:220 - loadIPPluginJar : add fatfs
2024-12-05 22:06:44,565 [INFO] IPUIPlugin:80 - create IPUIPlugin
2024-12-05 22:06:44,565 [INFO] PluginManager:220 - loadIPPluginJar : add fmc
2024-12-05 22:06:44,601 [INFO] IPUIPlugin:80 - create IPUIPlugin
2024-12-05 22:06:44,602 [INFO] PluginManager:220 - loadIPPluginJar : add freertos
2024-12-05 22:06:44,661 [INFO] IPUIPlugin:80 - create IPUIPlugin
2024-12-05 22:06:44,661 [INFO] PluginManager:220 - loadIPPluginJar : add genericplugin
2024-12-05 22:06:44,868 [INFO] IPUIPlugin:80 - create IPUIPlugin
2024-12-05 22:06:44,868 [INFO] PluginManager:220 - loadIPPluginJar : add gfxmmu
2024-12-05 22:06:45,180 [INFO] IPUIPlugin:80 - create IPUIPlugin
2024-12-05 22:06:45,181 [INFO] PluginManager:220 - loadIPPluginJar : add gic
2024-12-05 22:06:45,205 [INFO] IPUIPlugin:80 - create IPUIPlugin
2024-12-05 22:06:45,205 [INFO] PluginManager:220 - loadIPPluginJar : add gpio
2024-12-05 22:06:45,460 [INFO] IPUIPlugin:80 - create IPUIPlugin
2024-12-05 22:06:45,460 [INFO] PluginManager:220 - loadIPPluginJar : add gtzc
2024-12-05 22:06:45,484 [INFO] ThirdPartyUpdaterWithRetryManager:70 - Updater plugin not ready yet. [2/15]
2024-12-05 22:06:45,535 [INFO] IPUIPlugin:80 - create IPUIPlugin
2024-12-05 22:06:45,536 [INFO] PluginManager:220 - loadIPPluginJar : add hash
2024-12-05 22:06:45,647 [INFO] IPUIPlugin:80 - create IPUIPlugin
2024-12-05 22:06:45,647 [INFO] PluginManager:220 - loadIPPluginJar : add i2c
2024-12-05 22:06:45,730 [INFO] IPUIPlugin:80 - create IPUIPlugin
2024-12-05 22:06:45,731 [INFO] PluginManager:220 - loadIPPluginJar : add i2s
2024-12-05 22:06:45,814 [INFO] IPUIPlugin:80 - create IPUIPlugin
2024-12-05 22:06:45,815 [INFO] PluginManager:220 - loadIPPluginJar : add i3c
2024-12-05 22:06:46,081 [INFO] IPUIPlugin:80 - create IPUIPlugin
2024-12-05 22:06:46,082 [INFO] PluginManager:220 - loadIPPluginJar : add ipddr
2024-12-05 22:06:46,357 [INFO] IPUIPlugin:80 - create IPUIPlugin
2024-12-05 22:06:46,357 [INFO] PluginManager:220 - loadIPPluginJar : add linkedlist
2024-12-05 22:06:46,434 [INFO] IPUIPlugin:80 - create IPUIPlugin
2024-12-05 22:06:46,435 [INFO] PluginManager:220 - loadIPPluginJar : add lorawan
2024-12-05 22:06:46,538 [INFO] IPUIPlugin:80 - create IPUIPlugin
2024-12-05 22:06:46,539 [INFO] PluginManager:220 - loadIPPluginJar : add ltdc
2024-12-05 22:06:46,580 [INFO] IPUIPlugin:80 - create IPUIPlugin
2024-12-05 22:06:46,580 [INFO] PluginManager:220 - loadIPPluginJar : add mdma
2024-12-05 22:06:46,615 [INFO] IPUIPlugin:80 - create IPUIPlugin
2024-12-05 22:06:46,615 [INFO] PluginManager:220 - loadIPPluginJar : add nvic
2024-12-05 22:06:46,717 [INFO] IPUIPlugin:80 - create IPUIPlugin
2024-12-05 22:06:46,717 [INFO] PluginManager:220 - loadIPPluginJar : add opamp
2024-12-05 22:06:46,918 [INFO] IPUIPlugin:80 - create IPUIPlugin
2024-12-05 22:06:46,919 [INFO] PluginManager:220 - loadIPPluginJar : add openamp
2024-12-05 22:06:47,051 [INFO] IPUIPlugin:80 - create IPUIPlugin
2024-12-05 22:06:47,051 [INFO] PluginManager:220 - loadIPPluginJar : add pdm2pcm
2024-12-05 22:06:47,101 [INFO] IPUIPlugin:80 - create IPUIPlugin
2024-12-05 22:06:47,105 [INFO] PluginManager:220 - loadIPPluginJar : add plateformsettings
2024-12-05 22:06:47,255 [INFO] IPUIPlugin:80 - create IPUIPlugin
2024-12-05 22:06:47,255 [INFO] PluginManager:220 - loadIPPluginJar : add quadspi
2024-12-05 22:06:47,416 [INFO] IPUIPlugin:80 - create IPUIPlugin
2024-12-05 22:06:47,418 [INFO] PluginManager:220 - loadIPPluginJar : add radio
2024-12-05 22:06:47,577 [INFO] IPUIPlugin:80 - create IPUIPlugin
2024-12-05 22:06:47,577 [INFO] PluginManager:220 - loadIPPluginJar : add resmgrutility
2024-12-05 22:06:47,703 [INFO] IPUIPlugin:80 - create IPUIPlugin
2024-12-05 22:06:47,704 [INFO] PluginManager:220 - loadIPPluginJar : add sai
2024-12-05 22:06:47,918 [INFO] IPUIPlugin:80 - create IPUIPlugin
2024-12-05 22:06:47,918 [INFO] PluginManager:220 - loadIPPluginJar : add spi
2024-12-05 22:06:48,217 [INFO] IPUIPlugin:80 - create IPUIPlugin
2024-12-05 22:06:48,218 [INFO] PluginManager:220 - loadIPPluginJar : add stm32_wpan
2024-12-05 22:06:48,296 [INFO] IPUIPlugin:80 - create IPUIPlugin
2024-12-05 22:06:48,296 [INFO] PluginManager:220 - loadIPPluginJar : add tim
2024-12-05 22:06:48,485 [INFO] IPUIPlugin:80 - create IPUIPlugin
2024-12-05 22:06:48,486 [INFO] PluginManager:220 - loadIPPluginJar : add touchsensing
2024-12-05 22:06:48,486 [INFO] ThirdPartyUpdaterWithRetryManager:70 - Updater plugin not ready yet. [3/15]
2024-12-05 22:06:48,548 [INFO] IPUIPlugin:80 - create IPUIPlugin
2024-12-05 22:06:48,548 [INFO] PluginManager:220 - loadIPPluginJar : add tracer_emb
2024-12-05 22:06:48,671 [INFO] IPUIPlugin:80 - create IPUIPlugin
2024-12-05 22:06:48,671 [INFO] PluginManager:220 - loadIPPluginJar : add ts
2024-12-05 22:06:48,733 [INFO] IPUIPlugin:80 - create IPUIPlugin
2024-12-05 22:06:48,733 [INFO] PluginManager:220 - loadIPPluginJar : add tsc
2024-12-05 22:06:48,797 [INFO] IPUIPlugin:80 - create IPUIPlugin
2024-12-05 22:06:48,797 [INFO] PluginManager:220 - loadIPPluginJar : add ucpd
2024-12-05 22:06:48,919 [INFO] IPUIPlugin:80 - create IPUIPlugin
2024-12-05 22:06:48,919 [INFO] PluginManager:220 - loadIPPluginJar : add usart
2024-12-05 22:06:49,037 [INFO] IPUIPlugin:80 - create IPUIPlugin
2024-12-05 22:06:49,037 [INFO] PluginManager:220 - loadIPPluginJar : add usbx
2024-12-05 22:06:49,230 [FATAL] Updater:351 - Updater called before beeing initialized
2024-12-05 22:06:49,304 [INFO] RulesReader:64 - Compatibility file has been processed (297 Rules)
2024-12-05 22:06:49,332 [INFO] RulesReader:64 - Compatibility file has been processed (297 Rules)
2024-12-05 22:06:49,351 [INFO] CADModel:165 - CPN selected for project level
2024-12-05 22:06:49,351 [INFO] CADModel:114 - Register for checkConnection events
2024-12-05 22:06:49,352 [FATAL] Updater:351 - Updater called before beeing initialized
2024-12-05 22:06:49,352 [ERROR] CADModel:125 - Updater not yet initialized, retry later 
2024-12-05 22:06:49,635 [FATAL] Updater:351 - Updater called before beeing initialized
2024-12-05 22:06:49,639 [INFO] CADModel:165 - CPN selected for project level
2024-12-05 22:06:49,639 [INFO] CADModel:114 - Register for checkConnection events
2024-12-05 22:06:49,639 [FATAL] Updater:351 - Updater called before beeing initialized
2024-12-05 22:06:49,639 [ERROR] CADModel:125 - Updater not yet initialized, retry later 
2024-12-05 22:06:49,645 [FATAL] Updater:351 - Updater called before beeing initialized
2024-12-05 22:06:49,846 [FATAL] Updater:351 - Updater called before beeing initialized
2024-12-05 22:06:49,917 [INFO] DbMcusAds:53 - JSON generation date=Fri Sep 20 16:04:23 EEST 2024 (1726837463113)
2024-12-05 22:06:49,918 [FATAL] Updater:351 - Updater called before beeing initialized
2024-12-05 22:06:49,998 [WARN] DetailPanel:346 - Failed to get advertising image, set to default
2024-12-05 22:06:50,579 [FATAL] Updater:351 - Updater called before beeing initialized
2024-12-05 22:06:50,584 [FATAL] Updater:351 - Updater called before beeing initialized
2024-12-05 22:06:50,584 [FATAL] Updater:351 - Updater called before beeing initialized
2024-12-05 22:06:50,584 [WARN] DetailPanel:346 - Failed to get advertising image, set to default
2024-12-05 22:06:50,586 [FATAL] Updater:351 - Updater called before beeing initialized
2024-12-05 22:06:50,728 [ERROR] Updater:1198 - MainUpdater not yet initialized. External WinMGr cannot be set.
2024-12-05 22:06:50,751 [INFO] Updater:1134 - Updater Version found : 6.13.0
2024-12-05 22:06:50,785 [INFO] ApplicationProperties:184 - Using Application install path: C:\ST\STM32CubeIDE_1.17.0\STM32CubeIDE\plugins\com.st.stm32cube.common.mx_6.13.0.202411220809
2024-12-05 22:06:51,488 [INFO] ThirdPartyUpdaterWithRetryManager:70 - Updater plugin not ready yet. [4/15]
2024-12-05 22:06:53,468 [INFO] MainUpdater:2872 - connection check result : 10
2024-12-05 22:06:53,469 [INFO] MainUpdater:289 - Updater Check For Update Now.
2024-12-05 22:06:53,470 [INFO] MicroXplorer:498 - Change Database Version : DB.6.0.130
2024-12-05 22:06:53,498 [INFO] McuFinderGlobals:63 - Set McuFinder mode to 2 (CubeIDE integrated)
2024-12-05 22:06:53,513 [INFO] UserAuth:486 - Internet connection configuration mode: 1
2024-12-05 22:06:53,568 [INFO] JxBrowserEngine:152 - Initiate JxBrowser Engine with user profile folder
2024-12-05 22:06:53,873 [INFO] CheckServerUpdateThread:120 - End of CheckServer Thread
2024-12-05 22:06:55,847 [WARN] PackLoader:240 - Cannot read IP mode file for STMicroelectronics.FP-SNS-MOTENVWB1.1.4.0
2024-12-05 22:06:55,879 [WARN] PackLoader:240 - Cannot read IP mode file for STMicroelectronics.FP-ATR-ASTRA1.2.0.1
2024-12-05 22:06:55,914 [WARN] PackLoader:240 - Cannot read IP mode file for STMicroelectronics.X-CUBE-SMBUS.2.1.0
2024-12-05 22:06:55,952 [WARN] PackLoader:240 - Cannot read IP mode file for STMicroelectronics.X-CUBE-WB05N.1.1.0
2024-12-05 22:06:56,064 [WARN] PackLoader:240 - Cannot read IP mode file for STMicroelectronics.X-CUBE-AZRTOS-F7.1.1.0
2024-12-05 22:06:56,248 [WARN] PackLoader:240 - Cannot read IP mode file for STMicroelectronics.X-CUBE-MEMS1.11.0.0
2024-12-05 22:06:56,671 [WARN] PackLoader:240 - Cannot read IP mode file for STMicroelectronics.FP-SNS-FLIGHT1.5.0.2
2024-12-05 22:06:56,702 [WARN] PackLoader:240 - Cannot read IP mode file for STMicroelectronics.X-CUBE-DISPLAY.3.0.0
2024-12-05 22:06:56,738 [WARN] PackLoader:240 - Cannot read IP mode file for STMicroelectronics.X-CUBE-BLE1.7.0.0
2024-12-05 22:06:56,771 [WARN] PackLoader:240 - Cannot read IP mode file for STMicroelectronics.X-CUBE-NFC10.1.0.0
2024-12-05 22:06:56,805 [WARN] PackLoader:240 - Cannot read IP mode file for emotas.I-CUBE-CANOPEN.1.3.0
2024-12-05 22:06:56,841 [WARN] PackLoader:240 - Cannot read IP mode file for STMicroelectronics.X-CUBE-BLEMGR.3.1.0
2024-12-05 22:06:56,872 [WARN] PackLoader:240 - Cannot read IP mode file for STMicroelectronics.FP-SNS-SMARTAG2.1.2.0
2024-12-05 22:06:56,920 [INFO] LogOutputStream:77 - [STDOUT_REDIRECT] 1 : Invalid condition id : UX_CORESTACK_Condition cause : null
2024-12-05 22:06:56,921 [INFO] LogOutputStream:77 - [STDOUT_REDIRECT] 1 : Invalid condition id : UX_CORESTACK_Condition cause : null
2024-12-05 22:06:56,950 [INFO] LogOutputStream:77 - [STDOUT_REDIRECT] 1 : Invalid condition id : UX_CORESTACK_Condition cause : null
2024-12-05 22:06:56,952 [INFO] LogOutputStream:77 - [STDOUT_REDIRECT] 1 : Invalid condition id : UX_CORESTACK_Condition cause : null
2024-12-05 22:06:56,954 [INFO] LogOutputStream:77 - [STDOUT_REDIRECT] 1 : Invalid condition id : UX_CORESTACK_Condition cause : null
2024-12-05 22:06:56,959 [WARN] PackLoader:240 - Cannot read IP mode file for STMicroelectronics.X-CUBE-AZRTOS-WL.2.0.0
2024-12-05 22:06:57,701 [WARN] PackLoader:240 - Cannot read IP mode file for STMicroelectronics.FP-SNS-MOTENV1.5.0.0
2024-12-05 22:06:57,798 [WARN] PackLoader:240 - Cannot read IP mode file for wolfSSL.I-CUBE-wolfMQTT.1.19.0
2024-12-05 22:06:58,003 [WARN] PackLoader:240 - Cannot read IP mode file for WES.I-CUBE-Cesium.1.3.0
2024-12-05 22:06:58,097 [WARN] PackLoader:240 - Cannot read IP mode file for STMicroelectronics.X-CUBE-BLE2.3.3.0
2024-12-05 22:06:58,134 [WARN] PackLoader:240 - Cannot read IP mode file for STMicroelectronics.X-CUBE-NFC9.1.0.0
2024-12-05 22:06:58,167 [WARN] PackLoader:240 - Cannot read IP mode file for STMicroelectronics.X-CUBE-TCPP.4.1.0
2024-12-05 22:06:58,312 [WARN] PackLoader:240 - Cannot read IP mode file for STMicroelectronics.X-CUBE-AZRTOS-G0.1.1.0
2024-12-05 22:06:58,351 [WARN] PackLoader:240 - Cannot read IP mode file for STMicroelectronics.X-CUBE-SAFEA1.1.2.2
2024-12-05 22:06:58,420 [WARN] PackLoader:240 - Cannot read IP mode file for STMicroelectronics.X-CUBE-NFC4.3.0.0
2024-12-05 22:06:58,929 [WARN] PackLoader:240 - Cannot read IP mode file for EmbeddedOffice.I-CUBE-FS-RTOS.1.0.1
2024-12-05 22:06:58,974 [WARN] PackLoader:240 - Cannot read IP mode file for RealThread.X-CUBE-RT-Thread_Nano.4.1.1
2024-12-05 22:06:59,064 [WARN] PackLoader:240 - Cannot read IP mode file for STMicroelectronics.FP-ATR-SIGFOX1.3.2.0
2024-12-05 22:06:59,095 [WARN] ConditionMgr:438 - getConditionDescription Invalid condition id : Cortex-A Device cause : null
2024-12-05 22:06:59,181 [WARN] ConditionMgr:1044 - genDependencies : Invalid condition id : Cortex-A Device cause : null
2024-12-05 22:06:59,181 [WARN] ConditionMgr:1044 - genDependencies : Invalid condition id : Cortex-A Device cause : null
2024-12-05 22:06:59,182 [WARN] ConditionMgr:1044 - genDependencies : Invalid condition id : Cortex-A Device cause : null
2024-12-05 22:06:59,238 [WARN] PackLoader:240 - Cannot read IP mode file for STMicroelectronics.X-CUBE-EEPRMA1.5.1.0
2024-12-05 22:06:59,294 [WARN] PackLoader:240 - Cannot read IP mode file for wolfSSL.I-CUBE-wolfSSL.5.7.4
2024-12-05 22:06:59,339 [WARN] PackLoader:240 - Cannot read IP mode file for ITTIA_DB.I-CUBE-ITTIADB.8.9.0
2024-12-05 22:06:59,420 [WARN] PackLoader:240 - Cannot read IP mode file for SEGGER.I-CUBE-embOS.1.3.1
2024-12-05 22:06:59,525 [WARN] PackLoader:240 - Cannot read IP mode file for STMicroelectronics.X-CUBE-ALGOBUILD.1.4.0
2024-12-05 22:06:59,597 [WARN] PackLoader:240 - Cannot read IP mode file for STMicroelectronics.X-CUBE-AZRTOS-F4.1.1.0
2024-12-05 22:06:59,637 [WARN] PackLoader:240 - Cannot read IP mode file for STMicroelectronics.X-CUBE-ISPU.2.1.0
2024-12-05 22:06:59,664 [WARN] PackLoader:240 - Cannot read IP mode file for STMicroelectronics.X-CUBE-FREERTOS.1.2.0
2024-12-05 22:06:59,679 [INFO] WebApp:168 - Instantiating new browser for Auth
2024-12-05 22:06:59,753 [WARN] PackLoader:240 - Cannot read IP mode file for STMicroelectronics.X-CUBE-AZRTOS-L5.2.0.0
2024-12-05 22:06:59,828 [WARN] PackLoader:240 - Cannot read IP mode file for STMicroelectronics.X-CUBE-NFC6.3.1.0
2024-12-05 22:06:59,896 [WARN] PackLoader:240 - Cannot read IP mode file for STMicroelectronics.X-CUBE-NFC7.1.0.1
2024-12-05 22:06:59,963 [WARN] ConditionMgr:438 - getConditionDescription Invalid condition id : LAN8742 Phy interface Condition cause : null
2024-12-05 22:06:59,964 [WARN] PackLoader:240 - Cannot read IP mode file for STMicroelectronics.X-CUBE-AZRTOS-L4.2.0.0
2024-12-05 22:06:59,966 [WARN] ConditionMgr:1044 - genDependencies : Invalid condition id : LAN8742 Phy interface Condition cause : null
2024-12-05 22:06:59,966 [WARN] ConditionMgr:1044 - genDependencies : Invalid condition id : LAN8742 Phy interface Condition cause : null
2024-12-05 22:06:59,967 [WARN] ConditionMgr:1044 - genDependencies : Invalid condition id : LAN8742 Phy interface Condition cause : null
2024-12-05 22:07:00,121 [WARN] PackLoader:240 - Cannot read IP mode file for STMicroelectronics.X-CUBE-SFXS2LP1.4.0.0
2024-12-05 22:07:00,433 [WARN] PackLoader:240 - Cannot read IP mode file for STMicroelectronics.X-CUBE-AZRTOS-H7.3.3.0
2024-12-05 22:07:00,550 [WARN] PackLoader:240 - Cannot read IP mode file for STMicroelectronics.X-CUBE-IPS.3.0.0
2024-12-05 22:07:00,603 [WARN] ConditionMgr:438 - getConditionDescription Invalid condition id : UX DEVICE CLASS RTOS Condition cause : null
2024-12-05 22:07:00,603 [WARN] ConditionMgr:438 - getConditionDescription Invalid condition id : UX DEVICE CLASS RTOS Condition cause : null
2024-12-05 22:07:00,607 [WARN] PackLoader:240 - Cannot read IP mode file for STMicroelectronics.X-CUBE-AZRTOS-WB.2.0.0
2024-12-05 22:07:00,608 [WARN] ConditionMgr:1044 - genDependencies : Invalid condition id : UX DEVICE CLASS RTOS Condition cause : null
2024-12-05 22:07:00,608 [WARN] ConditionMgr:1044 - genDependencies : Invalid condition id : UX DEVICE CLASS RTOS Condition cause : null
2024-12-05 22:07:00,609 [WARN] ConditionMgr:1044 - genDependencies : Invalid condition id : UX DEVICE CLASS RTOS Condition cause : null
2024-12-05 22:07:00,610 [WARN] ConditionMgr:1044 - genDependencies : Invalid condition id : UX DEVICE CLASS RTOS Condition cause : null
2024-12-05 22:07:00,610 [WARN] ConditionMgr:1044 - genDependencies : Invalid condition id : UX DEVICE CLASS RTOS Condition cause : null
2024-12-05 22:07:00,668 [WARN] PackLoader:240 - Cannot read IP mode file for STMicroelectronics.X-CUBE-GNSS1.7.0.0
2024-12-05 22:07:00,712 [WARN] PackLoader:240 - Cannot read IP mode file for STMicroelectronics.X-CUBE-SUBG2.5.0.0
2024-12-05 22:07:00,789 [WARN] PackLoader:240 - Cannot read IP mode file for Cesanta.I-CUBE-Mongoose.7.13.0
2024-12-05 22:07:00,846 [WARN] PackLoader:240 - Cannot read IP mode file for STMicroelectronics.X-CUBE-AZRTOS-G4.2.0.0
2024-12-05 22:07:00,875 [WARN] PackLoader:240 - Cannot read IP mode file for STMicroelectronics.X-CUBE-ALS.1.0.2
2024-12-05 22:07:00,905 [WARN] PackLoader:240 - Cannot read IP mode file for STMicroelectronics.X-CUBE-TOUCHGFX.4.24.1
2024-12-05 22:07:00,941 [WARN] PackLoader:240 - Cannot read IP mode file for wolfSSL.I-CUBE-wolfTPM.3.4.0
2024-12-05 22:07:00,970 [WARN] PackLoader:240 - Cannot read IP mode file for portGmbH.I-Cube-SoM-uGOAL.1.1.0
2024-12-05 22:07:01,021 [WARN] PackLoader:240 - Cannot read IP mode file for STMicroelectronics.X-CUBE-AZRTOS-H7RS.1.0.0
2024-12-05 22:07:01,045 [WARN] PackLoader:240 - Cannot read IP mode file for STMicroelectronics.FP-ATR-ASTRA1.2.0.0
2024-12-05 22:07:01,345 [WARN] PackLoader:240 - Cannot read IP mode file for STMicroelectronics.X-CUBE-TOF1.3.4.2
2024-12-05 22:07:01,531 [WARN] PackLoader:240 - Cannot read IP mode file for Infineon.AIROC-Wi-Fi-Bluetooth-STM32.1.6.1
2024-12-05 22:07:01,879 [WARN] PackLoader:240 - Cannot read IP mode file for wolfSSL.I-CUBE-wolfSSH.1.4.17
2024-12-05 22:07:01,880 [INFO] ThirdParty:978 - Integrity check success = true
2024-12-05 22:07:01,881 [INFO] IntegrityCheckThread:100 - exiting critical section [integrity check]
2024-12-05 22:07:01,881 [INFO] IntegrityCheckThread:103 - End integrity checks thread
2024-12-05 22:07:03,281 [INFO] WebApp:449 - Apply proxy settings
2024-12-05 22:07:03,282 [INFO] WebApp:534 - Chromium requires no authentication
2024-12-05 22:07:03,329 [INFO] WebApp:477 - Direct internet connection detected
2024-12-05 22:07:03,507 [INFO] WebApp:880 - Register for checkConnection events
2024-12-05 22:07:03,507 [INFO] WebApp:449 - Apply proxy settings
2024-12-05 22:07:03,507 [INFO] WebApp:534 - Chromium requires no authentication
2024-12-05 22:07:03,508 [INFO] WebApp:477 - Direct internet connection detected
2024-12-05 22:07:04,672 [INFO] WebApp:187 - Connection restablished
2024-12-05 22:07:04,692 [INFO] WebApp:221 - Starting web application
2024-12-05 22:07:04,693 [INFO] WebApp:579 - Web application path used C:\ST\STM32CubeIDE_1.17.0\STM32CubeIDE\plugins\com.st.stm32cube.common.mx_6.13.0.202411220809\db\plugins\mcufinder\reactClient1\index.html
2024-12-05 22:07:05,180 [INFO] UserAuth:486 - Internet connection configuration mode: 1
2024-12-05 22:28:58,111 [ERROR] ConfigurationRetriever:142 - IOException on connection: Read timed out
2024-12-05 22:33:10,114 [ERROR] LogOutputStream:75 - [STDERR_REDIRECT] 
2024-12-05 23:21:35,103 [INFO] Activator:176 - 


2024-12-05 23:21:35,119 [INFO] Activator:177 - !SESSION log4j initialized
2024-12-05 23:21:52,104 [INFO] LogOutputStream:77 - [STDOUT_REDIRECT] 
2024-12-05 23:22:11,017 [INFO] ApplicationProperties:184 - Using Application install path: C:\ST\STM32CubeIDE_1.17.0\STM32CubeIDE\plugins\com.st.stm32cube.common.mx_6.13.0.202411220809
2024-12-05 23:22:11,114 [INFO] DbMcusXml:78 - Set database path to: C:\ST\STM32CubeIDE_1.17.0\STM32CubeIDE\plugins\com.st.stm32cube.common.mx_6.13.0.202411220809\\db\/mcu/
2024-12-05 23:22:11,114 [INFO] ApiDb:274 - Set plugin database path to: C:\ST\STM32CubeIDE_1.17.0\STM32CubeIDE\plugins\com.st.stm32cube.common.mx_6.13.0.202411220809\\db\/plugins/boardmanager/
2024-12-05 23:22:11,115 [WARN] ApiDb:259 - Overriding images path with different value:  => C:\ST\STM32CubeIDE_1.17.0\STM32CubeIDE\plugins\com.st.stm32cube.common.mx_6.13.0.202411220809\\db\/plugins/mcufinder/images/
2024-12-05 23:22:11,179 [INFO] ApiDb:250 - Set database path to: C:\Users\Ziad_Fathy\.stmcufinder\plugins\mcufinder//mcu/
2024-12-05 23:22:11,183 [INFO] DbMcusAds:125 - Set database path to: C:\Users\Ziad_Fathy\.stmcufinder\plugins\mcufinder//mcu/
2024-12-05 23:22:11,205 [INFO] CrossReferenceDbSqlite:203 - Set database path to: C:\Users\Ziad_Fathy\.stmcufinder\plugins\mcufinder//mcu/cs/
2024-12-05 23:22:11,716 [INFO] RulesReader:64 - Compatibility file has been processed (297 Rules)
2024-12-05 23:22:11,983 [INFO] DbMcusXml:78 - Set database path to: C:\ST\STM32CubeIDE_1.17.0\STM32CubeIDE\plugins\com.st.stm32cube.common.mx_6.13.0.202411220809\\db\/mcu/
2024-12-05 23:22:11,983 [INFO] ApiDb:274 - Set plugin database path to: C:\ST\STM32CubeIDE_1.17.0\STM32CubeIDE\plugins\com.st.stm32cube.common.mx_6.13.0.202411220809\\db\/plugins/boardmanager/
2024-12-05 23:22:11,983 [INFO] ApiDb:261 - Set plugin images path to: C:\ST\STM32CubeIDE_1.17.0\STM32CubeIDE\plugins\com.st.stm32cube.common.mx_6.13.0.202411220809\\db\/plugins/mcufinder/images/
2024-12-05 23:22:11,984 [WARN] DbFile:41 - Overriding database path with different value: C:\Users\Ziad_Fathy\.stmcufinder\plugins\mcufinder/ => C:\Users\Ziad_Fathy\.stmcufinder\plugins\mcufinder
2024-12-05 23:22:11,984 [INFO] ApiDb:250 - Set database path to: C:\Users\Ziad_Fathy\.stmcufinder\plugins\mcufinder//mcu/
2024-12-05 23:22:12,056 [WARN] DbFile:41 - Overriding database path with different value: C:\Users\Ziad_Fathy\.stmcufinder\plugins\mcufinder/ => C:\Users\Ziad_Fathy\.stmcufinder\plugins\mcufinder
2024-12-05 23:22:12,057 [INFO] DbMcusAds:125 - Set database path to: C:\Users\Ziad_Fathy\.stmcufinder\plugins\mcufinder//mcu/
2024-12-05 23:22:12,057 [WARN] DbFile:41 - Overriding database path with different value: C:\Users\Ziad_Fathy\.stmcufinder\plugins\mcufinder/ => C:\Users\Ziad_Fathy\.stmcufinder\plugins\mcufinder
2024-12-05 23:22:12,057 [WARN] DbFile:41 - Overriding database path with different value: C:\Users\Ziad_Fathy\.stmcufinder\plugins\mcufinder/ => C:\Users\Ziad_Fathy\.stmcufinder\plugins\mcufinder
2024-12-05 23:22:12,058 [INFO] CrossReferenceDbSqlite:203 - Set database path to: C:\Users\Ziad_Fathy\.stmcufinder\plugins\mcufinder//mcu/cs/
2024-12-05 23:22:12,380 [INFO] MainPanel:272 - HeapMemory: 268435456
2024-12-05 23:22:13,016 [INFO] DbMcusXml:78 - Set database path to: C:\ST\STM32CubeIDE_1.17.0\STM32CubeIDE\plugins\com.st.stm32cube.common.mx_6.13.0.202411220809\\db\/mcu/
2024-12-05 23:22:13,018 [INFO] ApiDb:274 - Set plugin database path to: C:\ST\STM32CubeIDE_1.17.0\STM32CubeIDE\plugins\com.st.stm32cube.common.mx_6.13.0.202411220809\\db\/plugins/boardmanager/
2024-12-05 23:22:13,018 [INFO] ApiDb:261 - Set plugin images path to: C:\ST\STM32CubeIDE_1.17.0\STM32CubeIDE\plugins\com.st.stm32cube.common.mx_6.13.0.202411220809\\db\/plugins/mcufinder/images/
2024-12-05 23:22:13,019 [WARN] DbFile:41 - Overriding database path with different value: C:\Users\Ziad_Fathy\.stmcufinder\plugins\mcufinder/ => C:\Users\Ziad_Fathy\.stmcufinder\plugins\mcufinder
2024-12-05 23:22:13,020 [INFO] ApiDb:250 - Set database path to: C:\Users\Ziad_Fathy\.stmcufinder\plugins\mcufinder//mcu/
2024-12-05 23:22:13,021 [WARN] DbFile:41 - Overriding database path with different value: C:\Users\Ziad_Fathy\.stmcufinder\plugins\mcufinder/ => C:\Users\Ziad_Fathy\.stmcufinder\plugins\mcufinder
2024-12-05 23:22:13,021 [INFO] DbMcusAds:125 - Set database path to: C:\Users\Ziad_Fathy\.stmcufinder\plugins\mcufinder//mcu/
2024-12-05 23:22:13,021 [WARN] DbFile:41 - Overriding database path with different value: C:\Users\Ziad_Fathy\.stmcufinder\plugins\mcufinder/ => C:\Users\Ziad_Fathy\.stmcufinder\plugins\mcufinder
2024-12-05 23:22:13,021 [WARN] DbFile:41 - Overriding database path with different value: C:\Users\Ziad_Fathy\.stmcufinder\plugins\mcufinder/ => C:\Users\Ziad_Fathy\.stmcufinder\plugins\mcufinder
2024-12-05 23:22:13,021 [INFO] CrossReferenceDbSqlite:203 - Set database path to: C:\Users\Ziad_Fathy\.stmcufinder\plugins\mcufinder//mcu/cs/
2024-12-05 23:22:13,098 [INFO] ApplicationProperties:184 - Using Application install path: C:\ST\STM32CubeIDE_1.17.0\STM32CubeIDE\plugins\com.st.stm32cube.common.mx_6.13.0.202411220809
2024-12-05 23:22:13,100 [INFO] PluginManage:196 - Search for loadable plugins [exclusion list=, ]
2024-12-05 23:22:13,109 [INFO] PluginManage:310 - Check plugin analytics
2024-12-05 23:22:29,327 [INFO] AnalyticsPlugin:253 - Accepted Software Licenses: STM32CubeMX.6.12.1
2024-12-05 23:22:29,328 [INFO] AnalyticsPlugin:255 - Accepted CMSIS Pack Licenses: 
2024-12-05 23:22:29,329 [INFO] AnalyticsPlugin:257 - Accepted Firmware Licenses: FW.F4.1.28.0
2024-12-05 23:22:29,340 [INFO] PluginManage:359 - Loaded plugin analytics (category:tool,tabindex:-1)
2024-12-05 23:22:29,342 [INFO] PluginManage:310 - Check plugin cadmodel
2024-12-05 23:22:29,429 [INFO] CADModel:105 - Init CAD model plugin
2024-12-05 23:22:29,429 [INFO] PluginManage:359 - Loaded plugin cadmodel (category:power,tabindex:5)
2024-12-05 23:22:29,430 [INFO] PluginManage:310 - Check plugin clock
2024-12-05 23:22:29,484 [INFO] PluginManage:359 - Loaded plugin clock (category:base,tabindex:2)
2024-12-05 23:22:29,485 [INFO] PluginManage:310 - Check plugin ddr
2024-12-05 23:22:29,499 [INFO] PluginManage:359 - Loaded plugin ddr (category:tool,tabindex:6)
2024-12-05 23:22:29,499 [INFO] PluginManage:310 - Check plugin filemanager
2024-12-05 23:22:30,150 [INFO] PluginManage:359 - Loaded plugin filemanager (category:base,tabindex:10)
2024-12-05 23:22:30,218 [INFO] PluginManage:310 - Check plugin ipmanager
2024-12-05 23:22:30,241 [INFO] PluginManage:359 - Loaded plugin ipmanager (category:base,tabindex:5)
2024-12-05 23:22:30,242 [INFO] PluginManage:310 - Check plugin lpbam
2024-12-05 23:22:30,301 [INFO] PluginManage:359 - Loaded plugin lpbam (category:base,tabindex:0)
2024-12-05 23:22:30,302 [INFO] PluginManage:310 - Check plugin memorymap
2024-12-05 23:22:30,417 [INFO] PluginManage:359 - Loaded plugin memorymap (category:base,tabindex:4)
2024-12-05 23:22:30,417 [INFO] PluginManage:310 - Check plugin pinoutandconfiguration
2024-12-05 23:22:30,478 [INFO] PluginManage:359 - Loaded plugin pinoutandconfiguration (category:base,tabindex:1)
2024-12-05 23:22:30,479 [INFO] PluginManage:310 - Check plugin pinoutconfig
2024-12-05 23:22:30,929 [WARN] SupportedApi:132 - Cannot load RTOS API schema: s4s-elt-must-match.1: The content of 'definitions' must match (annotation?, (simpleType | complexType)?, (unique | key | keyref)*)). A problem was found starting at: attribute.
2024-12-05 23:22:31,568 [INFO] PluginManage:359 - Loaded plugin pinoutconfig (category:base,tabindex:0)
2024-12-05 23:22:31,569 [INFO] PluginManage:310 - Check plugin power
2024-12-05 23:22:31,679 [INFO] PluginManage:359 - Loaded plugin power (category:power,tabindex:4)
2024-12-05 23:22:31,680 [INFO] PluginManage:310 - Check plugin projectmanager
2024-12-05 23:22:31,748 [INFO] PluginManage:359 - Loaded plugin projectmanager (category:projectmanager,tabindex:4)
2024-12-05 23:22:31,749 [INFO] PluginManage:310 - Check plugin rif
2024-12-05 23:22:31,816 [INFO] PluginManage:359 - Loaded plugin rif (category:base,tabindex:3)
2024-12-05 23:22:31,817 [INFO] PluginManage:310 - Check plugin thirdparty
2024-12-05 23:22:32,876 [INFO] PluginManage:359 - Loaded plugin thirdparty (category:base,tabindex:-1)
2024-12-05 23:22:32,880 [INFO] PluginManage:310 - Check plugin tools
2024-12-05 23:22:32,884 [WARN] IntegrityCheckThread:84 - waiting for thirdparty lock release [integrity check]
2024-12-05 23:22:32,885 [INFO] IntegrityCheckThread:86 - entering critical section [integrity check]
2024-12-05 23:22:32,886 [INFO] ThirdPartyUpdaterWithRetryManager:70 - Updater plugin not ready yet. [1/15]
2024-12-05 23:22:33,030 [INFO] PluginManage:359 - Loaded plugin tools (category:base,tabindex:7)
2024-12-05 23:22:33,030 [INFO] PluginManage:310 - Check plugin tutovideos
2024-12-05 23:22:34,015 [INFO] PluginManage:359 - Loaded plugin tutovideos (category:base,tabindex:-1)
2024-12-05 23:22:34,015 [INFO] PluginManage:310 - Check plugin updater
2024-12-05 23:22:34,507 [INFO] PluginManage:359 - Loaded plugin updater (category:base,tabindex:12)
2024-12-05 23:22:34,508 [INFO] PluginManage:310 - Check plugin userauth
2024-12-05 23:22:34,529 [INFO] UserAuth:118 - Init User Auth plugin
2024-12-05 23:22:34,531 [INFO] PluginManage:359 - Loaded plugin userauth (category:base,tabindex:14)
2024-12-05 23:22:34,532 [INFO] PluginManage:283 - PluginManage : Loaded plugins [18]
2024-12-05 23:22:35,540 [INFO] PinOutPanel:1589 - setPackage(No Configuration,No Configuration)
2024-12-05 23:22:35,890 [INFO] ThirdPartyUpdaterWithRetryManager:70 - Updater plugin not ready yet. [2/15]
2024-12-05 23:22:35,955 [INFO] CADModel:165 - CPN selected for project level
2024-12-05 23:22:35,956 [INFO] CADModel:114 - Register for checkConnection events
2024-12-05 23:22:36,028 [INFO] IPUIPlugin:80 - create IPUIPlugin
2024-12-05 23:22:36,029 [INFO] PluginManager:220 - loadIPPluginJar : add adc
2024-12-05 23:22:36,170 [INFO] IPUIPlugin:80 - create IPUIPlugin
2024-12-05 23:22:36,171 [INFO] PluginManager:220 - loadIPPluginJar : add aes
2024-12-05 23:22:36,348 [INFO] IPUIPlugin:80 - create IPUIPlugin
2024-12-05 23:22:36,348 [INFO] PluginManager:220 - loadIPPluginJar : add can
2024-12-05 23:22:36,460 [INFO] IPUIPlugin:80 - create IPUIPlugin
2024-12-05 23:22:36,461 [INFO] PluginManager:220 - loadIPPluginJar : add comp
2024-12-05 23:22:36,578 [INFO] IPUIPlugin:80 - create IPUIPlugin
2024-12-05 23:22:36,581 [INFO] PluginManager:220 - loadIPPluginJar : add cryp
2024-12-05 23:22:36,645 [INFO] IPUIPlugin:80 - create IPUIPlugin
2024-12-05 23:22:36,648 [INFO] PluginManager:220 - loadIPPluginJar : add ddr_ctrl_phy
2024-12-05 23:22:36,775 [INFO] IPUIPlugin:80 - create IPUIPlugin
2024-12-05 23:22:36,776 [INFO] PluginManager:220 - loadIPPluginJar : add dfsdm
2024-12-05 23:22:36,831 [INFO] IPUIPlugin:80 - create IPUIPlugin
2024-12-05 23:22:36,832 [INFO] PluginManager:220 - loadIPPluginJar : add dma
2024-12-05 23:22:36,987 [INFO] IPUIPlugin:80 - create IPUIPlugin
2024-12-05 23:22:36,988 [INFO] PluginManager:220 - loadIPPluginJar : add dma3
2024-12-05 23:22:37,141 [INFO] IPUIPlugin:80 - create IPUIPlugin
2024-12-05 23:22:37,141 [INFO] PluginManager:220 - loadIPPluginJar : add extmemmanager
2024-12-05 23:22:37,208 [INFO] IPUIPlugin:80 - create IPUIPlugin
2024-12-05 23:22:37,209 [INFO] PluginManager:220 - loadIPPluginJar : add fatfs
2024-12-05 23:22:37,366 [INFO] IPUIPlugin:80 - create IPUIPlugin
2024-12-05 23:22:37,366 [INFO] PluginManager:220 - loadIPPluginJar : add fmc
2024-12-05 23:22:37,412 [INFO] IPUIPlugin:80 - create IPUIPlugin
2024-12-05 23:22:37,413 [INFO] PluginManager:220 - loadIPPluginJar : add freertos
2024-12-05 23:22:37,483 [INFO] IPUIPlugin:80 - create IPUIPlugin
2024-12-05 23:22:37,484 [INFO] PluginManager:220 - loadIPPluginJar : add genericplugin
2024-12-05 23:22:37,789 [INFO] IPUIPlugin:80 - create IPUIPlugin
2024-12-05 23:22:37,790 [INFO] PluginManager:220 - loadIPPluginJar : add gfxmmu
2024-12-05 23:22:38,893 [INFO] ThirdPartyUpdaterWithRetryManager:70 - Updater plugin not ready yet. [3/15]
2024-12-05 23:22:38,950 [INFO] IPUIPlugin:80 - create IPUIPlugin
2024-12-05 23:22:38,951 [INFO] PluginManager:220 - loadIPPluginJar : add gic
2024-12-05 23:22:39,073 [INFO] IPUIPlugin:80 - create IPUIPlugin
2024-12-05 23:22:39,073 [INFO] PluginManager:220 - loadIPPluginJar : add gpio
2024-12-05 23:22:39,548 [INFO] IPUIPlugin:80 - create IPUIPlugin
2024-12-05 23:22:39,548 [INFO] PluginManager:220 - loadIPPluginJar : add gtzc
2024-12-05 23:22:39,784 [INFO] IPUIPlugin:80 - create IPUIPlugin
2024-12-05 23:22:39,785 [INFO] PluginManager:220 - loadIPPluginJar : add hash
2024-12-05 23:22:39,992 [INFO] IPUIPlugin:80 - create IPUIPlugin
2024-12-05 23:22:39,993 [INFO] PluginManager:220 - loadIPPluginJar : add i2c
2024-12-05 23:22:40,107 [INFO] IPUIPlugin:80 - create IPUIPlugin
2024-12-05 23:22:40,107 [INFO] PluginManager:220 - loadIPPluginJar : add i2s
2024-12-05 23:22:40,236 [INFO] IPUIPlugin:80 - create IPUIPlugin
2024-12-05 23:22:40,237 [INFO] PluginManager:220 - loadIPPluginJar : add i3c
2024-12-05 23:22:40,520 [INFO] IPUIPlugin:80 - create IPUIPlugin
2024-12-05 23:22:40,520 [INFO] PluginManager:220 - loadIPPluginJar : add ipddr
2024-12-05 23:22:40,750 [INFO] IPUIPlugin:80 - create IPUIPlugin
2024-12-05 23:22:40,750 [INFO] PluginManager:220 - loadIPPluginJar : add linkedlist
2024-12-05 23:22:40,844 [INFO] IPUIPlugin:80 - create IPUIPlugin
2024-12-05 23:22:40,844 [INFO] PluginManager:220 - loadIPPluginJar : add lorawan
2024-12-05 23:22:40,945 [INFO] IPUIPlugin:80 - create IPUIPlugin
2024-12-05 23:22:40,946 [INFO] PluginManager:220 - loadIPPluginJar : add ltdc
2024-12-05 23:22:40,986 [INFO] IPUIPlugin:80 - create IPUIPlugin
2024-12-05 23:22:40,987 [INFO] PluginManager:220 - loadIPPluginJar : add mdma
2024-12-05 23:22:41,015 [INFO] IPUIPlugin:80 - create IPUIPlugin
2024-12-05 23:22:41,016 [INFO] PluginManager:220 - loadIPPluginJar : add nvic
2024-12-05 23:22:41,102 [INFO] IPUIPlugin:80 - create IPUIPlugin
2024-12-05 23:22:41,103 [INFO] PluginManager:220 - loadIPPluginJar : add opamp
2024-12-05 23:22:41,260 [INFO] IPUIPlugin:80 - create IPUIPlugin
2024-12-05 23:22:41,261 [INFO] PluginManager:220 - loadIPPluginJar : add openamp
2024-12-05 23:22:41,370 [INFO] IPUIPlugin:80 - create IPUIPlugin
2024-12-05 23:22:41,370 [INFO] PluginManager:220 - loadIPPluginJar : add pdm2pcm
2024-12-05 23:22:41,406 [INFO] IPUIPlugin:80 - create IPUIPlugin
2024-12-05 23:22:41,415 [INFO] PluginManager:220 - loadIPPluginJar : add plateformsettings
2024-12-05 23:22:41,480 [INFO] IPUIPlugin:80 - create IPUIPlugin
2024-12-05 23:22:41,481 [INFO] PluginManager:220 - loadIPPluginJar : add quadspi
2024-12-05 23:22:41,568 [INFO] IPUIPlugin:80 - create IPUIPlugin
2024-12-05 23:22:41,569 [INFO] PluginManager:220 - loadIPPluginJar : add radio
2024-12-05 23:22:41,605 [INFO] IPUIPlugin:80 - create IPUIPlugin
2024-12-05 23:22:41,605 [INFO] PluginManager:220 - loadIPPluginJar : add resmgrutility
2024-12-05 23:22:41,714 [INFO] IPUIPlugin:80 - create IPUIPlugin
2024-12-05 23:22:41,714 [INFO] PluginManager:220 - loadIPPluginJar : add sai
2024-12-05 23:22:41,802 [INFO] IPUIPlugin:80 - create IPUIPlugin
2024-12-05 23:22:41,803 [INFO] PluginManager:220 - loadIPPluginJar : add spi
2024-12-05 23:22:41,894 [INFO] ThirdPartyUpdaterWithRetryManager:70 - Updater plugin not ready yet. [4/15]
2024-12-05 23:22:41,978 [INFO] IPUIPlugin:80 - create IPUIPlugin
2024-12-05 23:22:41,978 [INFO] PluginManager:220 - loadIPPluginJar : add stm32_wpan
2024-12-05 23:22:42,046 [INFO] IPUIPlugin:80 - create IPUIPlugin
2024-12-05 23:22:42,047 [INFO] PluginManager:220 - loadIPPluginJar : add tim
2024-12-05 23:22:42,302 [INFO] IPUIPlugin:80 - create IPUIPlugin
2024-12-05 23:22:42,303 [INFO] PluginManager:220 - loadIPPluginJar : add touchsensing
2024-12-05 23:22:42,432 [INFO] IPUIPlugin:80 - create IPUIPlugin
2024-12-05 23:22:42,433 [INFO] PluginManager:220 - loadIPPluginJar : add tracer_emb
2024-12-05 23:22:42,503 [INFO] IPUIPlugin:80 - create IPUIPlugin
2024-12-05 23:22:42,504 [INFO] PluginManager:220 - loadIPPluginJar : add ts
2024-12-05 23:22:42,569 [INFO] IPUIPlugin:80 - create IPUIPlugin
2024-12-05 23:22:42,569 [INFO] PluginManager:220 - loadIPPluginJar : add tsc
2024-12-05 23:22:42,632 [INFO] IPUIPlugin:80 - create IPUIPlugin
2024-12-05 23:22:42,632 [INFO] PluginManager:220 - loadIPPluginJar : add ucpd
2024-12-05 23:22:42,735 [INFO] IPUIPlugin:80 - create IPUIPlugin
2024-12-05 23:22:42,735 [INFO] PluginManager:220 - loadIPPluginJar : add usart
2024-12-05 23:22:42,848 [INFO] IPUIPlugin:80 - create IPUIPlugin
2024-12-05 23:22:42,849 [INFO] PluginManager:220 - loadIPPluginJar : add usbx
2024-12-05 23:22:43,097 [FATAL] Updater:351 - Updater called before beeing initialized
2024-12-05 23:22:43,173 [INFO] RulesReader:64 - Compatibility file has been processed (297 Rules)
2024-12-05 23:22:43,243 [INFO] RulesReader:64 - Compatibility file has been processed (297 Rules)
2024-12-05 23:22:43,297 [INFO] CADModel:165 - CPN selected for project level
2024-12-05 23:22:43,297 [INFO] CADModel:114 - Register for checkConnection events
2024-12-05 23:22:43,297 [FATAL] Updater:351 - Updater called before beeing initialized
2024-12-05 23:22:43,297 [ERROR] CADModel:125 - Updater not yet initialized, retry later 
2024-12-05 23:22:43,770 [FATAL] Updater:351 - Updater called before beeing initialized
2024-12-05 23:22:43,780 [INFO] CADModel:165 - CPN selected for project level
2024-12-05 23:22:43,780 [INFO] CADModel:114 - Register for checkConnection events
2024-12-05 23:22:43,781 [FATAL] Updater:351 - Updater called before beeing initialized
2024-12-05 23:22:43,781 [ERROR] CADModel:125 - Updater not yet initialized, retry later 
2024-12-05 23:22:43,791 [FATAL] Updater:351 - Updater called before beeing initialized
2024-12-05 23:22:44,484 [FATAL] Updater:351 - Updater called before beeing initialized
2024-12-05 23:22:44,528 [INFO] DbMcusAds:53 - JSON generation date=Fri Sep 20 16:04:23 EEST 2024 (1726837463113)
2024-12-05 23:22:44,529 [FATAL] Updater:351 - Updater called before beeing initialized
2024-12-05 23:22:44,681 [WARN] DetailPanel:346 - Failed to get advertising image, set to default
2024-12-05 23:22:44,896 [INFO] ThirdPartyUpdaterWithRetryManager:70 - Updater plugin not ready yet. [5/15]
2024-12-05 23:22:45,466 [FATAL] Updater:351 - Updater called before beeing initialized
2024-12-05 23:22:45,471 [FATAL] Updater:351 - Updater called before beeing initialized
2024-12-05 23:22:45,472 [FATAL] Updater:351 - Updater called before beeing initialized
2024-12-05 23:22:45,472 [WARN] DetailPanel:346 - Failed to get advertising image, set to default
2024-12-05 23:22:45,478 [FATAL] Updater:351 - Updater called before beeing initialized
2024-12-05 23:22:45,716 [ERROR] Updater:1198 - MainUpdater not yet initialized. External WinMGr cannot be set.
2024-12-05 23:22:45,753 [INFO] Updater:1134 - Updater Version found : 6.13.0
2024-12-05 23:22:45,814 [INFO] ApplicationProperties:184 - Using Application install path: C:\ST\STM32CubeIDE_1.17.0\STM32CubeIDE\plugins\com.st.stm32cube.common.mx_6.13.0.202411220809
2024-12-05 23:22:47,898 [FATAL] Updater:351 - Updater called before beeing initialized
2024-12-05 23:22:47,899 [ERROR] IntegrityCheckThread:130 - Cannot retrieve database content from updater: error 21
2024-12-05 23:22:47,900 [INFO] ThirdParty:978 - Integrity check success = false
2024-12-05 23:22:47,900 [INFO] IntegrityCheckThread:100 - exiting critical section [integrity check]
2024-12-05 23:22:47,900 [INFO] IntegrityCheckThread:103 - End integrity checks thread
2024-12-05 23:22:48,456 [INFO] MainUpdater:2872 - connection check result : 10
2024-12-05 23:22:48,458 [INFO] MainUpdater:289 - Updater Check For Update Now.
2024-12-05 23:22:48,460 [INFO] MicroXplorer:498 - Change Database Version : DB.6.0.130
2024-12-05 23:22:48,502 [INFO] McuFinderGlobals:63 - Set McuFinder mode to 2 (CubeIDE integrated)
2024-12-05 23:22:48,524 [INFO] UserAuth:486 - Internet connection configuration mode: 1
2024-12-05 23:22:48,600 [INFO] JxBrowserEngine:152 - Initiate JxBrowser Engine with user profile folder
2024-12-05 23:22:49,049 [INFO] CheckServerUpdateThread:120 - End of CheckServer Thread
2024-12-05 23:22:52,442 [INFO] WebApp:168 - Instantiating new browser for Auth
2024-12-05 23:22:58,747 [INFO] WebApp:449 - Apply proxy settings
2024-12-05 23:22:58,748 [INFO] WebApp:534 - Chromium requires no authentication
2024-12-05 23:22:59,723 [INFO] WebApp:477 - Direct internet connection detected
2024-12-05 23:22:59,813 [INFO] WebApp:880 - Register for checkConnection events
2024-12-05 23:22:59,814 [INFO] WebApp:449 - Apply proxy settings
2024-12-05 23:22:59,814 [INFO] WebApp:534 - Chromium requires no authentication
2024-12-05 23:22:59,817 [INFO] WebApp:477 - Direct internet connection detected
2024-12-05 23:23:00,211 [INFO] WebApp:221 - Starting web application
2024-12-05 23:23:00,211 [INFO] WebApp:579 - Web application path used C:\ST\STM32CubeIDE_1.17.0\STM32CubeIDE\plugins\com.st.stm32cube.common.mx_6.13.0.202411220809\db\plugins\mcufinder\reactClient1\index.html
2024-12-05 23:23:01,609 [INFO] WebApp:187 - Connection restablished
2024-12-05 23:23:02,391 [INFO] UserAuth:486 - Internet connection configuration mode: 1
